[2021-02-18 22:35:48,715] {taskinstance.py:826} INFO - Dependencies all met for <TaskInstance: tweets_by_user.get_tweets_by_user_list 2021-02-18T22:25:00+00:00 [queued]>
[2021-02-18 22:35:48,721] {taskinstance.py:826} INFO - Dependencies all met for <TaskInstance: tweets_by_user.get_tweets_by_user_list 2021-02-18T22:25:00+00:00 [queued]>
[2021-02-18 22:35:48,721] {taskinstance.py:1017} INFO - 
--------------------------------------------------------------------------------
[2021-02-18 22:35:48,721] {taskinstance.py:1018} INFO - Starting attempt 1 of 2
[2021-02-18 22:35:48,721] {taskinstance.py:1019} INFO - 
--------------------------------------------------------------------------------
[2021-02-18 22:35:48,731] {taskinstance.py:1038} INFO - Executing <Task(PythonOperator): get_tweets_by_user_list> on 2021-02-18T22:25:00+00:00
[2021-02-18 22:35:48,733] {standard_task_runner.py:51} INFO - Started process 17658 to run task
[2021-02-18 22:35:48,739] {standard_task_runner.py:75} INFO - Running: ['airflow', 'tasks', 'run', 'tweets_by_user', 'get_tweets_by_user_list', '2021-02-18T22:25:00+00:00', '--job-id', '1090', '--pool', 'default_pool', '--raw', '--subdir', 'DAGS_FOLDER/tweets_by_user.py', '--cfg-path', '/tmp/tmpje_j4dyy']
[2021-02-18 22:35:48,741] {standard_task_runner.py:76} INFO - Job 1090: Subtask get_tweets_by_user_list
[2021-02-18 22:35:48,770] {logging_mixin.py:103} INFO - Running <TaskInstance: tweets_by_user.get_tweets_by_user_list 2021-02-18T22:25:00+00:00 [running]> on host ip-172-31-3-59.ec2.internal
[2021-02-18 22:35:48,791] {taskinstance.py:1232} INFO - Exporting the following env vars:
AIRFLOW_CTX_DAG_EMAIL=airflow@example.com
AIRFLOW_CTX_DAG_OWNER=airflow
AIRFLOW_CTX_DAG_ID=tweets_by_user
AIRFLOW_CTX_TASK_ID=get_tweets_by_user_list
AIRFLOW_CTX_EXECUTION_DATE=2021-02-18T22:25:00+00:00
AIRFLOW_CTX_DAG_RUN_ID=scheduled__2021-02-18T22:25:00+00:00
[2021-02-18 22:35:48,792] {logging_mixin.py:103} INFO - Autenticação no twitter
[2021-02-18 22:35:48,807] {logging_mixin.py:103} INFO - Autenticação no banco de dados twitter_data
[2021-02-18 22:35:48,942] {logging_mixin.py:103} INFO - Autenticação no banco de dados twitter_data
[2021-02-18 22:35:49,474] {logging_mixin.py:103} INFO - 200
[2021-02-18 22:35:49,483] {logging_mixin.py:103} INFO - Autenticação no banco de dados twitter_data
[2021-02-18 22:35:49,627] {logging_mixin.py:103} INFO - Autenticação no banco de dados twitter_data
[2021-02-18 22:35:50,161] {logging_mixin.py:103} INFO - 400
[2021-02-18 22:35:50,176] {logging_mixin.py:103} INFO - Autenticação no banco de dados twitter_data
[2021-02-18 22:35:50,323] {logging_mixin.py:103} INFO - Autenticação no banco de dados twitter_data
[2021-02-18 22:35:50,820] {logging_mixin.py:103} INFO - 600
[2021-02-18 22:35:50,824] {logging_mixin.py:103} INFO - 0:00:02.032034
[2021-02-18 22:35:50,824] {logging_mixin.py:103} INFO - 600
[2021-02-18 22:35:52,772] {logging_mixin.py:103} INFO - 0:00:01.948001
[2021-02-18 22:35:52,812] {logging_mixin.py:103} INFO - Autenticação no banco de dados twitter_data
[2021-02-18 22:35:52,834] {logging_mixin.py:103} INFO - 0:00:00.061544
[2021-02-18 22:35:52,834] {logging_mixin.py:103} INFO - 600 devidamente inseridas no banco
[2021-02-18 22:35:52,836] {python.py:118} INFO - Done. Returned value was: None
[2021-02-18 22:35:52,839] {taskinstance.py:1142} INFO - Marking task as SUCCESS. dag_id=tweets_by_user, task_id=get_tweets_by_user_list, execution_date=20210218T222500, start_date=20210218T223548, end_date=20210218T223552
[2021-02-18 22:35:52,859] {taskinstance.py:1195} INFO - 1 downstream tasks scheduled from follow-on schedule check
[2021-02-18 22:35:52,884] {local_task_job.py:118} INFO - Task exited with return code 0
