[2021-02-18 22:54:05,188] {taskinstance.py:826} INFO - Dependencies all met for <TaskInstance: tweets_by_user.get_tweets_by_user_list 2021-02-18T22:53:00+00:00 [queued]>
[2021-02-18 22:54:05,194] {taskinstance.py:826} INFO - Dependencies all met for <TaskInstance: tweets_by_user.get_tweets_by_user_list 2021-02-18T22:53:00+00:00 [queued]>
[2021-02-18 22:54:05,194] {taskinstance.py:1017} INFO - 
--------------------------------------------------------------------------------
[2021-02-18 22:54:05,194] {taskinstance.py:1018} INFO - Starting attempt 1 of 2
[2021-02-18 22:54:05,194] {taskinstance.py:1019} INFO - 
--------------------------------------------------------------------------------
[2021-02-18 22:54:05,203] {taskinstance.py:1038} INFO - Executing <Task(PythonOperator): get_tweets_by_user_list> on 2021-02-18T22:53:00+00:00
[2021-02-18 22:54:05,205] {standard_task_runner.py:51} INFO - Started process 20047 to run task
[2021-02-18 22:54:05,211] {standard_task_runner.py:75} INFO - Running: ['airflow', 'tasks', 'run', 'tweets_by_user', 'get_tweets_by_user_list', '2021-02-18T22:53:00+00:00', '--job-id', '1174', '--pool', 'default_pool', '--raw', '--subdir', 'DAGS_FOLDER/tweets_by_user.py', '--cfg-path', '/tmp/tmpktgwp9yl']
[2021-02-18 22:54:05,213] {standard_task_runner.py:76} INFO - Job 1174: Subtask get_tweets_by_user_list
[2021-02-18 22:54:05,241] {logging_mixin.py:103} INFO - Running <TaskInstance: tweets_by_user.get_tweets_by_user_list 2021-02-18T22:53:00+00:00 [running]> on host ip-172-31-3-59.ec2.internal
[2021-02-18 22:54:05,267] {taskinstance.py:1232} INFO - Exporting the following env vars:
AIRFLOW_CTX_DAG_EMAIL=airflow@example.com
AIRFLOW_CTX_DAG_OWNER=airflow
AIRFLOW_CTX_DAG_ID=tweets_by_user
AIRFLOW_CTX_TASK_ID=get_tweets_by_user_list
AIRFLOW_CTX_EXECUTION_DATE=2021-02-18T22:53:00+00:00
AIRFLOW_CTX_DAG_RUN_ID=scheduled__2021-02-18T22:53:00+00:00
[2021-02-18 22:54:05,268] {logging_mixin.py:103} INFO - Autenticação no twitter
[2021-02-18 22:54:05,283] {logging_mixin.py:103} INFO - Autenticação no banco de dados twitter_data
[2021-02-18 22:54:05,426] {logging_mixin.py:103} INFO - Autenticação no banco de dados twitter_data
[2021-02-18 22:54:05,941] {logging_mixin.py:103} INFO - 200
[2021-02-18 22:54:05,956] {logging_mixin.py:103} INFO - Autenticação no banco de dados twitter_data
[2021-02-18 22:54:06,125] {logging_mixin.py:103} INFO - Autenticação no banco de dados twitter_data
[2021-02-18 22:54:06,650] {logging_mixin.py:103} INFO - 400
[2021-02-18 22:54:06,659] {logging_mixin.py:103} INFO - Autenticação no banco de dados twitter_data
[2021-02-18 22:54:06,819] {logging_mixin.py:103} INFO - Autenticação no banco de dados twitter_data
[2021-02-18 22:54:07,335] {logging_mixin.py:103} INFO - 600
[2021-02-18 22:54:07,338] {logging_mixin.py:103} INFO - 0:00:02.070798
[2021-02-18 22:54:07,338] {logging_mixin.py:103} INFO - 600
[2021-02-18 22:54:09,261] {logging_mixin.py:103} INFO - 0:00:01.922200
[2021-02-18 22:54:09,287] {logging_mixin.py:103} INFO - Autenticação no banco de dados twitter_data
[2021-02-18 22:54:09,309] {logging_mixin.py:103} INFO - 0:00:00.047741
[2021-02-18 22:54:09,309] {logging_mixin.py:103} INFO - 600 devidamente inseridas no banco
[2021-02-18 22:54:09,311] {python.py:118} INFO - Done. Returned value was: None
[2021-02-18 22:54:09,314] {taskinstance.py:1142} INFO - Marking task as SUCCESS. dag_id=tweets_by_user, task_id=get_tweets_by_user_list, execution_date=20210218T225300, start_date=20210218T225405, end_date=20210218T225409
[2021-02-18 22:54:09,335] {taskinstance.py:1195} INFO - 1 downstream tasks scheduled from follow-on schedule check
[2021-02-18 22:54:09,356] {local_task_job.py:118} INFO - Task exited with return code 0
