[2021-02-03 03:56:49,283] {scheduler_job.py:181} INFO - Started process (PID=2188) to work on /home/ubuntu/environment/general-airflow/venv/lib/python3.6/site-packages/airflow/example_dags/example_trigger_controller_dag.py
[2021-02-03 03:56:49,286] {scheduler_job.py:629} INFO - Processing file /home/ubuntu/environment/general-airflow/venv/lib/python3.6/site-packages/airflow/example_dags/example_trigger_controller_dag.py for tasks to queue
[2021-02-03 03:56:49,289] {logging_mixin.py:103} INFO - [2021-02-03 03:56:49,289] {dagbag.py:440} INFO - Filling up the DagBag from /home/ubuntu/environment/general-airflow/venv/lib/python3.6/site-packages/airflow/example_dags/example_trigger_controller_dag.py
[2021-02-03 03:56:49,301] {scheduler_job.py:639} INFO - DAG(s) dict_keys(['example_trigger_controller_dag']) retrieved from /home/ubuntu/environment/general-airflow/venv/lib/python3.6/site-packages/airflow/example_dags/example_trigger_controller_dag.py
[2021-02-03 03:56:49,303] {logging_mixin.py:103} INFO - [2021-02-03 03:56:49,303] {dag.py:1813} INFO - Sync 1 DAGs
[2021-02-03 03:56:49,322] {logging_mixin.py:103} INFO - [2021-02-03 03:56:49,322] {dag.py:2266} INFO - Setting next_dagrun for example_trigger_controller_dag to 2021-02-01 00:00:00+00:00
[2021-02-03 03:56:49,363] {scheduler_job.py:189} INFO - Processing /home/ubuntu/environment/general-airflow/venv/lib/python3.6/site-packages/airflow/example_dags/example_trigger_controller_dag.py took 0.083 seconds
[2021-02-03 03:57:17,898] {scheduler_job.py:181} INFO - Started process (PID=2282) to work on /home/ubuntu/environment/general-airflow/venv/lib/python3.6/site-packages/airflow/example_dags/example_trigger_controller_dag.py
[2021-02-03 03:57:17,901] {scheduler_job.py:629} INFO - Processing file /home/ubuntu/environment/general-airflow/venv/lib/python3.6/site-packages/airflow/example_dags/example_trigger_controller_dag.py for tasks to queue
[2021-02-03 03:57:17,902] {logging_mixin.py:103} INFO - [2021-02-03 03:57:17,902] {dagbag.py:440} INFO - Filling up the DagBag from /home/ubuntu/environment/general-airflow/venv/lib/python3.6/site-packages/airflow/example_dags/example_trigger_controller_dag.py
[2021-02-03 03:57:17,920] {scheduler_job.py:639} INFO - DAG(s) dict_keys(['example_trigger_controller_dag']) retrieved from /home/ubuntu/environment/general-airflow/venv/lib/python3.6/site-packages/airflow/example_dags/example_trigger_controller_dag.py
[2021-02-03 03:57:17,924] {logging_mixin.py:103} INFO - [2021-02-03 03:57:17,924] {dag.py:1813} INFO - Sync 1 DAGs
[2021-02-03 03:57:17,943] {logging_mixin.py:103} INFO - [2021-02-03 03:57:17,943] {dag.py:2266} INFO - Setting next_dagrun for example_trigger_controller_dag to 2021-02-01 00:00:00+00:00
[2021-02-03 03:57:17,954] {scheduler_job.py:189} INFO - Processing /home/ubuntu/environment/general-airflow/venv/lib/python3.6/site-packages/airflow/example_dags/example_trigger_controller_dag.py took 0.059 seconds
[2021-02-03 03:57:47,001] {scheduler_job.py:181} INFO - Started process (PID=2363) to work on /home/ubuntu/environment/general-airflow/venv/lib/python3.6/site-packages/airflow/example_dags/example_trigger_controller_dag.py
[2021-02-03 03:57:47,005] {scheduler_job.py:629} INFO - Processing file /home/ubuntu/environment/general-airflow/venv/lib/python3.6/site-packages/airflow/example_dags/example_trigger_controller_dag.py for tasks to queue
[2021-02-03 03:57:47,006] {logging_mixin.py:103} INFO - [2021-02-03 03:57:47,006] {dagbag.py:440} INFO - Filling up the DagBag from /home/ubuntu/environment/general-airflow/venv/lib/python3.6/site-packages/airflow/example_dags/example_trigger_controller_dag.py
[2021-02-03 03:57:47,020] {scheduler_job.py:639} INFO - DAG(s) dict_keys(['example_trigger_controller_dag']) retrieved from /home/ubuntu/environment/general-airflow/venv/lib/python3.6/site-packages/airflow/example_dags/example_trigger_controller_dag.py
[2021-02-03 03:57:47,024] {logging_mixin.py:103} INFO - [2021-02-03 03:57:47,024] {dag.py:1813} INFO - Sync 1 DAGs
[2021-02-03 03:57:47,045] {logging_mixin.py:103} INFO - [2021-02-03 03:57:47,044] {dag.py:2266} INFO - Setting next_dagrun for example_trigger_controller_dag to 2021-02-01 00:00:00+00:00
[2021-02-03 03:57:47,059] {scheduler_job.py:189} INFO - Processing /home/ubuntu/environment/general-airflow/venv/lib/python3.6/site-packages/airflow/example_dags/example_trigger_controller_dag.py took 0.061 seconds
