[2021-02-03 03:56:50,412] {scheduler_job.py:181} INFO - Started process (PID=2196) to work on /home/ubuntu/environment/general-airflow/venv/lib/python3.6/site-packages/airflow/example_dags/example_external_task_marker_dag.py
[2021-02-03 03:56:50,415] {scheduler_job.py:629} INFO - Processing file /home/ubuntu/environment/general-airflow/venv/lib/python3.6/site-packages/airflow/example_dags/example_external_task_marker_dag.py for tasks to queue
[2021-02-03 03:56:50,418] {logging_mixin.py:103} INFO - [2021-02-03 03:56:50,418] {dagbag.py:440} INFO - Filling up the DagBag from /home/ubuntu/environment/general-airflow/venv/lib/python3.6/site-packages/airflow/example_dags/example_external_task_marker_dag.py
[2021-02-03 03:56:50,431] {scheduler_job.py:639} INFO - DAG(s) dict_keys(['example_external_task_marker_parent', 'example_external_task_marker_child']) retrieved from /home/ubuntu/environment/general-airflow/venv/lib/python3.6/site-packages/airflow/example_dags/example_external_task_marker_dag.py
[2021-02-03 03:56:50,434] {logging_mixin.py:103} INFO - [2021-02-03 03:56:50,434] {dag.py:1813} INFO - Sync 2 DAGs
[2021-02-03 03:56:50,454] {logging_mixin.py:103} INFO - [2021-02-03 03:56:50,454] {dag.py:2266} INFO - Setting next_dagrun for example_external_task_marker_child to None
[2021-02-03 03:56:50,457] {logging_mixin.py:103} INFO - [2021-02-03 03:56:50,457] {dag.py:2266} INFO - Setting next_dagrun for example_external_task_marker_parent to None
[2021-02-03 03:56:50,498] {scheduler_job.py:189} INFO - Processing /home/ubuntu/environment/general-airflow/venv/lib/python3.6/site-packages/airflow/example_dags/example_external_task_marker_dag.py took 0.088 seconds
[2021-02-03 03:57:19,031] {scheduler_job.py:181} INFO - Started process (PID=2283) to work on /home/ubuntu/environment/general-airflow/venv/lib/python3.6/site-packages/airflow/example_dags/example_external_task_marker_dag.py
[2021-02-03 03:57:19,036] {scheduler_job.py:629} INFO - Processing file /home/ubuntu/environment/general-airflow/venv/lib/python3.6/site-packages/airflow/example_dags/example_external_task_marker_dag.py for tasks to queue
[2021-02-03 03:57:19,040] {logging_mixin.py:103} INFO - [2021-02-03 03:57:19,040] {dagbag.py:440} INFO - Filling up the DagBag from /home/ubuntu/environment/general-airflow/venv/lib/python3.6/site-packages/airflow/example_dags/example_external_task_marker_dag.py
[2021-02-03 03:57:19,053] {scheduler_job.py:639} INFO - DAG(s) dict_keys(['example_external_task_marker_parent', 'example_external_task_marker_child']) retrieved from /home/ubuntu/environment/general-airflow/venv/lib/python3.6/site-packages/airflow/example_dags/example_external_task_marker_dag.py
[2021-02-03 03:57:19,058] {logging_mixin.py:103} INFO - [2021-02-03 03:57:19,058] {dag.py:1813} INFO - Sync 2 DAGs
[2021-02-03 03:57:19,079] {logging_mixin.py:103} INFO - [2021-02-03 03:57:19,079] {dag.py:2266} INFO - Setting next_dagrun for example_external_task_marker_child to None
[2021-02-03 03:57:19,083] {logging_mixin.py:103} INFO - [2021-02-03 03:57:19,083] {dag.py:2266} INFO - Setting next_dagrun for example_external_task_marker_parent to None
[2021-02-03 03:57:19,098] {scheduler_job.py:189} INFO - Processing /home/ubuntu/environment/general-airflow/venv/lib/python3.6/site-packages/airflow/example_dags/example_external_task_marker_dag.py took 0.069 seconds
[2021-02-03 03:57:47,613] {scheduler_job.py:181} INFO - Started process (PID=2364) to work on /home/ubuntu/environment/general-airflow/venv/lib/python3.6/site-packages/airflow/example_dags/example_external_task_marker_dag.py
[2021-02-03 03:57:47,617] {scheduler_job.py:629} INFO - Processing file /home/ubuntu/environment/general-airflow/venv/lib/python3.6/site-packages/airflow/example_dags/example_external_task_marker_dag.py for tasks to queue
[2021-02-03 03:57:47,617] {logging_mixin.py:103} INFO - [2021-02-03 03:57:47,617] {dagbag.py:440} INFO - Filling up the DagBag from /home/ubuntu/environment/general-airflow/venv/lib/python3.6/site-packages/airflow/example_dags/example_external_task_marker_dag.py
[2021-02-03 03:57:47,633] {scheduler_job.py:639} INFO - DAG(s) dict_keys(['example_external_task_marker_parent', 'example_external_task_marker_child']) retrieved from /home/ubuntu/environment/general-airflow/venv/lib/python3.6/site-packages/airflow/example_dags/example_external_task_marker_dag.py
[2021-02-03 03:57:47,637] {logging_mixin.py:103} INFO - [2021-02-03 03:57:47,636] {dag.py:1813} INFO - Sync 2 DAGs
[2021-02-03 03:57:47,655] {logging_mixin.py:103} INFO - [2021-02-03 03:57:47,655] {dag.py:2266} INFO - Setting next_dagrun for example_external_task_marker_child to None
[2021-02-03 03:57:47,658] {logging_mixin.py:103} INFO - [2021-02-03 03:57:47,658] {dag.py:2266} INFO - Setting next_dagrun for example_external_task_marker_parent to None
[2021-02-03 03:57:47,688] {scheduler_job.py:189} INFO - Processing /home/ubuntu/environment/general-airflow/venv/lib/python3.6/site-packages/airflow/example_dags/example_external_task_marker_dag.py took 0.078 seconds
