[2021-02-03 03:56:53,290] {scheduler_job.py:181} INFO - Started process (PID=2202) to work on /home/ubuntu/environment/general-airflow/venv/lib/python3.6/site-packages/airflow/example_dags/example_nested_branch_dag.py
[2021-02-03 03:56:53,295] {scheduler_job.py:629} INFO - Processing file /home/ubuntu/environment/general-airflow/venv/lib/python3.6/site-packages/airflow/example_dags/example_nested_branch_dag.py for tasks to queue
[2021-02-03 03:56:53,296] {logging_mixin.py:103} INFO - [2021-02-03 03:56:53,296] {dagbag.py:440} INFO - Filling up the DagBag from /home/ubuntu/environment/general-airflow/venv/lib/python3.6/site-packages/airflow/example_dags/example_nested_branch_dag.py
[2021-02-03 03:56:53,321] {scheduler_job.py:639} INFO - DAG(s) dict_keys(['example_nested_branch_dag']) retrieved from /home/ubuntu/environment/general-airflow/venv/lib/python3.6/site-packages/airflow/example_dags/example_nested_branch_dag.py
[2021-02-03 03:56:53,325] {logging_mixin.py:103} INFO - [2021-02-03 03:56:53,325] {dag.py:1813} INFO - Sync 1 DAGs
[2021-02-03 03:56:53,350] {logging_mixin.py:103} INFO - [2021-02-03 03:56:53,350] {dag.py:2266} INFO - Setting next_dagrun for example_nested_branch_dag to 2021-02-01 00:00:00+00:00
[2021-02-03 03:56:53,394] {scheduler_job.py:189} INFO - Processing /home/ubuntu/environment/general-airflow/venv/lib/python3.6/site-packages/airflow/example_dags/example_nested_branch_dag.py took 0.108 seconds
[2021-02-03 03:57:21,888] {scheduler_job.py:181} INFO - Started process (PID=2293) to work on /home/ubuntu/environment/general-airflow/venv/lib/python3.6/site-packages/airflow/example_dags/example_nested_branch_dag.py
[2021-02-03 03:57:21,892] {scheduler_job.py:629} INFO - Processing file /home/ubuntu/environment/general-airflow/venv/lib/python3.6/site-packages/airflow/example_dags/example_nested_branch_dag.py for tasks to queue
[2021-02-03 03:57:21,896] {logging_mixin.py:103} INFO - [2021-02-03 03:57:21,895] {dagbag.py:440} INFO - Filling up the DagBag from /home/ubuntu/environment/general-airflow/venv/lib/python3.6/site-packages/airflow/example_dags/example_nested_branch_dag.py
[2021-02-03 03:57:21,911] {scheduler_job.py:639} INFO - DAG(s) dict_keys(['example_nested_branch_dag']) retrieved from /home/ubuntu/environment/general-airflow/venv/lib/python3.6/site-packages/airflow/example_dags/example_nested_branch_dag.py
[2021-02-03 03:57:21,915] {logging_mixin.py:103} INFO - [2021-02-03 03:57:21,915] {dag.py:1813} INFO - Sync 1 DAGs
[2021-02-03 03:57:21,939] {logging_mixin.py:103} INFO - [2021-02-03 03:57:21,939] {dag.py:2266} INFO - Setting next_dagrun for example_nested_branch_dag to 2021-02-01 00:00:00+00:00
[2021-02-03 03:57:21,951] {scheduler_job.py:189} INFO - Processing /home/ubuntu/environment/general-airflow/venv/lib/python3.6/site-packages/airflow/example_dags/example_nested_branch_dag.py took 0.065 seconds
[2021-02-03 03:57:51,024] {scheduler_job.py:181} INFO - Started process (PID=2371) to work on /home/ubuntu/environment/general-airflow/venv/lib/python3.6/site-packages/airflow/example_dags/example_nested_branch_dag.py
[2021-02-03 03:57:51,028] {scheduler_job.py:629} INFO - Processing file /home/ubuntu/environment/general-airflow/venv/lib/python3.6/site-packages/airflow/example_dags/example_nested_branch_dag.py for tasks to queue
[2021-02-03 03:57:51,029] {logging_mixin.py:103} INFO - [2021-02-03 03:57:51,029] {dagbag.py:440} INFO - Filling up the DagBag from /home/ubuntu/environment/general-airflow/venv/lib/python3.6/site-packages/airflow/example_dags/example_nested_branch_dag.py
[2021-02-03 03:57:51,048] {scheduler_job.py:639} INFO - DAG(s) dict_keys(['example_nested_branch_dag']) retrieved from /home/ubuntu/environment/general-airflow/venv/lib/python3.6/site-packages/airflow/example_dags/example_nested_branch_dag.py
[2021-02-03 03:57:51,053] {logging_mixin.py:103} INFO - [2021-02-03 03:57:51,053] {dag.py:1813} INFO - Sync 1 DAGs
[2021-02-03 03:57:51,081] {logging_mixin.py:103} INFO - [2021-02-03 03:57:51,081] {dag.py:2266} INFO - Setting next_dagrun for example_nested_branch_dag to 2021-02-01 00:00:00+00:00
[2021-02-03 03:57:51,097] {scheduler_job.py:189} INFO - Processing /home/ubuntu/environment/general-airflow/venv/lib/python3.6/site-packages/airflow/example_dags/example_nested_branch_dag.py took 0.076 seconds
