[2021-02-03 03:56:42,891] {scheduler_job.py:181} INFO - Started process (PID=2171) to work on /home/ubuntu/environment/general-airflow/venv/lib/python3.6/site-packages/airflow/example_dags/example_complex.py
[2021-02-03 03:56:42,894] {scheduler_job.py:629} INFO - Processing file /home/ubuntu/environment/general-airflow/venv/lib/python3.6/site-packages/airflow/example_dags/example_complex.py for tasks to queue
[2021-02-03 03:56:42,896] {logging_mixin.py:103} INFO - [2021-02-03 03:56:42,896] {dagbag.py:440} INFO - Filling up the DagBag from /home/ubuntu/environment/general-airflow/venv/lib/python3.6/site-packages/airflow/example_dags/example_complex.py
[2021-02-03 03:56:42,914] {scheduler_job.py:639} INFO - DAG(s) dict_keys(['example_complex']) retrieved from /home/ubuntu/environment/general-airflow/venv/lib/python3.6/site-packages/airflow/example_dags/example_complex.py
[2021-02-03 03:56:42,916] {logging_mixin.py:103} INFO - [2021-02-03 03:56:42,916] {dag.py:1813} INFO - Sync 1 DAGs
[2021-02-03 03:56:42,935] {logging_mixin.py:103} INFO - [2021-02-03 03:56:42,935] {dag.py:2266} INFO - Setting next_dagrun for example_complex to None
[2021-02-03 03:56:42,984] {scheduler_job.py:189} INFO - Processing /home/ubuntu/environment/general-airflow/venv/lib/python3.6/site-packages/airflow/example_dags/example_complex.py took 0.096 seconds
[2021-02-03 03:57:11,600] {scheduler_job.py:181} INFO - Started process (PID=2265) to work on /home/ubuntu/environment/general-airflow/venv/lib/python3.6/site-packages/airflow/example_dags/example_complex.py
[2021-02-03 03:57:11,604] {scheduler_job.py:629} INFO - Processing file /home/ubuntu/environment/general-airflow/venv/lib/python3.6/site-packages/airflow/example_dags/example_complex.py for tasks to queue
[2021-02-03 03:57:11,607] {logging_mixin.py:103} INFO - [2021-02-03 03:57:11,606] {dagbag.py:440} INFO - Filling up the DagBag from /home/ubuntu/environment/general-airflow/venv/lib/python3.6/site-packages/airflow/example_dags/example_complex.py
[2021-02-03 03:57:11,626] {scheduler_job.py:639} INFO - DAG(s) dict_keys(['example_complex']) retrieved from /home/ubuntu/environment/general-airflow/venv/lib/python3.6/site-packages/airflow/example_dags/example_complex.py
[2021-02-03 03:57:11,629] {logging_mixin.py:103} INFO - [2021-02-03 03:57:11,629] {dag.py:1813} INFO - Sync 1 DAGs
[2021-02-03 03:57:11,648] {logging_mixin.py:103} INFO - [2021-02-03 03:57:11,648] {dag.py:2266} INFO - Setting next_dagrun for example_complex to None
[2021-02-03 03:57:11,660] {scheduler_job.py:189} INFO - Processing /home/ubuntu/environment/general-airflow/venv/lib/python3.6/site-packages/airflow/example_dags/example_complex.py took 0.062 seconds
[2021-02-03 03:57:40,773] {scheduler_job.py:181} INFO - Started process (PID=2343) to work on /home/ubuntu/environment/general-airflow/venv/lib/python3.6/site-packages/airflow/example_dags/example_complex.py
[2021-02-03 03:57:40,777] {scheduler_job.py:629} INFO - Processing file /home/ubuntu/environment/general-airflow/venv/lib/python3.6/site-packages/airflow/example_dags/example_complex.py for tasks to queue
[2021-02-03 03:57:40,778] {logging_mixin.py:103} INFO - [2021-02-03 03:57:40,778] {dagbag.py:440} INFO - Filling up the DagBag from /home/ubuntu/environment/general-airflow/venv/lib/python3.6/site-packages/airflow/example_dags/example_complex.py
[2021-02-03 03:57:40,799] {scheduler_job.py:639} INFO - DAG(s) dict_keys(['example_complex']) retrieved from /home/ubuntu/environment/general-airflow/venv/lib/python3.6/site-packages/airflow/example_dags/example_complex.py
[2021-02-03 03:57:40,803] {logging_mixin.py:103} INFO - [2021-02-03 03:57:40,803] {dag.py:1813} INFO - Sync 1 DAGs
[2021-02-03 03:57:40,821] {logging_mixin.py:103} INFO - [2021-02-03 03:57:40,821] {dag.py:2266} INFO - Setting next_dagrun for example_complex to None
[2021-02-03 03:57:40,841] {scheduler_job.py:189} INFO - Processing /home/ubuntu/environment/general-airflow/venv/lib/python3.6/site-packages/airflow/example_dags/example_complex.py took 0.071 seconds
