[2021-02-03 03:56:52,160] {scheduler_job.py:181} INFO - Started process (PID=2198) to work on /home/ubuntu/environment/general-airflow/venv/lib/python3.6/site-packages/airflow/example_dags/example_kubernetes_executor_config.py
[2021-02-03 03:56:52,164] {scheduler_job.py:629} INFO - Processing file /home/ubuntu/environment/general-airflow/venv/lib/python3.6/site-packages/airflow/example_dags/example_kubernetes_executor_config.py for tasks to queue
[2021-02-03 03:56:52,167] {logging_mixin.py:103} INFO - [2021-02-03 03:56:52,167] {dagbag.py:440} INFO - Filling up the DagBag from /home/ubuntu/environment/general-airflow/venv/lib/python3.6/site-packages/airflow/example_dags/example_kubernetes_executor_config.py
[2021-02-03 03:56:52,179] {logging_mixin.py:103} INFO - [2021-02-03 03:56:52,179] {example_kubernetes_executor_config.py:174} WARNING - Could not import DAGs in example_kubernetes_executor_config.py: No module named 'kubernetes'
[2021-02-03 03:56:52,181] {logging_mixin.py:103} INFO - [2021-02-03 03:56:52,181] {example_kubernetes_executor_config.py:175} WARNING - Install kubernetes dependencies with: pip install apache-airflow['cncf.kubernetes']
[2021-02-03 03:56:52,182] {scheduler_job.py:641} WARNING - No viable dags retrieved from /home/ubuntu/environment/general-airflow/venv/lib/python3.6/site-packages/airflow/example_dags/example_kubernetes_executor_config.py
[2021-02-03 03:56:52,194] {scheduler_job.py:189} INFO - Processing /home/ubuntu/environment/general-airflow/venv/lib/python3.6/site-packages/airflow/example_dags/example_kubernetes_executor_config.py took 0.036 seconds
[2021-02-03 03:57:21,284] {scheduler_job.py:181} INFO - Started process (PID=2292) to work on /home/ubuntu/environment/general-airflow/venv/lib/python3.6/site-packages/airflow/example_dags/example_kubernetes_executor_config.py
[2021-02-03 03:57:21,288] {scheduler_job.py:629} INFO - Processing file /home/ubuntu/environment/general-airflow/venv/lib/python3.6/site-packages/airflow/example_dags/example_kubernetes_executor_config.py for tasks to queue
[2021-02-03 03:57:21,291] {logging_mixin.py:103} INFO - [2021-02-03 03:57:21,291] {dagbag.py:440} INFO - Filling up the DagBag from /home/ubuntu/environment/general-airflow/venv/lib/python3.6/site-packages/airflow/example_dags/example_kubernetes_executor_config.py
[2021-02-03 03:57:21,301] {logging_mixin.py:103} INFO - [2021-02-03 03:57:21,301] {example_kubernetes_executor_config.py:174} WARNING - Could not import DAGs in example_kubernetes_executor_config.py: No module named 'kubernetes'
[2021-02-03 03:57:21,304] {logging_mixin.py:103} INFO - [2021-02-03 03:57:21,304] {example_kubernetes_executor_config.py:175} WARNING - Install kubernetes dependencies with: pip install apache-airflow['cncf.kubernetes']
[2021-02-03 03:57:21,304] {scheduler_job.py:641} WARNING - No viable dags retrieved from /home/ubuntu/environment/general-airflow/venv/lib/python3.6/site-packages/airflow/example_dags/example_kubernetes_executor_config.py
[2021-02-03 03:57:21,315] {scheduler_job.py:189} INFO - Processing /home/ubuntu/environment/general-airflow/venv/lib/python3.6/site-packages/airflow/example_dags/example_kubernetes_executor_config.py took 0.034 seconds
[2021-02-03 03:57:49,894] {scheduler_job.py:181} INFO - Started process (PID=2366) to work on /home/ubuntu/environment/general-airflow/venv/lib/python3.6/site-packages/airflow/example_dags/example_kubernetes_executor_config.py
[2021-02-03 03:57:49,899] {scheduler_job.py:629} INFO - Processing file /home/ubuntu/environment/general-airflow/venv/lib/python3.6/site-packages/airflow/example_dags/example_kubernetes_executor_config.py for tasks to queue
[2021-02-03 03:57:49,899] {logging_mixin.py:103} INFO - [2021-02-03 03:57:49,899] {dagbag.py:440} INFO - Filling up the DagBag from /home/ubuntu/environment/general-airflow/venv/lib/python3.6/site-packages/airflow/example_dags/example_kubernetes_executor_config.py
[2021-02-03 03:57:49,914] {logging_mixin.py:103} INFO - [2021-02-03 03:57:49,914] {example_kubernetes_executor_config.py:174} WARNING - Could not import DAGs in example_kubernetes_executor_config.py: No module named 'kubernetes'
[2021-02-03 03:57:49,916] {logging_mixin.py:103} INFO - [2021-02-03 03:57:49,916] {example_kubernetes_executor_config.py:175} WARNING - Install kubernetes dependencies with: pip install apache-airflow['cncf.kubernetes']
[2021-02-03 03:57:49,917] {scheduler_job.py:641} WARNING - No viable dags retrieved from /home/ubuntu/environment/general-airflow/venv/lib/python3.6/site-packages/airflow/example_dags/example_kubernetes_executor_config.py
[2021-02-03 03:57:49,928] {scheduler_job.py:189} INFO - Processing /home/ubuntu/environment/general-airflow/venv/lib/python3.6/site-packages/airflow/example_dags/example_kubernetes_executor_config.py took 0.036 seconds
