[2021-02-03 03:56:40,347] {scheduler_job.py:181} INFO - Started process (PID=2168) to work on /home/ubuntu/environment/general-airflow/venv/lib/python3.6/site-packages/airflow/example_dags/example_kubernetes_executor.py
[2021-02-03 03:56:40,352] {scheduler_job.py:629} INFO - Processing file /home/ubuntu/environment/general-airflow/venv/lib/python3.6/site-packages/airflow/example_dags/example_kubernetes_executor.py for tasks to queue
[2021-02-03 03:56:40,353] {logging_mixin.py:103} INFO - [2021-02-03 03:56:40,353] {dagbag.py:440} INFO - Filling up the DagBag from /home/ubuntu/environment/general-airflow/venv/lib/python3.6/site-packages/airflow/example_dags/example_kubernetes_executor.py
[2021-02-03 03:56:40,368] {scheduler_job.py:639} INFO - DAG(s) dict_keys(['example_kubernetes_executor']) retrieved from /home/ubuntu/environment/general-airflow/venv/lib/python3.6/site-packages/airflow/example_dags/example_kubernetes_executor.py
[2021-02-03 03:56:40,371] {logging_mixin.py:103} INFO - [2021-02-03 03:56:40,371] {dag.py:1813} INFO - Sync 1 DAGs
[2021-02-03 03:56:40,389] {logging_mixin.py:103} INFO - [2021-02-03 03:56:40,389] {dag.py:2266} INFO - Setting next_dagrun for example_kubernetes_executor to None
[2021-02-03 03:56:40,433] {scheduler_job.py:189} INFO - Processing /home/ubuntu/environment/general-airflow/venv/lib/python3.6/site-packages/airflow/example_dags/example_kubernetes_executor.py took 0.088 seconds
[2021-02-03 03:57:08,746] {scheduler_job.py:181} INFO - Started process (PID=2255) to work on /home/ubuntu/environment/general-airflow/venv/lib/python3.6/site-packages/airflow/example_dags/example_kubernetes_executor.py
[2021-02-03 03:57:08,750] {scheduler_job.py:629} INFO - Processing file /home/ubuntu/environment/general-airflow/venv/lib/python3.6/site-packages/airflow/example_dags/example_kubernetes_executor.py for tasks to queue
[2021-02-03 03:57:08,751] {logging_mixin.py:103} INFO - [2021-02-03 03:57:08,751] {dagbag.py:440} INFO - Filling up the DagBag from /home/ubuntu/environment/general-airflow/venv/lib/python3.6/site-packages/airflow/example_dags/example_kubernetes_executor.py
[2021-02-03 03:57:08,767] {scheduler_job.py:639} INFO - DAG(s) dict_keys(['example_kubernetes_executor']) retrieved from /home/ubuntu/environment/general-airflow/venv/lib/python3.6/site-packages/airflow/example_dags/example_kubernetes_executor.py
[2021-02-03 03:57:08,772] {logging_mixin.py:103} INFO - [2021-02-03 03:57:08,772] {dag.py:1813} INFO - Sync 1 DAGs
[2021-02-03 03:57:08,791] {logging_mixin.py:103} INFO - [2021-02-03 03:57:08,791] {dag.py:2266} INFO - Setting next_dagrun for example_kubernetes_executor to None
[2021-02-03 03:57:08,808] {scheduler_job.py:189} INFO - Processing /home/ubuntu/environment/general-airflow/venv/lib/python3.6/site-packages/airflow/example_dags/example_kubernetes_executor.py took 0.065 seconds
[2021-02-03 03:57:37,322] {scheduler_job.py:181} INFO - Started process (PID=2340) to work on /home/ubuntu/environment/general-airflow/venv/lib/python3.6/site-packages/airflow/example_dags/example_kubernetes_executor.py
[2021-02-03 03:57:37,326] {scheduler_job.py:629} INFO - Processing file /home/ubuntu/environment/general-airflow/venv/lib/python3.6/site-packages/airflow/example_dags/example_kubernetes_executor.py for tasks to queue
[2021-02-03 03:57:37,327] {logging_mixin.py:103} INFO - [2021-02-03 03:57:37,327] {dagbag.py:440} INFO - Filling up the DagBag from /home/ubuntu/environment/general-airflow/venv/lib/python3.6/site-packages/airflow/example_dags/example_kubernetes_executor.py
[2021-02-03 03:57:37,344] {scheduler_job.py:639} INFO - DAG(s) dict_keys(['example_kubernetes_executor']) retrieved from /home/ubuntu/environment/general-airflow/venv/lib/python3.6/site-packages/airflow/example_dags/example_kubernetes_executor.py
[2021-02-03 03:57:37,347] {logging_mixin.py:103} INFO - [2021-02-03 03:57:37,347] {dag.py:1813} INFO - Sync 1 DAGs
[2021-02-03 03:57:37,368] {logging_mixin.py:103} INFO - [2021-02-03 03:57:37,367] {dag.py:2266} INFO - Setting next_dagrun for example_kubernetes_executor to None
[2021-02-03 03:57:37,385] {scheduler_job.py:189} INFO - Processing /home/ubuntu/environment/general-airflow/venv/lib/python3.6/site-packages/airflow/example_dags/example_kubernetes_executor.py took 0.065 seconds
