[2021-02-03 03:56:35,359] {scheduler_job.py:181} INFO - Started process (PID=2156) to work on /home/ubuntu/environment/general-airflow/venv/lib/python3.6/site-packages/airflow/example_dags/example_xcomargs.py
[2021-02-03 03:56:35,361] {scheduler_job.py:629} INFO - Processing file /home/ubuntu/environment/general-airflow/venv/lib/python3.6/site-packages/airflow/example_dags/example_xcomargs.py for tasks to queue
[2021-02-03 03:56:35,363] {logging_mixin.py:103} INFO - [2021-02-03 03:56:35,362] {dagbag.py:440} INFO - Filling up the DagBag from /home/ubuntu/environment/general-airflow/venv/lib/python3.6/site-packages/airflow/example_dags/example_xcomargs.py
[2021-02-03 03:56:35,376] {scheduler_job.py:639} INFO - DAG(s) dict_keys(['example_xcom_args', 'example_xcom_args_with_operators']) retrieved from /home/ubuntu/environment/general-airflow/venv/lib/python3.6/site-packages/airflow/example_dags/example_xcomargs.py
[2021-02-03 03:56:35,378] {logging_mixin.py:103} INFO - [2021-02-03 03:56:35,378] {dag.py:1813} INFO - Sync 2 DAGs
[2021-02-03 03:56:35,396] {logging_mixin.py:103} INFO - [2021-02-03 03:56:35,396] {dag.py:2266} INFO - Setting next_dagrun for example_xcom_args to None
[2021-02-03 03:56:35,398] {logging_mixin.py:103} INFO - [2021-02-03 03:56:35,398] {dag.py:2266} INFO - Setting next_dagrun for example_xcom_args_with_operators to None
[2021-02-03 03:56:35,448] {scheduler_job.py:189} INFO - Processing /home/ubuntu/environment/general-airflow/venv/lib/python3.6/site-packages/airflow/example_dags/example_xcomargs.py took 0.092 seconds
[2021-02-03 03:57:03,583] {scheduler_job.py:181} INFO - Started process (PID=2243) to work on /home/ubuntu/environment/general-airflow/venv/lib/python3.6/site-packages/airflow/example_dags/example_xcomargs.py
[2021-02-03 03:57:03,587] {scheduler_job.py:629} INFO - Processing file /home/ubuntu/environment/general-airflow/venv/lib/python3.6/site-packages/airflow/example_dags/example_xcomargs.py for tasks to queue
[2021-02-03 03:57:03,589] {logging_mixin.py:103} INFO - [2021-02-03 03:57:03,589] {dagbag.py:440} INFO - Filling up the DagBag from /home/ubuntu/environment/general-airflow/venv/lib/python3.6/site-packages/airflow/example_dags/example_xcomargs.py
[2021-02-03 03:57:03,610] {scheduler_job.py:639} INFO - DAG(s) dict_keys(['example_xcom_args', 'example_xcom_args_with_operators']) retrieved from /home/ubuntu/environment/general-airflow/venv/lib/python3.6/site-packages/airflow/example_dags/example_xcomargs.py
[2021-02-03 03:57:03,614] {logging_mixin.py:103} INFO - [2021-02-03 03:57:03,614] {dag.py:1813} INFO - Sync 2 DAGs
[2021-02-03 03:57:03,633] {logging_mixin.py:103} INFO - [2021-02-03 03:57:03,633] {dag.py:2266} INFO - Setting next_dagrun for example_xcom_args to None
[2021-02-03 03:57:03,636] {logging_mixin.py:103} INFO - [2021-02-03 03:57:03,636] {dag.py:2266} INFO - Setting next_dagrun for example_xcom_args_with_operators to None
[2021-02-03 03:57:03,648] {scheduler_job.py:189} INFO - Processing /home/ubuntu/environment/general-airflow/venv/lib/python3.6/site-packages/airflow/example_dags/example_xcomargs.py took 0.068 seconds
[2021-02-03 03:57:32,177] {scheduler_job.py:181} INFO - Started process (PID=2321) to work on /home/ubuntu/environment/general-airflow/venv/lib/python3.6/site-packages/airflow/example_dags/example_xcomargs.py
[2021-02-03 03:57:32,181] {scheduler_job.py:629} INFO - Processing file /home/ubuntu/environment/general-airflow/venv/lib/python3.6/site-packages/airflow/example_dags/example_xcomargs.py for tasks to queue
[2021-02-03 03:57:32,181] {logging_mixin.py:103} INFO - [2021-02-03 03:57:32,181] {dagbag.py:440} INFO - Filling up the DagBag from /home/ubuntu/environment/general-airflow/venv/lib/python3.6/site-packages/airflow/example_dags/example_xcomargs.py
[2021-02-03 03:57:32,202] {scheduler_job.py:639} INFO - DAG(s) dict_keys(['example_xcom_args', 'example_xcom_args_with_operators']) retrieved from /home/ubuntu/environment/general-airflow/venv/lib/python3.6/site-packages/airflow/example_dags/example_xcomargs.py
[2021-02-03 03:57:32,205] {logging_mixin.py:103} INFO - [2021-02-03 03:57:32,205] {dag.py:1813} INFO - Sync 2 DAGs
[2021-02-03 03:57:32,224] {logging_mixin.py:103} INFO - [2021-02-03 03:57:32,224] {dag.py:2266} INFO - Setting next_dagrun for example_xcom_args to None
[2021-02-03 03:57:32,227] {logging_mixin.py:103} INFO - [2021-02-03 03:57:32,227] {dag.py:2266} INFO - Setting next_dagrun for example_xcom_args_with_operators to None
[2021-02-03 03:57:32,255] {scheduler_job.py:189} INFO - Processing /home/ubuntu/environment/general-airflow/venv/lib/python3.6/site-packages/airflow/example_dags/example_xcomargs.py took 0.081 seconds
