[2021-02-03 03:56:37,742] {scheduler_job.py:181} INFO - Started process (PID=2158) to work on /home/ubuntu/environment/general-airflow/venv/lib/python3.6/site-packages/airflow/example_dags/example_branch_python_dop_operator_3.py
[2021-02-03 03:56:37,744] {scheduler_job.py:629} INFO - Processing file /home/ubuntu/environment/general-airflow/venv/lib/python3.6/site-packages/airflow/example_dags/example_branch_python_dop_operator_3.py for tasks to queue
[2021-02-03 03:56:37,746] {logging_mixin.py:103} INFO - [2021-02-03 03:56:37,746] {dagbag.py:440} INFO - Filling up the DagBag from /home/ubuntu/environment/general-airflow/venv/lib/python3.6/site-packages/airflow/example_dags/example_branch_python_dop_operator_3.py
[2021-02-03 03:56:37,761] {scheduler_job.py:639} INFO - DAG(s) dict_keys(['example_branch_dop_operator_v3']) retrieved from /home/ubuntu/environment/general-airflow/venv/lib/python3.6/site-packages/airflow/example_dags/example_branch_python_dop_operator_3.py
[2021-02-03 03:56:37,763] {logging_mixin.py:103} INFO - [2021-02-03 03:56:37,763] {dag.py:1813} INFO - Sync 1 DAGs
[2021-02-03 03:56:37,792] {logging_mixin.py:103} INFO - [2021-02-03 03:56:37,792] {dag.py:2266} INFO - Setting next_dagrun for example_branch_dop_operator_v3 to 2021-02-01 00:00:00+00:00
[2021-02-03 03:56:37,839] {scheduler_job.py:189} INFO - Processing /home/ubuntu/environment/general-airflow/venv/lib/python3.6/site-packages/airflow/example_dags/example_branch_python_dop_operator_3.py took 0.100 seconds
[2021-02-03 03:57:05,840] {scheduler_job.py:181} INFO - Started process (PID=2252) to work on /home/ubuntu/environment/general-airflow/venv/lib/python3.6/site-packages/airflow/example_dags/example_branch_python_dop_operator_3.py
[2021-02-03 03:57:05,845] {scheduler_job.py:629} INFO - Processing file /home/ubuntu/environment/general-airflow/venv/lib/python3.6/site-packages/airflow/example_dags/example_branch_python_dop_operator_3.py for tasks to queue
[2021-02-03 03:57:05,845] {logging_mixin.py:103} INFO - [2021-02-03 03:57:05,845] {dagbag.py:440} INFO - Filling up the DagBag from /home/ubuntu/environment/general-airflow/venv/lib/python3.6/site-packages/airflow/example_dags/example_branch_python_dop_operator_3.py
[2021-02-03 03:57:05,864] {scheduler_job.py:639} INFO - DAG(s) dict_keys(['example_branch_dop_operator_v3']) retrieved from /home/ubuntu/environment/general-airflow/venv/lib/python3.6/site-packages/airflow/example_dags/example_branch_python_dop_operator_3.py
[2021-02-03 03:57:05,867] {logging_mixin.py:103} INFO - [2021-02-03 03:57:05,867] {dag.py:1813} INFO - Sync 1 DAGs
[2021-02-03 03:57:05,899] {logging_mixin.py:103} INFO - [2021-02-03 03:57:05,899] {dag.py:2266} INFO - Setting next_dagrun for example_branch_dop_operator_v3 to 2021-02-01 00:00:00+00:00
[2021-02-03 03:57:05,911] {scheduler_job.py:189} INFO - Processing /home/ubuntu/environment/general-airflow/venv/lib/python3.6/site-packages/airflow/example_dags/example_branch_python_dop_operator_3.py took 0.073 seconds
[2021-02-03 03:57:34,454] {scheduler_job.py:181} INFO - Started process (PID=2329) to work on /home/ubuntu/environment/general-airflow/venv/lib/python3.6/site-packages/airflow/example_dags/example_branch_python_dop_operator_3.py
[2021-02-03 03:57:34,459] {scheduler_job.py:629} INFO - Processing file /home/ubuntu/environment/general-airflow/venv/lib/python3.6/site-packages/airflow/example_dags/example_branch_python_dop_operator_3.py for tasks to queue
[2021-02-03 03:57:34,460] {logging_mixin.py:103} INFO - [2021-02-03 03:57:34,459] {dagbag.py:440} INFO - Filling up the DagBag from /home/ubuntu/environment/general-airflow/venv/lib/python3.6/site-packages/airflow/example_dags/example_branch_python_dop_operator_3.py
[2021-02-03 03:57:34,479] {scheduler_job.py:639} INFO - DAG(s) dict_keys(['example_branch_dop_operator_v3']) retrieved from /home/ubuntu/environment/general-airflow/venv/lib/python3.6/site-packages/airflow/example_dags/example_branch_python_dop_operator_3.py
[2021-02-03 03:57:34,483] {logging_mixin.py:103} INFO - [2021-02-03 03:57:34,483] {dag.py:1813} INFO - Sync 1 DAGs
[2021-02-03 03:57:34,514] {logging_mixin.py:103} INFO - [2021-02-03 03:57:34,514] {dag.py:2266} INFO - Setting next_dagrun for example_branch_dop_operator_v3 to 2021-02-01 00:00:00+00:00
[2021-02-03 03:57:34,534] {scheduler_job.py:189} INFO - Processing /home/ubuntu/environment/general-airflow/venv/lib/python3.6/site-packages/airflow/example_dags/example_branch_python_dop_operator_3.py took 0.083 seconds
