[2021-02-03 03:56:38,973] {scheduler_job.py:181} INFO - Started process (PID=2159) to work on /home/ubuntu/environment/general-airflow/venv/lib/python3.6/site-packages/airflow/example_dags/example_dag_decorator.py
[2021-02-03 03:56:38,975] {scheduler_job.py:629} INFO - Processing file /home/ubuntu/environment/general-airflow/venv/lib/python3.6/site-packages/airflow/example_dags/example_dag_decorator.py for tasks to queue
[2021-02-03 03:56:38,977] {logging_mixin.py:103} INFO - [2021-02-03 03:56:38,977] {dagbag.py:440} INFO - Filling up the DagBag from /home/ubuntu/environment/general-airflow/venv/lib/python3.6/site-packages/airflow/example_dags/example_dag_decorator.py
[2021-02-03 03:56:38,993] {scheduler_job.py:639} INFO - DAG(s) dict_keys(['example_dag_decorator']) retrieved from /home/ubuntu/environment/general-airflow/venv/lib/python3.6/site-packages/airflow/example_dags/example_dag_decorator.py
[2021-02-03 03:56:38,995] {logging_mixin.py:103} INFO - [2021-02-03 03:56:38,995] {dag.py:1813} INFO - Sync 1 DAGs
[2021-02-03 03:56:39,013] {logging_mixin.py:103} INFO - [2021-02-03 03:56:39,013] {dag.py:2266} INFO - Setting next_dagrun for example_dag_decorator to None
[2021-02-03 03:56:39,054] {scheduler_job.py:189} INFO - Processing /home/ubuntu/environment/general-airflow/venv/lib/python3.6/site-packages/airflow/example_dags/example_dag_decorator.py took 0.084 seconds
[2021-02-03 03:57:06,453] {scheduler_job.py:181} INFO - Started process (PID=2253) to work on /home/ubuntu/environment/general-airflow/venv/lib/python3.6/site-packages/airflow/example_dags/example_dag_decorator.py
[2021-02-03 03:57:06,458] {scheduler_job.py:629} INFO - Processing file /home/ubuntu/environment/general-airflow/venv/lib/python3.6/site-packages/airflow/example_dags/example_dag_decorator.py for tasks to queue
[2021-02-03 03:57:06,458] {logging_mixin.py:103} INFO - [2021-02-03 03:57:06,458] {dagbag.py:440} INFO - Filling up the DagBag from /home/ubuntu/environment/general-airflow/venv/lib/python3.6/site-packages/airflow/example_dags/example_dag_decorator.py
[2021-02-03 03:57:06,478] {scheduler_job.py:639} INFO - DAG(s) dict_keys(['example_dag_decorator']) retrieved from /home/ubuntu/environment/general-airflow/venv/lib/python3.6/site-packages/airflow/example_dags/example_dag_decorator.py
[2021-02-03 03:57:06,481] {logging_mixin.py:103} INFO - [2021-02-03 03:57:06,481] {dag.py:1813} INFO - Sync 1 DAGs
[2021-02-03 03:57:06,500] {logging_mixin.py:103} INFO - [2021-02-03 03:57:06,500] {dag.py:2266} INFO - Setting next_dagrun for example_dag_decorator to None
[2021-02-03 03:57:06,509] {scheduler_job.py:189} INFO - Processing /home/ubuntu/environment/general-airflow/venv/lib/python3.6/site-packages/airflow/example_dags/example_dag_decorator.py took 0.059 seconds
[2021-02-03 03:57:35,582] {scheduler_job.py:181} INFO - Started process (PID=2330) to work on /home/ubuntu/environment/general-airflow/venv/lib/python3.6/site-packages/airflow/example_dags/example_dag_decorator.py
[2021-02-03 03:57:35,587] {scheduler_job.py:629} INFO - Processing file /home/ubuntu/environment/general-airflow/venv/lib/python3.6/site-packages/airflow/example_dags/example_dag_decorator.py for tasks to queue
[2021-02-03 03:57:35,587] {logging_mixin.py:103} INFO - [2021-02-03 03:57:35,587] {dagbag.py:440} INFO - Filling up the DagBag from /home/ubuntu/environment/general-airflow/venv/lib/python3.6/site-packages/airflow/example_dags/example_dag_decorator.py
[2021-02-03 03:57:35,607] {scheduler_job.py:639} INFO - DAG(s) dict_keys(['example_dag_decorator']) retrieved from /home/ubuntu/environment/general-airflow/venv/lib/python3.6/site-packages/airflow/example_dags/example_dag_decorator.py
[2021-02-03 03:57:35,610] {logging_mixin.py:103} INFO - [2021-02-03 03:57:35,610] {dag.py:1813} INFO - Sync 1 DAGs
[2021-02-03 03:57:35,629] {logging_mixin.py:103} INFO - [2021-02-03 03:57:35,628] {dag.py:2266} INFO - Setting next_dagrun for example_dag_decorator to None
[2021-02-03 03:57:35,653] {scheduler_job.py:189} INFO - Processing /home/ubuntu/environment/general-airflow/venv/lib/python3.6/site-packages/airflow/example_dags/example_dag_decorator.py took 0.073 seconds
