[2021-02-03 03:56:45,354] {scheduler_job.py:181} INFO - Started process (PID=2184) to work on /home/ubuntu/environment/general-airflow/venv/lib/python3.6/site-packages/airflow/example_dags/example_bash_operator.py
[2021-02-03 03:56:45,357] {scheduler_job.py:629} INFO - Processing file /home/ubuntu/environment/general-airflow/venv/lib/python3.6/site-packages/airflow/example_dags/example_bash_operator.py for tasks to queue
[2021-02-03 03:56:45,360] {logging_mixin.py:103} INFO - [2021-02-03 03:56:45,360] {dagbag.py:440} INFO - Filling up the DagBag from /home/ubuntu/environment/general-airflow/venv/lib/python3.6/site-packages/airflow/example_dags/example_bash_operator.py
[2021-02-03 03:56:45,373] {scheduler_job.py:639} INFO - DAG(s) dict_keys(['example_bash_operator']) retrieved from /home/ubuntu/environment/general-airflow/venv/lib/python3.6/site-packages/airflow/example_dags/example_bash_operator.py
[2021-02-03 03:56:45,376] {logging_mixin.py:103} INFO - [2021-02-03 03:56:45,376] {dag.py:1813} INFO - Sync 1 DAGs
[2021-02-03 03:56:45,403] {logging_mixin.py:103} INFO - [2021-02-03 03:56:45,403] {dag.py:2266} INFO - Setting next_dagrun for example_bash_operator to 2021-02-01 00:00:00+00:00
[2021-02-03 03:56:45,445] {scheduler_job.py:189} INFO - Processing /home/ubuntu/environment/general-airflow/venv/lib/python3.6/site-packages/airflow/example_dags/example_bash_operator.py took 0.094 seconds
[2021-02-03 03:57:13,874] {scheduler_job.py:181} INFO - Started process (PID=2267) to work on /home/ubuntu/environment/general-airflow/venv/lib/python3.6/site-packages/airflow/example_dags/example_bash_operator.py
[2021-02-03 03:57:13,878] {scheduler_job.py:629} INFO - Processing file /home/ubuntu/environment/general-airflow/venv/lib/python3.6/site-packages/airflow/example_dags/example_bash_operator.py for tasks to queue
[2021-02-03 03:57:13,879] {logging_mixin.py:103} INFO - [2021-02-03 03:57:13,879] {dagbag.py:440} INFO - Filling up the DagBag from /home/ubuntu/environment/general-airflow/venv/lib/python3.6/site-packages/airflow/example_dags/example_bash_operator.py
[2021-02-03 03:57:13,898] {scheduler_job.py:639} INFO - DAG(s) dict_keys(['example_bash_operator']) retrieved from /home/ubuntu/environment/general-airflow/venv/lib/python3.6/site-packages/airflow/example_dags/example_bash_operator.py
[2021-02-03 03:57:13,901] {logging_mixin.py:103} INFO - [2021-02-03 03:57:13,901] {dag.py:1813} INFO - Sync 1 DAGs
[2021-02-03 03:57:13,925] {logging_mixin.py:103} INFO - [2021-02-03 03:57:13,925] {dag.py:2266} INFO - Setting next_dagrun for example_bash_operator to 2021-02-01 00:00:00+00:00
[2021-02-03 03:57:13,937] {scheduler_job.py:189} INFO - Processing /home/ubuntu/environment/general-airflow/venv/lib/python3.6/site-packages/airflow/example_dags/example_bash_operator.py took 0.065 seconds
[2021-02-03 03:57:42,469] {scheduler_job.py:181} INFO - Started process (PID=2352) to work on /home/ubuntu/environment/general-airflow/venv/lib/python3.6/site-packages/airflow/example_dags/example_bash_operator.py
[2021-02-03 03:57:42,473] {scheduler_job.py:629} INFO - Processing file /home/ubuntu/environment/general-airflow/venv/lib/python3.6/site-packages/airflow/example_dags/example_bash_operator.py for tasks to queue
[2021-02-03 03:57:42,474] {logging_mixin.py:103} INFO - [2021-02-03 03:57:42,474] {dagbag.py:440} INFO - Filling up the DagBag from /home/ubuntu/environment/general-airflow/venv/lib/python3.6/site-packages/airflow/example_dags/example_bash_operator.py
[2021-02-03 03:57:42,491] {scheduler_job.py:639} INFO - DAG(s) dict_keys(['example_bash_operator']) retrieved from /home/ubuntu/environment/general-airflow/venv/lib/python3.6/site-packages/airflow/example_dags/example_bash_operator.py
[2021-02-03 03:57:42,495] {logging_mixin.py:103} INFO - [2021-02-03 03:57:42,495] {dag.py:1813} INFO - Sync 1 DAGs
[2021-02-03 03:57:42,521] {logging_mixin.py:103} INFO - [2021-02-03 03:57:42,521] {dag.py:2266} INFO - Setting next_dagrun for example_bash_operator to 2021-02-01 00:00:00+00:00
[2021-02-03 03:57:42,538] {scheduler_job.py:189} INFO - Processing /home/ubuntu/environment/general-airflow/venv/lib/python3.6/site-packages/airflow/example_dags/example_bash_operator.py took 0.071 seconds
