[2021-02-03 03:56:27,145] {scheduler_job.py:181} INFO - Started process (PID=2128) to work on /home/ubuntu/environment/general-airflow/venv/lib/python3.6/site-packages/airflow/example_dags/example_branch_operator.py
[2021-02-03 03:56:27,147] {scheduler_job.py:629} INFO - Processing file /home/ubuntu/environment/general-airflow/venv/lib/python3.6/site-packages/airflow/example_dags/example_branch_operator.py for tasks to queue
[2021-02-03 03:56:27,148] {logging_mixin.py:103} INFO - [2021-02-03 03:56:27,148] {dagbag.py:440} INFO - Filling up the DagBag from /home/ubuntu/environment/general-airflow/venv/lib/python3.6/site-packages/airflow/example_dags/example_branch_operator.py
[2021-02-03 03:56:27,162] {scheduler_job.py:639} INFO - DAG(s) dict_keys(['example_branch_operator']) retrieved from /home/ubuntu/environment/general-airflow/venv/lib/python3.6/site-packages/airflow/example_dags/example_branch_operator.py
[2021-02-03 03:56:27,164] {logging_mixin.py:103} INFO - [2021-02-03 03:56:27,164] {dag.py:1813} INFO - Sync 1 DAGs
[2021-02-03 03:56:27,187] {logging_mixin.py:103} INFO - [2021-02-03 03:56:27,187] {dag.py:2266} INFO - Setting next_dagrun for example_branch_operator to 2021-02-01 00:00:00+00:00
[2021-02-03 03:56:27,234] {scheduler_job.py:189} INFO - Processing /home/ubuntu/environment/general-airflow/venv/lib/python3.6/site-packages/airflow/example_dags/example_branch_operator.py took 0.092 seconds
[2021-02-03 03:56:56,156] {scheduler_job.py:181} INFO - Started process (PID=2212) to work on /home/ubuntu/environment/general-airflow/venv/lib/python3.6/site-packages/airflow/example_dags/example_branch_operator.py
[2021-02-03 03:56:56,160] {scheduler_job.py:629} INFO - Processing file /home/ubuntu/environment/general-airflow/venv/lib/python3.6/site-packages/airflow/example_dags/example_branch_operator.py for tasks to queue
[2021-02-03 03:56:56,161] {logging_mixin.py:103} INFO - [2021-02-03 03:56:56,160] {dagbag.py:440} INFO - Filling up the DagBag from /home/ubuntu/environment/general-airflow/venv/lib/python3.6/site-packages/airflow/example_dags/example_branch_operator.py
[2021-02-03 03:56:56,180] {scheduler_job.py:639} INFO - DAG(s) dict_keys(['example_branch_operator']) retrieved from /home/ubuntu/environment/general-airflow/venv/lib/python3.6/site-packages/airflow/example_dags/example_branch_operator.py
[2021-02-03 03:56:56,183] {logging_mixin.py:103} INFO - [2021-02-03 03:56:56,183] {dag.py:1813} INFO - Sync 1 DAGs
[2021-02-03 03:56:56,207] {logging_mixin.py:103} INFO - [2021-02-03 03:56:56,207] {dag.py:2266} INFO - Setting next_dagrun for example_branch_operator to 2021-02-01 00:00:00+00:00
[2021-02-03 03:56:56,219] {scheduler_job.py:189} INFO - Processing /home/ubuntu/environment/general-airflow/venv/lib/python3.6/site-packages/airflow/example_dags/example_branch_operator.py took 0.066 seconds
[2021-02-03 03:57:25,694] {scheduler_job.py:181} INFO - Started process (PID=2299) to work on /home/ubuntu/environment/general-airflow/venv/lib/python3.6/site-packages/airflow/example_dags/example_branch_operator.py
[2021-02-03 03:57:25,698] {scheduler_job.py:629} INFO - Processing file /home/ubuntu/environment/general-airflow/venv/lib/python3.6/site-packages/airflow/example_dags/example_branch_operator.py for tasks to queue
[2021-02-03 03:57:25,699] {logging_mixin.py:103} INFO - [2021-02-03 03:57:25,699] {dagbag.py:440} INFO - Filling up the DagBag from /home/ubuntu/environment/general-airflow/venv/lib/python3.6/site-packages/airflow/example_dags/example_branch_operator.py
[2021-02-03 03:57:25,719] {scheduler_job.py:639} INFO - DAG(s) dict_keys(['example_branch_operator']) retrieved from /home/ubuntu/environment/general-airflow/venv/lib/python3.6/site-packages/airflow/example_dags/example_branch_operator.py
[2021-02-03 03:57:25,722] {logging_mixin.py:103} INFO - [2021-02-03 03:57:25,722] {dag.py:1813} INFO - Sync 1 DAGs
[2021-02-03 03:57:25,747] {logging_mixin.py:103} INFO - [2021-02-03 03:57:25,746] {dag.py:2266} INFO - Setting next_dagrun for example_branch_operator to 2021-02-01 00:00:00+00:00
[2021-02-03 03:57:25,763] {scheduler_job.py:189} INFO - Processing /home/ubuntu/environment/general-airflow/venv/lib/python3.6/site-packages/airflow/example_dags/example_branch_operator.py took 0.072 seconds
[2021-02-03 03:57:54,302] {scheduler_job.py:181} INFO - Started process (PID=2381) to work on /home/ubuntu/environment/general-airflow/venv/lib/python3.6/site-packages/airflow/example_dags/example_branch_operator.py
[2021-02-03 03:57:54,306] {scheduler_job.py:629} INFO - Processing file /home/ubuntu/environment/general-airflow/venv/lib/python3.6/site-packages/airflow/example_dags/example_branch_operator.py for tasks to queue
[2021-02-03 03:57:54,307] {logging_mixin.py:103} INFO - [2021-02-03 03:57:54,307] {dagbag.py:440} INFO - Filling up the DagBag from /home/ubuntu/environment/general-airflow/venv/lib/python3.6/site-packages/airflow/example_dags/example_branch_operator.py
[2021-02-03 03:57:54,328] {scheduler_job.py:639} INFO - DAG(s) dict_keys(['example_branch_operator']) retrieved from /home/ubuntu/environment/general-airflow/venv/lib/python3.6/site-packages/airflow/example_dags/example_branch_operator.py
[2021-02-03 03:57:54,331] {logging_mixin.py:103} INFO - [2021-02-03 03:57:54,331] {dag.py:1813} INFO - Sync 1 DAGs
[2021-02-03 03:57:54,355] {logging_mixin.py:103} INFO - [2021-02-03 03:57:54,355] {dag.py:2266} INFO - Setting next_dagrun for example_branch_operator to 2021-02-01 00:00:00+00:00
[2021-02-03 03:57:54,371] {scheduler_job.py:189} INFO - Processing /home/ubuntu/environment/general-airflow/venv/lib/python3.6/site-packages/airflow/example_dags/example_branch_operator.py took 0.072 seconds
