[2021-02-03 03:56:32,618] {scheduler_job.py:181} INFO - Started process (PID=2146) to work on /home/ubuntu/environment/general-airflow/venv/lib/python3.6/site-packages/airflow/example_dags/example_latest_only_with_trigger.py
[2021-02-03 03:56:32,620] {scheduler_job.py:629} INFO - Processing file /home/ubuntu/environment/general-airflow/venv/lib/python3.6/site-packages/airflow/example_dags/example_latest_only_with_trigger.py for tasks to queue
[2021-02-03 03:56:32,621] {logging_mixin.py:103} INFO - [2021-02-03 03:56:32,621] {dagbag.py:440} INFO - Filling up the DagBag from /home/ubuntu/environment/general-airflow/venv/lib/python3.6/site-packages/airflow/example_dags/example_latest_only_with_trigger.py
[2021-02-03 03:56:32,632] {scheduler_job.py:639} INFO - DAG(s) dict_keys(['latest_only_with_trigger']) retrieved from /home/ubuntu/environment/general-airflow/venv/lib/python3.6/site-packages/airflow/example_dags/example_latest_only_with_trigger.py
[2021-02-03 03:56:32,634] {logging_mixin.py:103} INFO - [2021-02-03 03:56:32,634] {dag.py:1813} INFO - Sync 1 DAGs
[2021-02-03 03:56:32,652] {logging_mixin.py:103} INFO - [2021-02-03 03:56:32,651] {dag.py:2266} INFO - Setting next_dagrun for latest_only_with_trigger to 2021-02-01 00:00:00+00:00
[2021-02-03 03:56:32,705] {scheduler_job.py:189} INFO - Processing /home/ubuntu/environment/general-airflow/venv/lib/python3.6/site-packages/airflow/example_dags/example_latest_only_with_trigger.py took 0.090 seconds
[2021-02-03 03:57:01,305] {scheduler_job.py:181} INFO - Started process (PID=2239) to work on /home/ubuntu/environment/general-airflow/venv/lib/python3.6/site-packages/airflow/example_dags/example_latest_only_with_trigger.py
[2021-02-03 03:57:01,310] {scheduler_job.py:629} INFO - Processing file /home/ubuntu/environment/general-airflow/venv/lib/python3.6/site-packages/airflow/example_dags/example_latest_only_with_trigger.py for tasks to queue
[2021-02-03 03:57:01,311] {logging_mixin.py:103} INFO - [2021-02-03 03:57:01,311] {dagbag.py:440} INFO - Filling up the DagBag from /home/ubuntu/environment/general-airflow/venv/lib/python3.6/site-packages/airflow/example_dags/example_latest_only_with_trigger.py
[2021-02-03 03:57:01,330] {scheduler_job.py:639} INFO - DAG(s) dict_keys(['latest_only_with_trigger']) retrieved from /home/ubuntu/environment/general-airflow/venv/lib/python3.6/site-packages/airflow/example_dags/example_latest_only_with_trigger.py
[2021-02-03 03:57:01,335] {logging_mixin.py:103} INFO - [2021-02-03 03:57:01,334] {dag.py:1813} INFO - Sync 1 DAGs
[2021-02-03 03:57:01,356] {logging_mixin.py:103} INFO - [2021-02-03 03:57:01,356] {dag.py:2266} INFO - Setting next_dagrun for latest_only_with_trigger to 2021-02-01 00:00:00+00:00
[2021-02-03 03:57:01,369] {scheduler_job.py:189} INFO - Processing /home/ubuntu/environment/general-airflow/venv/lib/python3.6/site-packages/airflow/example_dags/example_latest_only_with_trigger.py took 0.066 seconds
[2021-02-03 03:57:30,444] {scheduler_job.py:181} INFO - Started process (PID=2312) to work on /home/ubuntu/environment/general-airflow/venv/lib/python3.6/site-packages/airflow/example_dags/example_latest_only_with_trigger.py
[2021-02-03 03:57:30,448] {scheduler_job.py:629} INFO - Processing file /home/ubuntu/environment/general-airflow/venv/lib/python3.6/site-packages/airflow/example_dags/example_latest_only_with_trigger.py for tasks to queue
[2021-02-03 03:57:30,450] {logging_mixin.py:103} INFO - [2021-02-03 03:57:30,450] {dagbag.py:440} INFO - Filling up the DagBag from /home/ubuntu/environment/general-airflow/venv/lib/python3.6/site-packages/airflow/example_dags/example_latest_only_with_trigger.py
[2021-02-03 03:57:30,463] {scheduler_job.py:639} INFO - DAG(s) dict_keys(['latest_only_with_trigger']) retrieved from /home/ubuntu/environment/general-airflow/venv/lib/python3.6/site-packages/airflow/example_dags/example_latest_only_with_trigger.py
[2021-02-03 03:57:30,467] {logging_mixin.py:103} INFO - [2021-02-03 03:57:30,466] {dag.py:1813} INFO - Sync 1 DAGs
[2021-02-03 03:57:30,485] {logging_mixin.py:103} INFO - [2021-02-03 03:57:30,485] {dag.py:2266} INFO - Setting next_dagrun for latest_only_with_trigger to 2021-02-01 00:00:00+00:00
[2021-02-03 03:57:30,500] {scheduler_job.py:189} INFO - Processing /home/ubuntu/environment/general-airflow/venv/lib/python3.6/site-packages/airflow/example_dags/example_latest_only_with_trigger.py took 0.058 seconds
