[2021-02-03 03:56:51,005] {scheduler_job.py:181} INFO - Started process (PID=2197) to work on /home/ubuntu/environment/general-airflow/venv/lib/python3.6/site-packages/airflow/example_dags/example_short_circuit_operator.py
[2021-02-03 03:56:51,008] {scheduler_job.py:629} INFO - Processing file /home/ubuntu/environment/general-airflow/venv/lib/python3.6/site-packages/airflow/example_dags/example_short_circuit_operator.py for tasks to queue
[2021-02-03 03:56:51,012] {logging_mixin.py:103} INFO - [2021-02-03 03:56:51,011] {dagbag.py:440} INFO - Filling up the DagBag from /home/ubuntu/environment/general-airflow/venv/lib/python3.6/site-packages/airflow/example_dags/example_short_circuit_operator.py
[2021-02-03 03:56:51,031] {scheduler_job.py:639} INFO - DAG(s) dict_keys(['example_short_circuit_operator']) retrieved from /home/ubuntu/environment/general-airflow/venv/lib/python3.6/site-packages/airflow/example_dags/example_short_circuit_operator.py
[2021-02-03 03:56:51,034] {logging_mixin.py:103} INFO - [2021-02-03 03:56:51,034] {dag.py:1813} INFO - Sync 1 DAGs
[2021-02-03 03:56:51,052] {logging_mixin.py:103} INFO - [2021-02-03 03:56:51,052] {dag.py:2266} INFO - Setting next_dagrun for example_short_circuit_operator to 2021-02-01 00:00:00+00:00
[2021-02-03 03:56:51,095] {scheduler_job.py:189} INFO - Processing /home/ubuntu/environment/general-airflow/venv/lib/python3.6/site-packages/airflow/example_dags/example_short_circuit_operator.py took 0.093 seconds
[2021-02-03 03:57:20,155] {scheduler_job.py:181} INFO - Started process (PID=2284) to work on /home/ubuntu/environment/general-airflow/venv/lib/python3.6/site-packages/airflow/example_dags/example_short_circuit_operator.py
[2021-02-03 03:57:20,159] {scheduler_job.py:629} INFO - Processing file /home/ubuntu/environment/general-airflow/venv/lib/python3.6/site-packages/airflow/example_dags/example_short_circuit_operator.py for tasks to queue
[2021-02-03 03:57:20,163] {logging_mixin.py:103} INFO - [2021-02-03 03:57:20,160] {dagbag.py:440} INFO - Filling up the DagBag from /home/ubuntu/environment/general-airflow/venv/lib/python3.6/site-packages/airflow/example_dags/example_short_circuit_operator.py
[2021-02-03 03:57:20,178] {scheduler_job.py:639} INFO - DAG(s) dict_keys(['example_short_circuit_operator']) retrieved from /home/ubuntu/environment/general-airflow/venv/lib/python3.6/site-packages/airflow/example_dags/example_short_circuit_operator.py
[2021-02-03 03:57:20,182] {logging_mixin.py:103} INFO - [2021-02-03 03:57:20,182] {dag.py:1813} INFO - Sync 1 DAGs
[2021-02-03 03:57:20,203] {logging_mixin.py:103} INFO - [2021-02-03 03:57:20,202] {dag.py:2266} INFO - Setting next_dagrun for example_short_circuit_operator to 2021-02-01 00:00:00+00:00
[2021-02-03 03:57:20,214] {scheduler_job.py:189} INFO - Processing /home/ubuntu/environment/general-airflow/venv/lib/python3.6/site-packages/airflow/example_dags/example_short_circuit_operator.py took 0.061 seconds
[2021-02-03 03:57:48,766] {scheduler_job.py:181} INFO - Started process (PID=2365) to work on /home/ubuntu/environment/general-airflow/venv/lib/python3.6/site-packages/airflow/example_dags/example_short_circuit_operator.py
[2021-02-03 03:57:48,770] {scheduler_job.py:629} INFO - Processing file /home/ubuntu/environment/general-airflow/venv/lib/python3.6/site-packages/airflow/example_dags/example_short_circuit_operator.py for tasks to queue
[2021-02-03 03:57:48,771] {logging_mixin.py:103} INFO - [2021-02-03 03:57:48,771] {dagbag.py:440} INFO - Filling up the DagBag from /home/ubuntu/environment/general-airflow/venv/lib/python3.6/site-packages/airflow/example_dags/example_short_circuit_operator.py
[2021-02-03 03:57:48,789] {scheduler_job.py:639} INFO - DAG(s) dict_keys(['example_short_circuit_operator']) retrieved from /home/ubuntu/environment/general-airflow/venv/lib/python3.6/site-packages/airflow/example_dags/example_short_circuit_operator.py
[2021-02-03 03:57:48,795] {logging_mixin.py:103} INFO - [2021-02-03 03:57:48,795] {dag.py:1813} INFO - Sync 1 DAGs
[2021-02-03 03:57:48,819] {logging_mixin.py:103} INFO - [2021-02-03 03:57:48,819] {dag.py:2266} INFO - Setting next_dagrun for example_short_circuit_operator to 2021-02-01 00:00:00+00:00
[2021-02-03 03:57:48,834] {scheduler_job.py:189} INFO - Processing /home/ubuntu/environment/general-airflow/venv/lib/python3.6/site-packages/airflow/example_dags/example_short_circuit_operator.py took 0.071 seconds
