[2021-02-03 03:56:36,612] {scheduler_job.py:181} INFO - Started process (PID=2157) to work on /home/ubuntu/environment/general-airflow/venv/lib/python3.6/site-packages/airflow/example_dags/tutorial.py
[2021-02-03 03:56:36,615] {scheduler_job.py:629} INFO - Processing file /home/ubuntu/environment/general-airflow/venv/lib/python3.6/site-packages/airflow/example_dags/tutorial.py for tasks to queue
[2021-02-03 03:56:36,617] {logging_mixin.py:103} INFO - [2021-02-03 03:56:36,617] {dagbag.py:440} INFO - Filling up the DagBag from /home/ubuntu/environment/general-airflow/venv/lib/python3.6/site-packages/airflow/example_dags/tutorial.py
[2021-02-03 03:56:36,627] {scheduler_job.py:639} INFO - DAG(s) dict_keys(['tutorial']) retrieved from /home/ubuntu/environment/general-airflow/venv/lib/python3.6/site-packages/airflow/example_dags/tutorial.py
[2021-02-03 03:56:36,629] {logging_mixin.py:103} INFO - [2021-02-03 03:56:36,629] {dag.py:1813} INFO - Sync 1 DAGs
[2021-02-03 03:56:36,646] {logging_mixin.py:103} INFO - [2021-02-03 03:56:36,646] {dag.py:2266} INFO - Setting next_dagrun for tutorial to 2021-02-01 00:00:00+00:00
[2021-02-03 03:56:36,689] {scheduler_job.py:189} INFO - Processing /home/ubuntu/environment/general-airflow/venv/lib/python3.6/site-packages/airflow/example_dags/tutorial.py took 0.079 seconds
[2021-02-03 03:57:04,712] {scheduler_job.py:181} INFO - Started process (PID=2244) to work on /home/ubuntu/environment/general-airflow/venv/lib/python3.6/site-packages/airflow/example_dags/tutorial.py
[2021-02-03 03:57:04,716] {scheduler_job.py:629} INFO - Processing file /home/ubuntu/environment/general-airflow/venv/lib/python3.6/site-packages/airflow/example_dags/tutorial.py for tasks to queue
[2021-02-03 03:57:04,717] {logging_mixin.py:103} INFO - [2021-02-03 03:57:04,717] {dagbag.py:440} INFO - Filling up the DagBag from /home/ubuntu/environment/general-airflow/venv/lib/python3.6/site-packages/airflow/example_dags/tutorial.py
[2021-02-03 03:57:04,732] {scheduler_job.py:639} INFO - DAG(s) dict_keys(['tutorial']) retrieved from /home/ubuntu/environment/general-airflow/venv/lib/python3.6/site-packages/airflow/example_dags/tutorial.py
[2021-02-03 03:57:04,737] {logging_mixin.py:103} INFO - [2021-02-03 03:57:04,737] {dag.py:1813} INFO - Sync 1 DAGs
[2021-02-03 03:57:04,758] {logging_mixin.py:103} INFO - [2021-02-03 03:57:04,758] {dag.py:2266} INFO - Setting next_dagrun for tutorial to 2021-02-01 00:00:00+00:00
[2021-02-03 03:57:04,769] {scheduler_job.py:189} INFO - Processing /home/ubuntu/environment/general-airflow/venv/lib/python3.6/site-packages/airflow/example_dags/tutorial.py took 0.060 seconds
[2021-02-03 03:57:33,325] {scheduler_job.py:181} INFO - Started process (PID=2324) to work on /home/ubuntu/environment/general-airflow/venv/lib/python3.6/site-packages/airflow/example_dags/tutorial.py
[2021-02-03 03:57:33,330] {scheduler_job.py:629} INFO - Processing file /home/ubuntu/environment/general-airflow/venv/lib/python3.6/site-packages/airflow/example_dags/tutorial.py for tasks to queue
[2021-02-03 03:57:33,330] {logging_mixin.py:103} INFO - [2021-02-03 03:57:33,330] {dagbag.py:440} INFO - Filling up the DagBag from /home/ubuntu/environment/general-airflow/venv/lib/python3.6/site-packages/airflow/example_dags/tutorial.py
[2021-02-03 03:57:33,346] {scheduler_job.py:639} INFO - DAG(s) dict_keys(['tutorial']) retrieved from /home/ubuntu/environment/general-airflow/venv/lib/python3.6/site-packages/airflow/example_dags/tutorial.py
[2021-02-03 03:57:33,350] {logging_mixin.py:103} INFO - [2021-02-03 03:57:33,349] {dag.py:1813} INFO - Sync 1 DAGs
[2021-02-03 03:57:33,374] {logging_mixin.py:103} INFO - [2021-02-03 03:57:33,374] {dag.py:2266} INFO - Setting next_dagrun for tutorial to 2021-02-01 00:00:00+00:00
[2021-02-03 03:57:33,392] {scheduler_job.py:189} INFO - Processing /home/ubuntu/environment/general-airflow/venv/lib/python3.6/site-packages/airflow/example_dags/tutorial.py took 0.070 seconds
