[2021-02-03 03:56:30,348] {scheduler_job.py:181} INFO - Started process (PID=2142) to work on /home/ubuntu/environment/general-airflow/venv/lib/python3.6/site-packages/airflow/example_dags/tutorial_taskflow_api_etl.py
[2021-02-03 03:56:30,350] {scheduler_job.py:629} INFO - Processing file /home/ubuntu/environment/general-airflow/venv/lib/python3.6/site-packages/airflow/example_dags/tutorial_taskflow_api_etl.py for tasks to queue
[2021-02-03 03:56:30,353] {logging_mixin.py:103} INFO - [2021-02-03 03:56:30,353] {dagbag.py:440} INFO - Filling up the DagBag from /home/ubuntu/environment/general-airflow/venv/lib/python3.6/site-packages/airflow/example_dags/tutorial_taskflow_api_etl.py
[2021-02-03 03:56:30,366] {scheduler_job.py:639} INFO - DAG(s) dict_keys(['tutorial_taskflow_api_etl']) retrieved from /home/ubuntu/environment/general-airflow/venv/lib/python3.6/site-packages/airflow/example_dags/tutorial_taskflow_api_etl.py
[2021-02-03 03:56:30,368] {logging_mixin.py:103} INFO - [2021-02-03 03:56:30,368] {dag.py:1813} INFO - Sync 1 DAGs
[2021-02-03 03:56:30,385] {logging_mixin.py:103} INFO - [2021-02-03 03:56:30,385] {dag.py:2266} INFO - Setting next_dagrun for tutorial_taskflow_api_etl to None
[2021-02-03 03:56:30,426] {scheduler_job.py:189} INFO - Processing /home/ubuntu/environment/general-airflow/venv/lib/python3.6/site-packages/airflow/example_dags/tutorial_taskflow_api_etl.py took 0.081 seconds
[2021-02-03 03:56:59,573] {scheduler_job.py:181} INFO - Started process (PID=2215) to work on /home/ubuntu/environment/general-airflow/venv/lib/python3.6/site-packages/airflow/example_dags/tutorial_taskflow_api_etl.py
[2021-02-03 03:56:59,578] {scheduler_job.py:629} INFO - Processing file /home/ubuntu/environment/general-airflow/venv/lib/python3.6/site-packages/airflow/example_dags/tutorial_taskflow_api_etl.py for tasks to queue
[2021-02-03 03:56:59,578] {logging_mixin.py:103} INFO - [2021-02-03 03:56:59,578] {dagbag.py:440} INFO - Filling up the DagBag from /home/ubuntu/environment/general-airflow/venv/lib/python3.6/site-packages/airflow/example_dags/tutorial_taskflow_api_etl.py
[2021-02-03 03:56:59,597] {scheduler_job.py:639} INFO - DAG(s) dict_keys(['tutorial_taskflow_api_etl']) retrieved from /home/ubuntu/environment/general-airflow/venv/lib/python3.6/site-packages/airflow/example_dags/tutorial_taskflow_api_etl.py
[2021-02-03 03:56:59,600] {logging_mixin.py:103} INFO - [2021-02-03 03:56:59,600] {dag.py:1813} INFO - Sync 1 DAGs
[2021-02-03 03:56:59,619] {logging_mixin.py:103} INFO - [2021-02-03 03:56:59,619] {dag.py:2266} INFO - Setting next_dagrun for tutorial_taskflow_api_etl to None
[2021-02-03 03:56:59,629] {scheduler_job.py:189} INFO - Processing /home/ubuntu/environment/general-airflow/venv/lib/python3.6/site-packages/airflow/example_dags/tutorial_taskflow_api_etl.py took 0.059 seconds
[2021-02-03 03:57:28,186] {scheduler_job.py:181} INFO - Started process (PID=2310) to work on /home/ubuntu/environment/general-airflow/venv/lib/python3.6/site-packages/airflow/example_dags/tutorial_taskflow_api_etl.py
[2021-02-03 03:57:28,190] {scheduler_job.py:629} INFO - Processing file /home/ubuntu/environment/general-airflow/venv/lib/python3.6/site-packages/airflow/example_dags/tutorial_taskflow_api_etl.py for tasks to queue
[2021-02-03 03:57:28,191] {logging_mixin.py:103} INFO - [2021-02-03 03:57:28,191] {dagbag.py:440} INFO - Filling up the DagBag from /home/ubuntu/environment/general-airflow/venv/lib/python3.6/site-packages/airflow/example_dags/tutorial_taskflow_api_etl.py
[2021-02-03 03:57:28,208] {scheduler_job.py:639} INFO - DAG(s) dict_keys(['tutorial_taskflow_api_etl']) retrieved from /home/ubuntu/environment/general-airflow/venv/lib/python3.6/site-packages/airflow/example_dags/tutorial_taskflow_api_etl.py
[2021-02-03 03:57:28,211] {logging_mixin.py:103} INFO - [2021-02-03 03:57:28,211] {dag.py:1813} INFO - Sync 1 DAGs
[2021-02-03 03:57:28,228] {logging_mixin.py:103} INFO - [2021-02-03 03:57:28,228] {dag.py:2266} INFO - Setting next_dagrun for tutorial_taskflow_api_etl to None
[2021-02-03 03:57:28,253] {scheduler_job.py:189} INFO - Processing /home/ubuntu/environment/general-airflow/venv/lib/python3.6/site-packages/airflow/example_dags/tutorial_taskflow_api_etl.py took 0.069 seconds
[2021-02-03 03:57:57,660] {scheduler_job.py:181} INFO - Started process (PID=2394) to work on /home/ubuntu/environment/general-airflow/venv/lib/python3.6/site-packages/airflow/example_dags/tutorial_taskflow_api_etl.py
[2021-02-03 03:57:57,664] {scheduler_job.py:629} INFO - Processing file /home/ubuntu/environment/general-airflow/venv/lib/python3.6/site-packages/airflow/example_dags/tutorial_taskflow_api_etl.py for tasks to queue
[2021-02-03 03:57:57,664] {logging_mixin.py:103} INFO - [2021-02-03 03:57:57,664] {dagbag.py:440} INFO - Filling up the DagBag from /home/ubuntu/environment/general-airflow/venv/lib/python3.6/site-packages/airflow/example_dags/tutorial_taskflow_api_etl.py
[2021-02-03 03:57:57,681] {scheduler_job.py:639} INFO - DAG(s) dict_keys(['tutorial_taskflow_api_etl']) retrieved from /home/ubuntu/environment/general-airflow/venv/lib/python3.6/site-packages/airflow/example_dags/tutorial_taskflow_api_etl.py
[2021-02-03 03:57:57,685] {logging_mixin.py:103} INFO - [2021-02-03 03:57:57,684] {dag.py:1813} INFO - Sync 1 DAGs
[2021-02-03 03:57:57,703] {logging_mixin.py:103} INFO - [2021-02-03 03:57:57,703] {dag.py:2266} INFO - Setting next_dagrun for tutorial_taskflow_api_etl to None
[2021-02-03 03:57:57,715] {scheduler_job.py:189} INFO - Processing /home/ubuntu/environment/general-airflow/venv/lib/python3.6/site-packages/airflow/example_dags/tutorial_taskflow_api_etl.py took 0.058 seconds
