[2021-02-18 22:34:40,270] {taskinstance.py:826} INFO - Dependencies all met for <TaskInstance: tweets_by_user.get_tweets_by_user_list 2021-02-17T00:07:00+00:00 [queued]>
[2021-02-18 22:34:40,276] {taskinstance.py:826} INFO - Dependencies all met for <TaskInstance: tweets_by_user.get_tweets_by_user_list 2021-02-17T00:07:00+00:00 [queued]>
[2021-02-18 22:34:40,276] {taskinstance.py:1017} INFO - 
--------------------------------------------------------------------------------
[2021-02-18 22:34:40,276] {taskinstance.py:1018} INFO - Starting attempt 1 of 2
[2021-02-18 22:34:40,276] {taskinstance.py:1019} INFO - 
--------------------------------------------------------------------------------
[2021-02-18 22:34:40,286] {taskinstance.py:1038} INFO - Executing <Task(PythonOperator): get_tweets_by_user_list> on 2021-02-17T00:07:00+00:00
[2021-02-18 22:34:40,288] {standard_task_runner.py:51} INFO - Started process 17485 to run task
[2021-02-18 22:34:40,293] {standard_task_runner.py:75} INFO - Running: ['airflow', 'tasks', 'run', 'tweets_by_user', 'get_tweets_by_user_list', '2021-02-17T00:07:00+00:00', '--job-id', '1067', '--pool', 'default_pool', '--raw', '--subdir', 'DAGS_FOLDER/tweets_by_user.py', '--cfg-path', '/tmp/tmptw2pb3cu']
[2021-02-18 22:34:40,295] {standard_task_runner.py:76} INFO - Job 1067: Subtask get_tweets_by_user_list
[2021-02-18 22:34:40,324] {logging_mixin.py:103} INFO - Running <TaskInstance: tweets_by_user.get_tweets_by_user_list 2021-02-17T00:07:00+00:00 [running]> on host ip-172-31-3-59.ec2.internal
[2021-02-18 22:34:40,346] {taskinstance.py:1232} INFO - Exporting the following env vars:
AIRFLOW_CTX_DAG_EMAIL=airflow@example.com
AIRFLOW_CTX_DAG_OWNER=airflow
AIRFLOW_CTX_DAG_ID=tweets_by_user
AIRFLOW_CTX_TASK_ID=get_tweets_by_user_list
AIRFLOW_CTX_EXECUTION_DATE=2021-02-17T00:07:00+00:00
AIRFLOW_CTX_DAG_RUN_ID=scheduled__2021-02-17T00:07:00+00:00
[2021-02-18 22:34:40,347] {logging_mixin.py:103} INFO - Autenticação no twitter
[2021-02-18 22:34:40,380] {logging_mixin.py:103} INFO - Autenticação no banco de dados twitter_data
[2021-02-18 22:34:40,534] {logging_mixin.py:103} INFO - Autenticação no banco de dados twitter_data
[2021-02-18 22:34:41,084] {logging_mixin.py:103} INFO - 200
[2021-02-18 22:34:41,092] {logging_mixin.py:103} INFO - Autenticação no banco de dados twitter_data
[2021-02-18 22:34:41,232] {logging_mixin.py:103} INFO - Autenticação no banco de dados twitter_data
[2021-02-18 22:34:41,685] {logging_mixin.py:103} INFO - 400
[2021-02-18 22:34:41,693] {logging_mixin.py:103} INFO - Autenticação no banco de dados twitter_data
[2021-02-18 22:34:41,824] {logging_mixin.py:103} INFO - Autenticação no banco de dados twitter_data
[2021-02-18 22:34:42,295] {logging_mixin.py:103} INFO - 600
[2021-02-18 22:34:42,298] {logging_mixin.py:103} INFO - 0:00:01.951057
[2021-02-18 22:34:42,298] {logging_mixin.py:103} INFO - 600
[2021-02-18 22:34:44,281] {logging_mixin.py:103} INFO - 0:00:01.983426
[2021-02-18 22:34:44,297] {logging_mixin.py:103} INFO - Autenticação no banco de dados twitter_data
[2021-02-18 22:34:44,319] {logging_mixin.py:103} INFO - 0:00:00.037423
[2021-02-18 22:34:44,319] {logging_mixin.py:103} INFO - 600 devidamente inseridas no banco
[2021-02-18 22:34:44,321] {python.py:118} INFO - Done. Returned value was: None
[2021-02-18 22:34:44,324] {taskinstance.py:1142} INFO - Marking task as SUCCESS. dag_id=tweets_by_user, task_id=get_tweets_by_user_list, execution_date=20210217T000700, start_date=20210218T223440, end_date=20210218T223444
[2021-02-18 22:34:44,344] {taskinstance.py:1195} INFO - 1 downstream tasks scheduled from follow-on schedule check
[2021-02-18 22:34:44,358] {local_task_job.py:118} INFO - Task exited with return code 0
