[2021-02-18 22:37:22,258] {taskinstance.py:826} INFO - Dependencies all met for <TaskInstance: tweets_by_user.get_tweets_by_user_list 2021-02-18T22:35:00+00:00 [queued]>
[2021-02-18 22:37:22,264] {taskinstance.py:826} INFO - Dependencies all met for <TaskInstance: tweets_by_user.get_tweets_by_user_list 2021-02-18T22:35:00+00:00 [queued]>
[2021-02-18 22:37:22,264] {taskinstance.py:1017} INFO - 
--------------------------------------------------------------------------------
[2021-02-18 22:37:22,264] {taskinstance.py:1018} INFO - Starting attempt 1 of 2
[2021-02-18 22:37:22,264] {taskinstance.py:1019} INFO - 
--------------------------------------------------------------------------------
[2021-02-18 22:37:22,275] {taskinstance.py:1038} INFO - Executing <Task(PythonOperator): get_tweets_by_user_list> on 2021-02-18T22:35:00+00:00
[2021-02-18 22:37:22,277] {standard_task_runner.py:51} INFO - Started process 17891 to run task
[2021-02-18 22:37:22,282] {standard_task_runner.py:75} INFO - Running: ['airflow', 'tasks', 'run', 'tweets_by_user', 'get_tweets_by_user_list', '2021-02-18T22:35:00+00:00', '--job-id', '1120', '--pool', 'default_pool', '--raw', '--subdir', 'DAGS_FOLDER/tweets_by_user.py', '--cfg-path', '/tmp/tmpawycnifx']
[2021-02-18 22:37:22,284] {standard_task_runner.py:76} INFO - Job 1120: Subtask get_tweets_by_user_list
[2021-02-18 22:37:22,312] {logging_mixin.py:103} INFO - Running <TaskInstance: tweets_by_user.get_tweets_by_user_list 2021-02-18T22:35:00+00:00 [running]> on host ip-172-31-3-59.ec2.internal
[2021-02-18 22:37:22,334] {taskinstance.py:1232} INFO - Exporting the following env vars:
AIRFLOW_CTX_DAG_EMAIL=airflow@example.com
AIRFLOW_CTX_DAG_OWNER=airflow
AIRFLOW_CTX_DAG_ID=tweets_by_user
AIRFLOW_CTX_TASK_ID=get_tweets_by_user_list
AIRFLOW_CTX_EXECUTION_DATE=2021-02-18T22:35:00+00:00
AIRFLOW_CTX_DAG_RUN_ID=scheduled__2021-02-18T22:35:00+00:00
[2021-02-18 22:37:22,335] {logging_mixin.py:103} INFO - Autenticação no twitter
[2021-02-18 22:37:22,349] {logging_mixin.py:103} INFO - Autenticação no banco de dados twitter_data
[2021-02-18 22:37:22,533] {logging_mixin.py:103} INFO - Autenticação no banco de dados twitter_data
[2021-02-18 22:37:23,139] {logging_mixin.py:103} INFO - 200
[2021-02-18 22:37:23,148] {logging_mixin.py:103} INFO - Autenticação no banco de dados twitter_data
[2021-02-18 22:37:23,309] {logging_mixin.py:103} INFO - Autenticação no banco de dados twitter_data
[2021-02-18 22:37:23,807] {logging_mixin.py:103} INFO - 400
[2021-02-18 22:37:23,825] {logging_mixin.py:103} INFO - Autenticação no banco de dados twitter_data
[2021-02-18 22:37:24,005] {logging_mixin.py:103} INFO - Autenticação no banco de dados twitter_data
[2021-02-18 22:37:24,378] {logging_mixin.py:103} INFO - 600
[2021-02-18 22:37:24,382] {logging_mixin.py:103} INFO - 0:00:02.047462
[2021-02-18 22:37:24,382] {logging_mixin.py:103} INFO - 600
[2021-02-18 22:37:26,302] {logging_mixin.py:103} INFO - 0:00:01.920499
[2021-02-18 22:37:26,330] {logging_mixin.py:103} INFO - Autenticação no banco de dados twitter_data
[2021-02-18 22:37:26,353] {logging_mixin.py:103} INFO - 0:00:00.050250
[2021-02-18 22:37:26,353] {logging_mixin.py:103} INFO - 600 devidamente inseridas no banco
[2021-02-18 22:37:26,354] {python.py:118} INFO - Done. Returned value was: None
[2021-02-18 22:37:26,358] {taskinstance.py:1142} INFO - Marking task as SUCCESS. dag_id=tweets_by_user, task_id=get_tweets_by_user_list, execution_date=20210218T223500, start_date=20210218T223722, end_date=20210218T223726
[2021-02-18 22:37:26,379] {taskinstance.py:1195} INFO - 1 downstream tasks scheduled from follow-on schedule check
[2021-02-18 22:37:26,386] {local_task_job.py:118} INFO - Task exited with return code 0
