[2021-02-18 22:36:07,743] {taskinstance.py:826} INFO - Dependencies all met for <TaskInstance: tweets_by_user.get_tweets_by_user_list 2021-02-18T22:27:00+00:00 [queued]>
[2021-02-18 22:36:07,749] {taskinstance.py:826} INFO - Dependencies all met for <TaskInstance: tweets_by_user.get_tweets_by_user_list 2021-02-18T22:27:00+00:00 [queued]>
[2021-02-18 22:36:07,749] {taskinstance.py:1017} INFO - 
--------------------------------------------------------------------------------
[2021-02-18 22:36:07,749] {taskinstance.py:1018} INFO - Starting attempt 1 of 2
[2021-02-18 22:36:07,749] {taskinstance.py:1019} INFO - 
--------------------------------------------------------------------------------
[2021-02-18 22:36:07,759] {taskinstance.py:1038} INFO - Executing <Task(PythonOperator): get_tweets_by_user_list> on 2021-02-18T22:27:00+00:00
[2021-02-18 22:36:07,761] {standard_task_runner.py:51} INFO - Started process 17711 to run task
[2021-02-18 22:36:07,767] {standard_task_runner.py:75} INFO - Running: ['airflow', 'tasks', 'run', 'tweets_by_user', 'get_tweets_by_user_list', '2021-02-18T22:27:00+00:00', '--job-id', '1096', '--pool', 'default_pool', '--raw', '--subdir', 'DAGS_FOLDER/tweets_by_user.py', '--cfg-path', '/tmp/tmpj7wjh_d_']
[2021-02-18 22:36:07,769] {standard_task_runner.py:76} INFO - Job 1096: Subtask get_tweets_by_user_list
[2021-02-18 22:36:07,798] {logging_mixin.py:103} INFO - Running <TaskInstance: tweets_by_user.get_tweets_by_user_list 2021-02-18T22:27:00+00:00 [running]> on host ip-172-31-3-59.ec2.internal
[2021-02-18 22:36:07,820] {taskinstance.py:1232} INFO - Exporting the following env vars:
AIRFLOW_CTX_DAG_EMAIL=airflow@example.com
AIRFLOW_CTX_DAG_OWNER=airflow
AIRFLOW_CTX_DAG_ID=tweets_by_user
AIRFLOW_CTX_TASK_ID=get_tweets_by_user_list
AIRFLOW_CTX_EXECUTION_DATE=2021-02-18T22:27:00+00:00
AIRFLOW_CTX_DAG_RUN_ID=scheduled__2021-02-18T22:27:00+00:00
[2021-02-18 22:36:07,822] {logging_mixin.py:103} INFO - Autenticação no twitter
[2021-02-18 22:36:07,838] {logging_mixin.py:103} INFO - Autenticação no banco de dados twitter_data
[2021-02-18 22:36:07,986] {logging_mixin.py:103} INFO - Autenticação no banco de dados twitter_data
[2021-02-18 22:36:08,390] {logging_mixin.py:103} INFO - 200
[2021-02-18 22:36:08,399] {logging_mixin.py:103} INFO - Autenticação no banco de dados twitter_data
[2021-02-18 22:36:08,538] {logging_mixin.py:103} INFO - Autenticação no banco de dados twitter_data
[2021-02-18 22:36:08,957] {logging_mixin.py:103} INFO - 400
[2021-02-18 22:36:08,966] {logging_mixin.py:103} INFO - Autenticação no banco de dados twitter_data
[2021-02-18 22:36:09,121] {logging_mixin.py:103} INFO - Autenticação no banco de dados twitter_data
[2021-02-18 22:36:09,571] {logging_mixin.py:103} INFO - 600
[2021-02-18 22:36:09,575] {logging_mixin.py:103} INFO - 0:00:01.753562
[2021-02-18 22:36:09,575] {logging_mixin.py:103} INFO - 600
[2021-02-18 22:36:11,539] {logging_mixin.py:103} INFO - 0:00:01.964714
[2021-02-18 22:36:11,587] {logging_mixin.py:103} INFO - Autenticação no banco de dados twitter_data
[2021-02-18 22:36:11,608] {logging_mixin.py:103} INFO - 0:00:00.068791
[2021-02-18 22:36:11,609] {logging_mixin.py:103} INFO - 600 devidamente inseridas no banco
[2021-02-18 22:36:11,611] {python.py:118} INFO - Done. Returned value was: None
[2021-02-18 22:36:11,614] {taskinstance.py:1142} INFO - Marking task as SUCCESS. dag_id=tweets_by_user, task_id=get_tweets_by_user_list, execution_date=20210218T222700, start_date=20210218T223607, end_date=20210218T223611
[2021-02-18 22:36:11,634] {taskinstance.py:1195} INFO - 1 downstream tasks scheduled from follow-on schedule check
[2021-02-18 22:36:11,671] {local_task_job.py:118} INFO - Task exited with return code 0
