[2021-02-18 22:34:29,425] {taskinstance.py:826} INFO - Dependencies all met for <TaskInstance: tweets_by_user.get_tweets_by_user_list 2021-02-17T00:05:00+00:00 [queued]>
[2021-02-18 22:34:29,431] {taskinstance.py:826} INFO - Dependencies all met for <TaskInstance: tweets_by_user.get_tweets_by_user_list 2021-02-17T00:05:00+00:00 [queued]>
[2021-02-18 22:34:29,431] {taskinstance.py:1017} INFO - 
--------------------------------------------------------------------------------
[2021-02-18 22:34:29,432] {taskinstance.py:1018} INFO - Starting attempt 1 of 2
[2021-02-18 22:34:29,432] {taskinstance.py:1019} INFO - 
--------------------------------------------------------------------------------
[2021-02-18 22:34:29,442] {taskinstance.py:1038} INFO - Executing <Task(PythonOperator): get_tweets_by_user_list> on 2021-02-17T00:05:00+00:00
[2021-02-18 22:34:29,444] {standard_task_runner.py:51} INFO - Started process 17474 to run task
[2021-02-18 22:34:29,449] {standard_task_runner.py:75} INFO - Running: ['airflow', 'tasks', 'run', 'tweets_by_user', 'get_tweets_by_user_list', '2021-02-17T00:05:00+00:00', '--job-id', '1065', '--pool', 'default_pool', '--raw', '--subdir', 'DAGS_FOLDER/tweets_by_user.py', '--cfg-path', '/tmp/tmpfl42lmnd']
[2021-02-18 22:34:29,452] {standard_task_runner.py:76} INFO - Job 1065: Subtask get_tweets_by_user_list
[2021-02-18 22:34:29,481] {logging_mixin.py:103} INFO - Running <TaskInstance: tweets_by_user.get_tweets_by_user_list 2021-02-17T00:05:00+00:00 [running]> on host ip-172-31-3-59.ec2.internal
[2021-02-18 22:34:29,502] {taskinstance.py:1232} INFO - Exporting the following env vars:
AIRFLOW_CTX_DAG_EMAIL=airflow@example.com
AIRFLOW_CTX_DAG_OWNER=airflow
AIRFLOW_CTX_DAG_ID=tweets_by_user
AIRFLOW_CTX_TASK_ID=get_tweets_by_user_list
AIRFLOW_CTX_EXECUTION_DATE=2021-02-17T00:05:00+00:00
AIRFLOW_CTX_DAG_RUN_ID=scheduled__2021-02-17T00:05:00+00:00
[2021-02-18 22:34:29,504] {logging_mixin.py:103} INFO - Autenticação no twitter
[2021-02-18 22:34:29,548] {logging_mixin.py:103} INFO - Autenticação no banco de dados twitter_data
[2021-02-18 22:34:29,712] {logging_mixin.py:103} INFO - Autenticação no banco de dados twitter_data
[2021-02-18 22:34:30,123] {logging_mixin.py:103} INFO - 200
[2021-02-18 22:34:30,131] {logging_mixin.py:103} INFO - Autenticação no banco de dados twitter_data
[2021-02-18 22:34:30,314] {logging_mixin.py:103} INFO - Autenticação no banco de dados twitter_data
[2021-02-18 22:34:30,709] {logging_mixin.py:103} INFO - 400
[2021-02-18 22:34:30,718] {logging_mixin.py:103} INFO - Autenticação no banco de dados twitter_data
[2021-02-18 22:34:30,848] {logging_mixin.py:103} INFO - Autenticação no banco de dados twitter_data
[2021-02-18 22:34:31,290] {logging_mixin.py:103} INFO - 600
[2021-02-18 22:34:31,293] {logging_mixin.py:103} INFO - 0:00:01.790359
[2021-02-18 22:34:31,293] {logging_mixin.py:103} INFO - 600
[2021-02-18 22:34:33,254] {logging_mixin.py:103} INFO - 0:00:01.960548
[2021-02-18 22:34:33,271] {logging_mixin.py:103} INFO - Autenticação no banco de dados twitter_data
[2021-02-18 22:34:33,292] {logging_mixin.py:103} INFO - 0:00:00.038058
[2021-02-18 22:34:33,292] {logging_mixin.py:103} INFO - 600 devidamente inseridas no banco
[2021-02-18 22:34:33,294] {python.py:118} INFO - Done. Returned value was: None
[2021-02-18 22:34:33,297] {taskinstance.py:1142} INFO - Marking task as SUCCESS. dag_id=tweets_by_user, task_id=get_tweets_by_user_list, execution_date=20210217T000500, start_date=20210218T223429, end_date=20210218T223433
[2021-02-18 22:34:33,317] {taskinstance.py:1195} INFO - 1 downstream tasks scheduled from follow-on schedule check
[2021-02-18 22:34:33,353] {local_task_job.py:118} INFO - Task exited with return code 0
