[2021-02-18 22:57:04,219] {taskinstance.py:826} INFO - Dependencies all met for <TaskInstance: tweets_by_user.get_tweets_by_user_list 2021-02-18T22:56:00+00:00 [queued]>
[2021-02-18 22:57:04,225] {taskinstance.py:826} INFO - Dependencies all met for <TaskInstance: tweets_by_user.get_tweets_by_user_list 2021-02-18T22:56:00+00:00 [queued]>
[2021-02-18 22:57:04,225] {taskinstance.py:1017} INFO - 
--------------------------------------------------------------------------------
[2021-02-18 22:57:04,225] {taskinstance.py:1018} INFO - Starting attempt 1 of 2
[2021-02-18 22:57:04,225] {taskinstance.py:1019} INFO - 
--------------------------------------------------------------------------------
[2021-02-18 22:57:04,234] {taskinstance.py:1038} INFO - Executing <Task(PythonOperator): get_tweets_by_user_list> on 2021-02-18T22:56:00+00:00
[2021-02-18 22:57:04,237] {standard_task_runner.py:51} INFO - Started process 20366 to run task
[2021-02-18 22:57:04,242] {standard_task_runner.py:75} INFO - Running: ['airflow', 'tasks', 'run', 'tweets_by_user', 'get_tweets_by_user_list', '2021-02-18T22:56:00+00:00', '--job-id', '1183', '--pool', 'default_pool', '--raw', '--subdir', 'DAGS_FOLDER/tweets_by_user.py', '--cfg-path', '/tmp/tmpxvgjhnjy']
[2021-02-18 22:57:04,245] {standard_task_runner.py:76} INFO - Job 1183: Subtask get_tweets_by_user_list
[2021-02-18 22:57:04,272] {logging_mixin.py:103} INFO - Running <TaskInstance: tweets_by_user.get_tweets_by_user_list 2021-02-18T22:56:00+00:00 [running]> on host ip-172-31-3-59.ec2.internal
[2021-02-18 22:57:04,299] {taskinstance.py:1232} INFO - Exporting the following env vars:
AIRFLOW_CTX_DAG_EMAIL=airflow@example.com
AIRFLOW_CTX_DAG_OWNER=airflow
AIRFLOW_CTX_DAG_ID=tweets_by_user
AIRFLOW_CTX_TASK_ID=get_tweets_by_user_list
AIRFLOW_CTX_EXECUTION_DATE=2021-02-18T22:56:00+00:00
AIRFLOW_CTX_DAG_RUN_ID=scheduled__2021-02-18T22:56:00+00:00
[2021-02-18 22:57:04,300] {logging_mixin.py:103} INFO - Autenticação no twitter
[2021-02-18 22:57:04,316] {logging_mixin.py:103} INFO - Autenticação no banco de dados twitter_data
[2021-02-18 22:57:04,474] {logging_mixin.py:103} INFO - Autenticação no banco de dados twitter_data
[2021-02-18 22:57:05,020] {logging_mixin.py:103} INFO - 200
[2021-02-18 22:57:05,029] {logging_mixin.py:103} INFO - Autenticação no banco de dados twitter_data
[2021-02-18 22:57:05,208] {logging_mixin.py:103} INFO - Autenticação no banco de dados twitter_data
[2021-02-18 22:57:05,727] {logging_mixin.py:103} INFO - 400
[2021-02-18 22:57:05,736] {logging_mixin.py:103} INFO - Autenticação no banco de dados twitter_data
[2021-02-18 22:57:05,890] {logging_mixin.py:103} INFO - Autenticação no banco de dados twitter_data
[2021-02-18 22:57:06,441] {logging_mixin.py:103} INFO - 600
[2021-02-18 22:57:06,450] {logging_mixin.py:103} INFO - Autenticação no banco de dados twitter_data
[2021-02-18 22:57:06,604] {logging_mixin.py:103} INFO - Autenticação no banco de dados twitter_data
[2021-02-18 22:57:07,184] {logging_mixin.py:103} INFO - 800
[2021-02-18 22:57:07,187] {logging_mixin.py:103} INFO - 0:00:02.887817
[2021-02-18 22:57:07,187] {logging_mixin.py:103} INFO - 800
[2021-02-18 22:57:09,840] {logging_mixin.py:103} INFO - 0:00:02.652814
[2021-02-18 22:57:09,879] {logging_mixin.py:103} INFO - Autenticação no banco de dados twitter_data
[2021-02-18 22:57:09,906] {logging_mixin.py:103} INFO - 0:00:00.065329
[2021-02-18 22:57:09,906] {logging_mixin.py:103} INFO - 800 devidamente inseridas no banco
[2021-02-18 22:57:09,908] {python.py:118} INFO - Done. Returned value was: None
[2021-02-18 22:57:09,911] {taskinstance.py:1142} INFO - Marking task as SUCCESS. dag_id=tweets_by_user, task_id=get_tweets_by_user_list, execution_date=20210218T225600, start_date=20210218T225704, end_date=20210218T225709
[2021-02-18 22:57:09,934] {taskinstance.py:1195} INFO - 1 downstream tasks scheduled from follow-on schedule check
[2021-02-18 22:57:09,947] {local_task_job.py:118} INFO - Task exited with return code 0
