[2021-02-18 22:55:04,322] {taskinstance.py:826} INFO - Dependencies all met for <TaskInstance: tweets_by_user.get_tweets_by_user_list 2021-02-18T22:54:00+00:00 [queued]>
[2021-02-18 22:55:04,328] {taskinstance.py:826} INFO - Dependencies all met for <TaskInstance: tweets_by_user.get_tweets_by_user_list 2021-02-18T22:54:00+00:00 [queued]>
[2021-02-18 22:55:04,328] {taskinstance.py:1017} INFO - 
--------------------------------------------------------------------------------
[2021-02-18 22:55:04,328] {taskinstance.py:1018} INFO - Starting attempt 1 of 2
[2021-02-18 22:55:04,328] {taskinstance.py:1019} INFO - 
--------------------------------------------------------------------------------
[2021-02-18 22:55:04,337] {taskinstance.py:1038} INFO - Executing <Task(PythonOperator): get_tweets_by_user_list> on 2021-02-18T22:54:00+00:00
[2021-02-18 22:55:04,339] {standard_task_runner.py:51} INFO - Started process 20156 to run task
[2021-02-18 22:55:04,345] {standard_task_runner.py:75} INFO - Running: ['airflow', 'tasks', 'run', 'tweets_by_user', 'get_tweets_by_user_list', '2021-02-18T22:54:00+00:00', '--job-id', '1177', '--pool', 'default_pool', '--raw', '--subdir', 'DAGS_FOLDER/tweets_by_user.py', '--cfg-path', '/tmp/tmpi7baqnq8']
[2021-02-18 22:55:04,347] {standard_task_runner.py:76} INFO - Job 1177: Subtask get_tweets_by_user_list
[2021-02-18 22:55:04,375] {logging_mixin.py:103} INFO - Running <TaskInstance: tweets_by_user.get_tweets_by_user_list 2021-02-18T22:54:00+00:00 [running]> on host ip-172-31-3-59.ec2.internal
[2021-02-18 22:55:04,400] {taskinstance.py:1232} INFO - Exporting the following env vars:
AIRFLOW_CTX_DAG_EMAIL=airflow@example.com
AIRFLOW_CTX_DAG_OWNER=airflow
AIRFLOW_CTX_DAG_ID=tweets_by_user
AIRFLOW_CTX_TASK_ID=get_tweets_by_user_list
AIRFLOW_CTX_EXECUTION_DATE=2021-02-18T22:54:00+00:00
AIRFLOW_CTX_DAG_RUN_ID=scheduled__2021-02-18T22:54:00+00:00
[2021-02-18 22:55:04,401] {logging_mixin.py:103} INFO - Autenticação no twitter
[2021-02-18 22:55:04,416] {logging_mixin.py:103} INFO - Autenticação no banco de dados twitter_data
[2021-02-18 22:55:04,601] {logging_mixin.py:103} INFO - Autenticação no banco de dados twitter_data
[2021-02-18 22:55:05,152] {logging_mixin.py:103} INFO - 200
[2021-02-18 22:55:05,161] {logging_mixin.py:103} INFO - Autenticação no banco de dados twitter_data
[2021-02-18 22:55:05,321] {logging_mixin.py:103} INFO - Autenticação no banco de dados twitter_data
[2021-02-18 22:55:05,784] {logging_mixin.py:103} INFO - 400
[2021-02-18 22:55:05,792] {logging_mixin.py:103} INFO - Autenticação no banco de dados twitter_data
[2021-02-18 22:55:05,949] {logging_mixin.py:103} INFO - Autenticação no banco de dados twitter_data
[2021-02-18 22:55:06,469] {logging_mixin.py:103} INFO - 600
[2021-02-18 22:55:06,480] {logging_mixin.py:103} INFO - Autenticação no banco de dados twitter_data
[2021-02-18 22:55:06,637] {logging_mixin.py:103} INFO - Autenticação no banco de dados twitter_data
[2021-02-18 22:55:07,105] {logging_mixin.py:103} INFO - 800
[2021-02-18 22:55:07,108] {logging_mixin.py:103} INFO - 0:00:02.707574
[2021-02-18 22:55:07,108] {logging_mixin.py:103} INFO - 800
[2021-02-18 22:55:09,720] {logging_mixin.py:103} INFO - 0:00:02.611751
[2021-02-18 22:55:09,764] {logging_mixin.py:103} INFO - Autenticação no banco de dados twitter_data
[2021-02-18 22:55:09,796] {logging_mixin.py:103} INFO - 0:00:00.075503
[2021-02-18 22:55:09,796] {logging_mixin.py:103} INFO - 800 devidamente inseridas no banco
[2021-02-18 22:55:09,798] {python.py:118} INFO - Done. Returned value was: None
[2021-02-18 22:55:09,801] {taskinstance.py:1142} INFO - Marking task as SUCCESS. dag_id=tweets_by_user, task_id=get_tweets_by_user_list, execution_date=20210218T225400, start_date=20210218T225504, end_date=20210218T225509
[2021-02-18 22:55:09,821] {taskinstance.py:1195} INFO - 1 downstream tasks scheduled from follow-on schedule check
[2021-02-18 22:55:09,848] {local_task_job.py:118} INFO - Task exited with return code 0
