[2021-02-18 22:47:04,606] {taskinstance.py:826} INFO - Dependencies all met for <TaskInstance: tweets_by_user.get_tweets_by_user_list 2021-02-18T22:46:00+00:00 [queued]>
[2021-02-18 22:47:04,612] {taskinstance.py:826} INFO - Dependencies all met for <TaskInstance: tweets_by_user.get_tweets_by_user_list 2021-02-18T22:46:00+00:00 [queued]>
[2021-02-18 22:47:04,612] {taskinstance.py:1017} INFO - 
--------------------------------------------------------------------------------
[2021-02-18 22:47:04,612] {taskinstance.py:1018} INFO - Starting attempt 1 of 2
[2021-02-18 22:47:04,612] {taskinstance.py:1019} INFO - 
--------------------------------------------------------------------------------
[2021-02-18 22:47:04,622] {taskinstance.py:1038} INFO - Executing <Task(PythonOperator): get_tweets_by_user_list> on 2021-02-18T22:46:00+00:00
[2021-02-18 22:47:04,624] {standard_task_runner.py:51} INFO - Started process 19196 to run task
[2021-02-18 22:47:04,629] {standard_task_runner.py:75} INFO - Running: ['airflow', 'tasks', 'run', 'tweets_by_user', 'get_tweets_by_user_list', '2021-02-18T22:46:00+00:00', '--job-id', '1153', '--pool', 'default_pool', '--raw', '--subdir', 'DAGS_FOLDER/tweets_by_user.py', '--cfg-path', '/tmp/tmp4buswott']
[2021-02-18 22:47:04,632] {standard_task_runner.py:76} INFO - Job 1153: Subtask get_tweets_by_user_list
[2021-02-18 22:47:04,661] {logging_mixin.py:103} INFO - Running <TaskInstance: tweets_by_user.get_tweets_by_user_list 2021-02-18T22:46:00+00:00 [running]> on host ip-172-31-3-59.ec2.internal
[2021-02-18 22:47:04,688] {taskinstance.py:1232} INFO - Exporting the following env vars:
AIRFLOW_CTX_DAG_EMAIL=airflow@example.com
AIRFLOW_CTX_DAG_OWNER=airflow
AIRFLOW_CTX_DAG_ID=tweets_by_user
AIRFLOW_CTX_TASK_ID=get_tweets_by_user_list
AIRFLOW_CTX_EXECUTION_DATE=2021-02-18T22:46:00+00:00
AIRFLOW_CTX_DAG_RUN_ID=scheduled__2021-02-18T22:46:00+00:00
[2021-02-18 22:47:04,689] {logging_mixin.py:103} INFO - Autenticação no twitter
[2021-02-18 22:47:04,706] {logging_mixin.py:103} INFO - Autenticação no banco de dados twitter_data
[2021-02-18 22:47:04,893] {logging_mixin.py:103} INFO - Autenticação no banco de dados twitter_data
[2021-02-18 22:47:06,907] {logging_mixin.py:103} INFO - 200
[2021-02-18 22:47:06,916] {logging_mixin.py:103} INFO - Autenticação no banco de dados twitter_data
[2021-02-18 22:47:07,071] {logging_mixin.py:103} INFO - Autenticação no banco de dados twitter_data
[2021-02-18 22:47:07,675] {logging_mixin.py:103} INFO - 400
[2021-02-18 22:47:07,684] {logging_mixin.py:103} INFO - Autenticação no banco de dados twitter_data
[2021-02-18 22:47:07,849] {logging_mixin.py:103} INFO - Autenticação no banco de dados twitter_data
[2021-02-18 22:47:08,256] {logging_mixin.py:103} INFO - 600
[2021-02-18 22:47:08,259] {logging_mixin.py:103} INFO - 0:00:03.571260
[2021-02-18 22:47:08,259] {logging_mixin.py:103} INFO - 600
[2021-02-18 22:47:10,246] {logging_mixin.py:103} INFO - 0:00:01.985914
[2021-02-18 22:47:10,271] {logging_mixin.py:103} INFO - Autenticação no banco de dados twitter_data
[2021-02-18 22:47:10,292] {logging_mixin.py:103} INFO - 0:00:00.045898
[2021-02-18 22:47:10,292] {logging_mixin.py:103} INFO - 600 devidamente inseridas no banco
[2021-02-18 22:47:10,293] {python.py:118} INFO - Done. Returned value was: None
[2021-02-18 22:47:10,296] {taskinstance.py:1142} INFO - Marking task as SUCCESS. dag_id=tweets_by_user, task_id=get_tweets_by_user_list, execution_date=20210218T224600, start_date=20210218T224704, end_date=20210218T224710
[2021-02-18 22:47:10,317] {taskinstance.py:1195} INFO - 1 downstream tasks scheduled from follow-on schedule check
[2021-02-18 22:47:10,337] {local_task_job.py:118} INFO - Task exited with return code 0
