[2021-02-18 22:36:35,272] {taskinstance.py:826} INFO - Dependencies all met for <TaskInstance: tweets_by_user.get_tweets_by_user_list 2021-02-18T22:30:00+00:00 [queued]>
[2021-02-18 22:36:35,277] {taskinstance.py:826} INFO - Dependencies all met for <TaskInstance: tweets_by_user.get_tweets_by_user_list 2021-02-18T22:30:00+00:00 [queued]>
[2021-02-18 22:36:35,278] {taskinstance.py:1017} INFO - 
--------------------------------------------------------------------------------
[2021-02-18 22:36:35,278] {taskinstance.py:1018} INFO - Starting attempt 1 of 2
[2021-02-18 22:36:35,278] {taskinstance.py:1019} INFO - 
--------------------------------------------------------------------------------
[2021-02-18 22:36:35,287] {taskinstance.py:1038} INFO - Executing <Task(PythonOperator): get_tweets_by_user_list> on 2021-02-18T22:30:00+00:00
[2021-02-18 22:36:35,289] {standard_task_runner.py:51} INFO - Started process 17775 to run task
[2021-02-18 22:36:35,294] {standard_task_runner.py:75} INFO - Running: ['airflow', 'tasks', 'run', 'tweets_by_user', 'get_tweets_by_user_list', '2021-02-18T22:30:00+00:00', '--job-id', '1105', '--pool', 'default_pool', '--raw', '--subdir', 'DAGS_FOLDER/tweets_by_user.py', '--cfg-path', '/tmp/tmp3o3qdpl0']
[2021-02-18 22:36:35,297] {standard_task_runner.py:76} INFO - Job 1105: Subtask get_tweets_by_user_list
[2021-02-18 22:36:35,325] {logging_mixin.py:103} INFO - Running <TaskInstance: tweets_by_user.get_tweets_by_user_list 2021-02-18T22:30:00+00:00 [running]> on host ip-172-31-3-59.ec2.internal
[2021-02-18 22:36:35,346] {taskinstance.py:1232} INFO - Exporting the following env vars:
AIRFLOW_CTX_DAG_EMAIL=airflow@example.com
AIRFLOW_CTX_DAG_OWNER=airflow
AIRFLOW_CTX_DAG_ID=tweets_by_user
AIRFLOW_CTX_TASK_ID=get_tweets_by_user_list
AIRFLOW_CTX_EXECUTION_DATE=2021-02-18T22:30:00+00:00
AIRFLOW_CTX_DAG_RUN_ID=scheduled__2021-02-18T22:30:00+00:00
[2021-02-18 22:36:35,348] {logging_mixin.py:103} INFO - Autenticação no twitter
[2021-02-18 22:36:35,392] {logging_mixin.py:103} INFO - Autenticação no banco de dados twitter_data
[2021-02-18 22:36:35,568] {logging_mixin.py:103} INFO - Autenticação no banco de dados twitter_data
[2021-02-18 22:36:36,081] {logging_mixin.py:103} INFO - 200
[2021-02-18 22:36:36,090] {logging_mixin.py:103} INFO - Autenticação no banco de dados twitter_data
[2021-02-18 22:36:36,231] {logging_mixin.py:103} INFO - Autenticação no banco de dados twitter_data
[2021-02-18 22:36:36,601] {logging_mixin.py:103} INFO - 400
[2021-02-18 22:36:36,610] {logging_mixin.py:103} INFO - Autenticação no banco de dados twitter_data
[2021-02-18 22:36:36,739] {logging_mixin.py:103} INFO - Autenticação no banco de dados twitter_data
[2021-02-18 22:36:37,215] {logging_mixin.py:103} INFO - 600
[2021-02-18 22:36:37,218] {logging_mixin.py:103} INFO - 0:00:01.871224
[2021-02-18 22:36:37,218] {logging_mixin.py:103} INFO - 600
[2021-02-18 22:36:39,180] {logging_mixin.py:103} INFO - 0:00:01.961658
[2021-02-18 22:36:39,196] {logging_mixin.py:103} INFO - Autenticação no banco de dados twitter_data
[2021-02-18 22:36:39,218] {logging_mixin.py:103} INFO - 0:00:00.037451
[2021-02-18 22:36:39,218] {logging_mixin.py:103} INFO - 600 devidamente inseridas no banco
[2021-02-18 22:36:39,220] {python.py:118} INFO - Done. Returned value was: None
[2021-02-18 22:36:39,223] {taskinstance.py:1142} INFO - Marking task as SUCCESS. dag_id=tweets_by_user, task_id=get_tweets_by_user_list, execution_date=20210218T223000, start_date=20210218T223635, end_date=20210218T223639
[2021-02-18 22:36:39,244] {taskinstance.py:1195} INFO - 1 downstream tasks scheduled from follow-on schedule check
[2021-02-18 22:36:39,279] {local_task_job.py:118} INFO - Task exited with return code 0
