[2021-02-18 22:35:58,167] {taskinstance.py:826} INFO - Dependencies all met for <TaskInstance: tweets_by_user.get_tweets_by_user_list 2021-02-18T22:26:00+00:00 [queued]>
[2021-02-18 22:35:58,172] {taskinstance.py:826} INFO - Dependencies all met for <TaskInstance: tweets_by_user.get_tweets_by_user_list 2021-02-18T22:26:00+00:00 [queued]>
[2021-02-18 22:35:58,173] {taskinstance.py:1017} INFO - 
--------------------------------------------------------------------------------
[2021-02-18 22:35:58,173] {taskinstance.py:1018} INFO - Starting attempt 1 of 2
[2021-02-18 22:35:58,173] {taskinstance.py:1019} INFO - 
--------------------------------------------------------------------------------
[2021-02-18 22:35:58,182] {taskinstance.py:1038} INFO - Executing <Task(PythonOperator): get_tweets_by_user_list> on 2021-02-18T22:26:00+00:00
[2021-02-18 22:35:58,184] {standard_task_runner.py:51} INFO - Started process 17681 to run task
[2021-02-18 22:35:58,190] {standard_task_runner.py:75} INFO - Running: ['airflow', 'tasks', 'run', 'tweets_by_user', 'get_tweets_by_user_list', '2021-02-18T22:26:00+00:00', '--job-id', '1093', '--pool', 'default_pool', '--raw', '--subdir', 'DAGS_FOLDER/tweets_by_user.py', '--cfg-path', '/tmp/tmpbgurncoe']
[2021-02-18 22:35:58,192] {standard_task_runner.py:76} INFO - Job 1093: Subtask get_tweets_by_user_list
[2021-02-18 22:35:58,224] {logging_mixin.py:103} INFO - Running <TaskInstance: tweets_by_user.get_tweets_by_user_list 2021-02-18T22:26:00+00:00 [running]> on host ip-172-31-3-59.ec2.internal
[2021-02-18 22:35:58,246] {taskinstance.py:1232} INFO - Exporting the following env vars:
AIRFLOW_CTX_DAG_EMAIL=airflow@example.com
AIRFLOW_CTX_DAG_OWNER=airflow
AIRFLOW_CTX_DAG_ID=tweets_by_user
AIRFLOW_CTX_TASK_ID=get_tweets_by_user_list
AIRFLOW_CTX_EXECUTION_DATE=2021-02-18T22:26:00+00:00
AIRFLOW_CTX_DAG_RUN_ID=scheduled__2021-02-18T22:26:00+00:00
[2021-02-18 22:35:58,247] {logging_mixin.py:103} INFO - Autenticação no twitter
[2021-02-18 22:35:58,281] {logging_mixin.py:103} INFO - Autenticação no banco de dados twitter_data
[2021-02-18 22:35:58,444] {logging_mixin.py:103} INFO - Autenticação no banco de dados twitter_data
[2021-02-18 22:35:58,906] {logging_mixin.py:103} INFO - 200
[2021-02-18 22:35:58,914] {logging_mixin.py:103} INFO - Autenticação no banco de dados twitter_data
[2021-02-18 22:35:59,101] {logging_mixin.py:103} INFO - Autenticação no banco de dados twitter_data
[2021-02-18 22:35:59,590] {logging_mixin.py:103} INFO - 400
[2021-02-18 22:35:59,598] {logging_mixin.py:103} INFO - Autenticação no banco de dados twitter_data
[2021-02-18 22:35:59,758] {logging_mixin.py:103} INFO - Autenticação no banco de dados twitter_data
[2021-02-18 22:36:00,247] {logging_mixin.py:103} INFO - 600
[2021-02-18 22:36:00,250] {logging_mixin.py:103} INFO - 0:00:02.003318
[2021-02-18 22:36:00,250] {logging_mixin.py:103} INFO - 600
[2021-02-18 22:36:02,322] {logging_mixin.py:103} INFO - 0:00:02.072094
[2021-02-18 22:36:02,338] {logging_mixin.py:103} INFO - Autenticação no banco de dados twitter_data
[2021-02-18 22:36:02,360] {logging_mixin.py:103} INFO - 0:00:00.037665
[2021-02-18 22:36:02,360] {logging_mixin.py:103} INFO - 600 devidamente inseridas no banco
[2021-02-18 22:36:02,362] {python.py:118} INFO - Done. Returned value was: None
[2021-02-18 22:36:02,366] {taskinstance.py:1142} INFO - Marking task as SUCCESS. dag_id=tweets_by_user, task_id=get_tweets_by_user_list, execution_date=20210218T222600, start_date=20210218T223558, end_date=20210218T223602
[2021-02-18 22:36:02,385] {taskinstance.py:1195} INFO - 1 downstream tasks scheduled from follow-on schedule check
[2021-02-18 22:36:02,422] {local_task_job.py:118} INFO - Task exited with return code 0
