[2021-02-18 22:46:04,505] {taskinstance.py:826} INFO - Dependencies all met for <TaskInstance: tweets_by_user.get_tweets_by_user_list 2021-02-18T22:45:00+00:00 [queued]>
[2021-02-18 22:46:04,510] {taskinstance.py:826} INFO - Dependencies all met for <TaskInstance: tweets_by_user.get_tweets_by_user_list 2021-02-18T22:45:00+00:00 [queued]>
[2021-02-18 22:46:04,511] {taskinstance.py:1017} INFO - 
--------------------------------------------------------------------------------
[2021-02-18 22:46:04,511] {taskinstance.py:1018} INFO - Starting attempt 1 of 2
[2021-02-18 22:46:04,511] {taskinstance.py:1019} INFO - 
--------------------------------------------------------------------------------
[2021-02-18 22:46:04,520] {taskinstance.py:1038} INFO - Executing <Task(PythonOperator): get_tweets_by_user_list> on 2021-02-18T22:45:00+00:00
[2021-02-18 22:46:04,522] {standard_task_runner.py:51} INFO - Started process 19087 to run task
[2021-02-18 22:46:04,528] {standard_task_runner.py:75} INFO - Running: ['airflow', 'tasks', 'run', 'tweets_by_user', 'get_tweets_by_user_list', '2021-02-18T22:45:00+00:00', '--job-id', '1150', '--pool', 'default_pool', '--raw', '--subdir', 'DAGS_FOLDER/tweets_by_user.py', '--cfg-path', '/tmp/tmpi0pftg78']
[2021-02-18 22:46:04,530] {standard_task_runner.py:76} INFO - Job 1150: Subtask get_tweets_by_user_list
[2021-02-18 22:46:04,560] {logging_mixin.py:103} INFO - Running <TaskInstance: tweets_by_user.get_tweets_by_user_list 2021-02-18T22:45:00+00:00 [running]> on host ip-172-31-3-59.ec2.internal
[2021-02-18 22:46:04,586] {taskinstance.py:1232} INFO - Exporting the following env vars:
AIRFLOW_CTX_DAG_EMAIL=airflow@example.com
AIRFLOW_CTX_DAG_OWNER=airflow
AIRFLOW_CTX_DAG_ID=tweets_by_user
AIRFLOW_CTX_TASK_ID=get_tweets_by_user_list
AIRFLOW_CTX_EXECUTION_DATE=2021-02-18T22:45:00+00:00
AIRFLOW_CTX_DAG_RUN_ID=scheduled__2021-02-18T22:45:00+00:00
[2021-02-18 22:46:04,587] {logging_mixin.py:103} INFO - Autenticação no twitter
[2021-02-18 22:46:04,605] {logging_mixin.py:103} INFO - Autenticação no banco de dados twitter_data
[2021-02-18 22:46:04,777] {logging_mixin.py:103} INFO - Autenticação no banco de dados twitter_data
[2021-02-18 22:46:05,258] {logging_mixin.py:103} INFO - 200
[2021-02-18 22:46:05,266] {logging_mixin.py:103} INFO - Autenticação no banco de dados twitter_data
[2021-02-18 22:46:05,438] {logging_mixin.py:103} INFO - Autenticação no banco de dados twitter_data
[2021-02-18 22:46:05,974] {logging_mixin.py:103} INFO - 400
[2021-02-18 22:46:05,983] {logging_mixin.py:103} INFO - Autenticação no banco de dados twitter_data
[2021-02-18 22:46:06,136] {logging_mixin.py:103} INFO - Autenticação no banco de dados twitter_data
[2021-02-18 22:46:06,588] {logging_mixin.py:103} INFO - 600
[2021-02-18 22:46:06,591] {logging_mixin.py:103} INFO - 0:00:02.004820
[2021-02-18 22:46:06,592] {logging_mixin.py:103} INFO - 600
[2021-02-18 22:46:08,540] {logging_mixin.py:103} INFO - 0:00:01.948089
[2021-02-18 22:46:08,583] {logging_mixin.py:103} INFO - Autenticação no banco de dados twitter_data
[2021-02-18 22:46:08,605] {logging_mixin.py:103} INFO - 0:00:00.065159
[2021-02-18 22:46:08,605] {logging_mixin.py:103} INFO - 600 devidamente inseridas no banco
[2021-02-18 22:46:08,607] {python.py:118} INFO - Done. Returned value was: None
[2021-02-18 22:46:08,610] {taskinstance.py:1142} INFO - Marking task as SUCCESS. dag_id=tweets_by_user, task_id=get_tweets_by_user_list, execution_date=20210218T224500, start_date=20210218T224604, end_date=20210218T224608
[2021-02-18 22:46:08,632] {taskinstance.py:1195} INFO - 1 downstream tasks scheduled from follow-on schedule check
[2021-02-18 22:46:08,673] {local_task_job.py:118} INFO - Task exited with return code 0
