[2021-02-18 22:55:02,497] {taskinstance.py:826} INFO - Dependencies all met for <TaskInstance: tweets_by_user.get_userlist 2021-02-18T22:54:00+00:00 [queued]>
[2021-02-18 22:55:02,503] {taskinstance.py:826} INFO - Dependencies all met for <TaskInstance: tweets_by_user.get_userlist 2021-02-18T22:54:00+00:00 [queued]>
[2021-02-18 22:55:02,504] {taskinstance.py:1017} INFO - 
--------------------------------------------------------------------------------
[2021-02-18 22:55:02,504] {taskinstance.py:1018} INFO - Starting attempt 1 of 2
[2021-02-18 22:55:02,504] {taskinstance.py:1019} INFO - 
--------------------------------------------------------------------------------
[2021-02-18 22:55:02,513] {taskinstance.py:1038} INFO - Executing <Task(PythonOperator): get_userlist> on 2021-02-18T22:54:00+00:00
[2021-02-18 22:55:02,516] {standard_task_runner.py:51} INFO - Started process 20150 to run task
[2021-02-18 22:55:02,521] {standard_task_runner.py:75} INFO - Running: ['airflow', 'tasks', 'run', 'tweets_by_user', 'get_userlist', '2021-02-18T22:54:00+00:00', '--job-id', '1176', '--pool', 'default_pool', '--raw', '--subdir', 'DAGS_FOLDER/tweets_by_user.py', '--cfg-path', '/tmp/tmp63ejg1lp']
[2021-02-18 22:55:02,524] {standard_task_runner.py:76} INFO - Job 1176: Subtask get_userlist
[2021-02-18 22:55:02,552] {logging_mixin.py:103} INFO - Running <TaskInstance: tweets_by_user.get_userlist 2021-02-18T22:54:00+00:00 [running]> on host ip-172-31-3-59.ec2.internal
[2021-02-18 22:55:02,579] {taskinstance.py:1232} INFO - Exporting the following env vars:
AIRFLOW_CTX_DAG_EMAIL=airflow@example.com
AIRFLOW_CTX_DAG_OWNER=airflow
AIRFLOW_CTX_DAG_ID=tweets_by_user
AIRFLOW_CTX_TASK_ID=get_userlist
AIRFLOW_CTX_EXECUTION_DATE=2021-02-18T22:54:00+00:00
AIRFLOW_CTX_DAG_RUN_ID=scheduled__2021-02-18T22:54:00+00:00
[2021-02-18 22:55:02,619] {logging_mixin.py:103} INFO - Autenticação no banco de dados django models arroba
[2021-02-18 22:55:02,624] {python.py:118} INFO - Done. Returned value was: {'userlist': ['oatila', 'marcobezzi', 'bolsonarosp', 'heldermaldonado']}
[2021-02-18 22:55:02,636] {taskinstance.py:1142} INFO - Marking task as SUCCESS. dag_id=tweets_by_user, task_id=get_userlist, execution_date=20210218T225400, start_date=20210218T225502, end_date=20210218T225502
[2021-02-18 22:55:02,658] {taskinstance.py:1195} INFO - 1 downstream tasks scheduled from follow-on schedule check
[2021-02-18 22:55:02,690] {local_task_job.py:118} INFO - Task exited with return code 0
