[2021-02-18 22:34:18,417] {taskinstance.py:826} INFO - Dependencies all met for <TaskInstance: tweets_by_user.get_tweets_by_user_list 2021-02-17T00:03:00+00:00 [queued]>
[2021-02-18 22:34:18,423] {taskinstance.py:826} INFO - Dependencies all met for <TaskInstance: tweets_by_user.get_tweets_by_user_list 2021-02-17T00:03:00+00:00 [queued]>
[2021-02-18 22:34:18,423] {taskinstance.py:1017} INFO - 
--------------------------------------------------------------------------------
[2021-02-18 22:34:18,423] {taskinstance.py:1018} INFO - Starting attempt 1 of 2
[2021-02-18 22:34:18,423] {taskinstance.py:1019} INFO - 
--------------------------------------------------------------------------------
[2021-02-18 22:34:18,433] {taskinstance.py:1038} INFO - Executing <Task(PythonOperator): get_tweets_by_user_list> on 2021-02-17T00:03:00+00:00
[2021-02-18 22:34:18,435] {standard_task_runner.py:51} INFO - Started process 17455 to run task
[2021-02-18 22:34:18,440] {standard_task_runner.py:75} INFO - Running: ['airflow', 'tasks', 'run', 'tweets_by_user', 'get_tweets_by_user_list', '2021-02-17T00:03:00+00:00', '--job-id', '1063', '--pool', 'default_pool', '--raw', '--subdir', 'DAGS_FOLDER/tweets_by_user.py', '--cfg-path', '/tmp/tmp6buxmuha']
[2021-02-18 22:34:18,443] {standard_task_runner.py:76} INFO - Job 1063: Subtask get_tweets_by_user_list
[2021-02-18 22:34:18,473] {logging_mixin.py:103} INFO - Running <TaskInstance: tweets_by_user.get_tweets_by_user_list 2021-02-17T00:03:00+00:00 [running]> on host ip-172-31-3-59.ec2.internal
[2021-02-18 22:34:18,495] {taskinstance.py:1232} INFO - Exporting the following env vars:
AIRFLOW_CTX_DAG_EMAIL=airflow@example.com
AIRFLOW_CTX_DAG_OWNER=airflow
AIRFLOW_CTX_DAG_ID=tweets_by_user
AIRFLOW_CTX_TASK_ID=get_tweets_by_user_list
AIRFLOW_CTX_EXECUTION_DATE=2021-02-17T00:03:00+00:00
AIRFLOW_CTX_DAG_RUN_ID=scheduled__2021-02-17T00:03:00+00:00
[2021-02-18 22:34:18,496] {logging_mixin.py:103} INFO - Autenticação no twitter
[2021-02-18 22:34:18,537] {logging_mixin.py:103} INFO - Autenticação no banco de dados twitter_data
[2021-02-18 22:34:18,689] {logging_mixin.py:103} INFO - Autenticação no banco de dados twitter_data
[2021-02-18 22:34:19,302] {logging_mixin.py:103} INFO - 200
[2021-02-18 22:34:19,310] {logging_mixin.py:103} INFO - Autenticação no banco de dados twitter_data
[2021-02-18 22:34:19,468] {logging_mixin.py:103} INFO - Autenticação no banco de dados twitter_data
[2021-02-18 22:34:19,888] {logging_mixin.py:103} INFO - 400
[2021-02-18 22:34:19,897] {logging_mixin.py:103} INFO - Autenticação no banco de dados twitter_data
[2021-02-18 22:34:20,029] {logging_mixin.py:103} INFO - Autenticação no banco de dados twitter_data
[2021-02-18 22:34:20,435] {logging_mixin.py:103} INFO - 600
[2021-02-18 22:34:20,438] {logging_mixin.py:103} INFO - 0:00:01.942708
[2021-02-18 22:34:20,438] {logging_mixin.py:103} INFO - 600
[2021-02-18 22:34:22,413] {logging_mixin.py:103} INFO - 0:00:01.974751
[2021-02-18 22:34:22,429] {logging_mixin.py:103} INFO - Autenticação no banco de dados twitter_data
[2021-02-18 22:34:22,449] {logging_mixin.py:103} INFO - 0:00:00.035937
[2021-02-18 22:34:22,449] {logging_mixin.py:103} INFO - 600 devidamente inseridas no banco
[2021-02-18 22:34:22,451] {python.py:118} INFO - Done. Returned value was: None
[2021-02-18 22:34:22,454] {taskinstance.py:1142} INFO - Marking task as SUCCESS. dag_id=tweets_by_user, task_id=get_tweets_by_user_list, execution_date=20210217T000300, start_date=20210218T223418, end_date=20210218T223422
[2021-02-18 22:34:22,475] {taskinstance.py:1195} INFO - 1 downstream tasks scheduled from follow-on schedule check
[2021-02-18 22:34:22,504] {local_task_job.py:118} INFO - Task exited with return code 0
