[2021-02-18 22:35:39,466] {taskinstance.py:826} INFO - Dependencies all met for <TaskInstance: tweets_by_user.get_tweets_by_user_list 2021-02-17T00:13:00+00:00 [queued]>
[2021-02-18 22:35:39,472] {taskinstance.py:826} INFO - Dependencies all met for <TaskInstance: tweets_by_user.get_tweets_by_user_list 2021-02-17T00:13:00+00:00 [queued]>
[2021-02-18 22:35:39,472] {taskinstance.py:1017} INFO - 
--------------------------------------------------------------------------------
[2021-02-18 22:35:39,472] {taskinstance.py:1018} INFO - Starting attempt 1 of 2
[2021-02-18 22:35:39,472] {taskinstance.py:1019} INFO - 
--------------------------------------------------------------------------------
[2021-02-18 22:35:39,481] {taskinstance.py:1038} INFO - Executing <Task(PythonOperator): get_tweets_by_user_list> on 2021-02-17T00:13:00+00:00
[2021-02-18 22:35:39,484] {standard_task_runner.py:51} INFO - Started process 17637 to run task
[2021-02-18 22:35:39,489] {standard_task_runner.py:75} INFO - Running: ['airflow', 'tasks', 'run', 'tweets_by_user', 'get_tweets_by_user_list', '2021-02-17T00:13:00+00:00', '--job-id', '1087', '--pool', 'default_pool', '--raw', '--subdir', 'DAGS_FOLDER/tweets_by_user.py', '--cfg-path', '/tmp/tmpyk365t5e']
[2021-02-18 22:35:39,491] {standard_task_runner.py:76} INFO - Job 1087: Subtask get_tweets_by_user_list
[2021-02-18 22:35:39,520] {logging_mixin.py:103} INFO - Running <TaskInstance: tweets_by_user.get_tweets_by_user_list 2021-02-17T00:13:00+00:00 [running]> on host ip-172-31-3-59.ec2.internal
[2021-02-18 22:35:39,543] {taskinstance.py:1232} INFO - Exporting the following env vars:
AIRFLOW_CTX_DAG_EMAIL=airflow@example.com
AIRFLOW_CTX_DAG_OWNER=airflow
AIRFLOW_CTX_DAG_ID=tweets_by_user
AIRFLOW_CTX_TASK_ID=get_tweets_by_user_list
AIRFLOW_CTX_EXECUTION_DATE=2021-02-17T00:13:00+00:00
AIRFLOW_CTX_DAG_RUN_ID=scheduled__2021-02-17T00:13:00+00:00
[2021-02-18 22:35:39,544] {logging_mixin.py:103} INFO - Autenticação no twitter
[2021-02-18 22:35:39,577] {logging_mixin.py:103} INFO - Autenticação no banco de dados twitter_data
[2021-02-18 22:35:39,739] {logging_mixin.py:103} INFO - Autenticação no banco de dados twitter_data
[2021-02-18 22:35:40,231] {logging_mixin.py:103} INFO - 200
[2021-02-18 22:35:40,240] {logging_mixin.py:103} INFO - Autenticação no banco de dados twitter_data
[2021-02-18 22:35:40,411] {logging_mixin.py:103} INFO - Autenticação no banco de dados twitter_data
[2021-02-18 22:35:40,813] {logging_mixin.py:103} INFO - 400
[2021-02-18 22:35:40,821] {logging_mixin.py:103} INFO - Autenticação no banco de dados twitter_data
[2021-02-18 22:35:40,962] {logging_mixin.py:103} INFO - Autenticação no banco de dados twitter_data
[2021-02-18 22:35:41,365] {logging_mixin.py:103} INFO - 600
[2021-02-18 22:35:41,368] {logging_mixin.py:103} INFO - 0:00:01.825061
[2021-02-18 22:35:41,368] {logging_mixin.py:103} INFO - 600
[2021-02-18 22:35:43,361] {logging_mixin.py:103} INFO - 0:00:01.992876
[2021-02-18 22:35:43,377] {logging_mixin.py:103} INFO - Autenticação no banco de dados twitter_data
[2021-02-18 22:35:43,399] {logging_mixin.py:103} INFO - 0:00:00.037290
[2021-02-18 22:35:43,399] {logging_mixin.py:103} INFO - 600 devidamente inseridas no banco
[2021-02-18 22:35:43,401] {python.py:118} INFO - Done. Returned value was: None
[2021-02-18 22:35:43,404] {taskinstance.py:1142} INFO - Marking task as SUCCESS. dag_id=tweets_by_user, task_id=get_tweets_by_user_list, execution_date=20210217T001300, start_date=20210218T223539, end_date=20210218T223543
[2021-02-18 22:35:43,427] {taskinstance.py:1195} INFO - 1 downstream tasks scheduled from follow-on schedule check
[2021-02-18 22:35:43,433] {local_task_job.py:118} INFO - Task exited with return code 0
