[2021-02-18 22:37:30,012] {taskinstance.py:826} INFO - Dependencies all met for <TaskInstance: tweets_by_user.get_tweets_by_user_list 2021-02-18T22:36:00+00:00 [queued]>
[2021-02-18 22:37:30,020] {taskinstance.py:826} INFO - Dependencies all met for <TaskInstance: tweets_by_user.get_tweets_by_user_list 2021-02-18T22:36:00+00:00 [queued]>
[2021-02-18 22:37:30,020] {taskinstance.py:1017} INFO - 
--------------------------------------------------------------------------------
[2021-02-18 22:37:30,020] {taskinstance.py:1018} INFO - Starting attempt 1 of 2
[2021-02-18 22:37:30,020] {taskinstance.py:1019} INFO - 
--------------------------------------------------------------------------------
[2021-02-18 22:37:30,035] {taskinstance.py:1038} INFO - Executing <Task(PythonOperator): get_tweets_by_user_list> on 2021-02-18T22:36:00+00:00
[2021-02-18 22:37:30,037] {standard_task_runner.py:51} INFO - Started process 17909 to run task
[2021-02-18 22:37:30,047] {standard_task_runner.py:75} INFO - Running: ['airflow', 'tasks', 'run', 'tweets_by_user', 'get_tweets_by_user_list', '2021-02-18T22:36:00+00:00', '--job-id', '1122', '--pool', 'default_pool', '--raw', '--subdir', 'DAGS_FOLDER/tweets_by_user.py', '--cfg-path', '/tmp/tmphfexz6ba']
[2021-02-18 22:37:30,049] {standard_task_runner.py:76} INFO - Job 1122: Subtask get_tweets_by_user_list
[2021-02-18 22:37:30,093] {logging_mixin.py:103} INFO - Running <TaskInstance: tweets_by_user.get_tweets_by_user_list 2021-02-18T22:36:00+00:00 [running]> on host ip-172-31-3-59.ec2.internal
[2021-02-18 22:37:30,134] {taskinstance.py:1232} INFO - Exporting the following env vars:
AIRFLOW_CTX_DAG_EMAIL=airflow@example.com
AIRFLOW_CTX_DAG_OWNER=airflow
AIRFLOW_CTX_DAG_ID=tweets_by_user
AIRFLOW_CTX_TASK_ID=get_tweets_by_user_list
AIRFLOW_CTX_EXECUTION_DATE=2021-02-18T22:36:00+00:00
AIRFLOW_CTX_DAG_RUN_ID=scheduled__2021-02-18T22:36:00+00:00
[2021-02-18 22:37:30,136] {logging_mixin.py:103} INFO - Autenticação no twitter
[2021-02-18 22:37:30,160] {logging_mixin.py:103} INFO - Autenticação no banco de dados twitter_data
[2021-02-18 22:37:30,343] {logging_mixin.py:103} INFO - Autenticação no banco de dados twitter_data
[2021-02-18 22:37:30,805] {logging_mixin.py:103} INFO - 200
[2021-02-18 22:37:30,814] {logging_mixin.py:103} INFO - Autenticação no banco de dados twitter_data
[2021-02-18 22:37:30,977] {logging_mixin.py:103} INFO - Autenticação no banco de dados twitter_data
[2021-02-18 22:37:31,376] {logging_mixin.py:103} INFO - 400
[2021-02-18 22:37:31,387] {logging_mixin.py:103} INFO - Autenticação no banco de dados twitter_data
[2021-02-18 22:37:31,566] {logging_mixin.py:103} INFO - Autenticação no banco de dados twitter_data
[2021-02-18 22:37:32,085] {logging_mixin.py:103} INFO - 600
[2021-02-18 22:37:32,088] {logging_mixin.py:103} INFO - 0:00:01.953662
[2021-02-18 22:37:32,088] {logging_mixin.py:103} INFO - 600
[2021-02-18 22:37:34,008] {logging_mixin.py:103} INFO - 0:00:01.920354
[2021-02-18 22:37:34,026] {logging_mixin.py:103} INFO - Autenticação no banco de dados twitter_data
[2021-02-18 22:37:34,047] {logging_mixin.py:103} INFO - 0:00:00.038434
[2021-02-18 22:37:34,047] {logging_mixin.py:103} INFO - 600 devidamente inseridas no banco
[2021-02-18 22:37:34,049] {python.py:118} INFO - Done. Returned value was: None
[2021-02-18 22:37:34,052] {taskinstance.py:1142} INFO - Marking task as SUCCESS. dag_id=tweets_by_user, task_id=get_tweets_by_user_list, execution_date=20210218T223600, start_date=20210218T223730, end_date=20210218T223734
[2021-02-18 22:37:34,072] {taskinstance.py:1195} INFO - 1 downstream tasks scheduled from follow-on schedule check
[2021-02-18 22:37:34,112] {local_task_job.py:118} INFO - Task exited with return code 0
