[2021-02-18 22:37:01,829] {taskinstance.py:826} INFO - Dependencies all met for <TaskInstance: tweets_by_user.get_userlist 2021-02-18T22:34:00+00:00 [queued]>
[2021-02-18 22:37:01,835] {taskinstance.py:826} INFO - Dependencies all met for <TaskInstance: tweets_by_user.get_userlist 2021-02-18T22:34:00+00:00 [queued]>
[2021-02-18 22:37:01,835] {taskinstance.py:1017} INFO - 
--------------------------------------------------------------------------------
[2021-02-18 22:37:01,835] {taskinstance.py:1018} INFO - Starting attempt 1 of 2
[2021-02-18 22:37:01,835] {taskinstance.py:1019} INFO - 
--------------------------------------------------------------------------------
[2021-02-18 22:37:01,845] {taskinstance.py:1038} INFO - Executing <Task(PythonOperator): get_userlist> on 2021-02-18T22:34:00+00:00
[2021-02-18 22:37:01,847] {standard_task_runner.py:51} INFO - Started process 17846 to run task
[2021-02-18 22:37:01,853] {standard_task_runner.py:75} INFO - Running: ['airflow', 'tasks', 'run', 'tweets_by_user', 'get_userlist', '2021-02-18T22:34:00+00:00', '--job-id', '1113', '--pool', 'default_pool', '--raw', '--subdir', 'DAGS_FOLDER/tweets_by_user.py', '--cfg-path', '/tmp/tmpd2olkd0v']
[2021-02-18 22:37:01,855] {standard_task_runner.py:76} INFO - Job 1113: Subtask get_userlist
[2021-02-18 22:37:01,885] {logging_mixin.py:103} INFO - Running <TaskInstance: tweets_by_user.get_userlist 2021-02-18T22:34:00+00:00 [running]> on host ip-172-31-3-59.ec2.internal
[2021-02-18 22:37:01,907] {taskinstance.py:1232} INFO - Exporting the following env vars:
AIRFLOW_CTX_DAG_EMAIL=airflow@example.com
AIRFLOW_CTX_DAG_OWNER=airflow
AIRFLOW_CTX_DAG_ID=tweets_by_user
AIRFLOW_CTX_TASK_ID=get_userlist
AIRFLOW_CTX_EXECUTION_DATE=2021-02-18T22:34:00+00:00
AIRFLOW_CTX_DAG_RUN_ID=scheduled__2021-02-18T22:34:00+00:00
[2021-02-18 22:37:01,940] {logging_mixin.py:103} INFO - Autenticação no banco de dados django models arroba
[2021-02-18 22:37:01,945] {python.py:118} INFO - Done. Returned value was: {'userlist': ['heldermaldonado', 'marcobezzi', 'oatila']}
[2021-02-18 22:37:01,957] {taskinstance.py:1142} INFO - Marking task as SUCCESS. dag_id=tweets_by_user, task_id=get_userlist, execution_date=20210218T223400, start_date=20210218T223701, end_date=20210218T223701
[2021-02-18 22:37:01,978] {taskinstance.py:1195} INFO - 1 downstream tasks scheduled from follow-on schedule check
[2021-02-18 22:37:01,983] {local_task_job.py:118} INFO - Task exited with return code 0
