[2021-02-18 22:33:54,335] {taskinstance.py:826} INFO - Dependencies all met for <TaskInstance: tweets_by_user.get_userlist 2021-02-17T00:04:00+00:00 [queued]>
[2021-02-18 22:33:54,340] {taskinstance.py:826} INFO - Dependencies all met for <TaskInstance: tweets_by_user.get_userlist 2021-02-17T00:04:00+00:00 [queued]>
[2021-02-18 22:33:54,340] {taskinstance.py:1017} INFO - 
--------------------------------------------------------------------------------
[2021-02-18 22:33:54,340] {taskinstance.py:1018} INFO - Starting attempt 1 of 2
[2021-02-18 22:33:54,341] {taskinstance.py:1019} INFO - 
--------------------------------------------------------------------------------
[2021-02-18 22:33:54,352] {taskinstance.py:1038} INFO - Executing <Task(PythonOperator): get_userlist> on 2021-02-17T00:04:00+00:00
[2021-02-18 22:33:54,354] {standard_task_runner.py:51} INFO - Started process 17383 to run task
[2021-02-18 22:33:54,360] {standard_task_runner.py:75} INFO - Running: ['airflow', 'tasks', 'run', 'tweets_by_user', 'get_userlist', '2021-02-17T00:04:00+00:00', '--job-id', '1053', '--pool', 'default_pool', '--raw', '--subdir', 'DAGS_FOLDER/tweets_by_user.py', '--cfg-path', '/tmp/tmp7pvdbtyz']
[2021-02-18 22:33:54,362] {standard_task_runner.py:76} INFO - Job 1053: Subtask get_userlist
[2021-02-18 22:33:54,392] {logging_mixin.py:103} INFO - Running <TaskInstance: tweets_by_user.get_userlist 2021-02-17T00:04:00+00:00 [running]> on host ip-172-31-3-59.ec2.internal
[2021-02-18 22:33:54,415] {taskinstance.py:1232} INFO - Exporting the following env vars:
AIRFLOW_CTX_DAG_EMAIL=airflow@example.com
AIRFLOW_CTX_DAG_OWNER=airflow
AIRFLOW_CTX_DAG_ID=tweets_by_user
AIRFLOW_CTX_TASK_ID=get_userlist
AIRFLOW_CTX_EXECUTION_DATE=2021-02-17T00:04:00+00:00
AIRFLOW_CTX_DAG_RUN_ID=scheduled__2021-02-17T00:04:00+00:00
[2021-02-18 22:33:54,427] {logging_mixin.py:103} INFO - Autenticação no banco de dados django models arroba
[2021-02-18 22:33:54,432] {python.py:118} INFO - Done. Returned value was: {'userlist': ['marcobezzi', 'heldermaldonado', 'oatila']}
[2021-02-18 22:33:54,445] {taskinstance.py:1142} INFO - Marking task as SUCCESS. dag_id=tweets_by_user, task_id=get_userlist, execution_date=20210217T000400, start_date=20210218T223354, end_date=20210218T223354
[2021-02-18 22:33:54,468] {taskinstance.py:1195} INFO - 1 downstream tasks scheduled from follow-on schedule check
[2021-02-18 22:33:54,488] {local_task_job.py:118} INFO - Task exited with return code 0
