[2021-02-18 22:34:07,554] {taskinstance.py:826} INFO - Dependencies all met for <TaskInstance: tweets_by_user.get_tweets_by_user_list 2021-02-17T00:01:00+00:00 [queued]>
[2021-02-18 22:34:07,560] {taskinstance.py:826} INFO - Dependencies all met for <TaskInstance: tweets_by_user.get_tweets_by_user_list 2021-02-17T00:01:00+00:00 [queued]>
[2021-02-18 22:34:07,560] {taskinstance.py:1017} INFO - 
--------------------------------------------------------------------------------
[2021-02-18 22:34:07,560] {taskinstance.py:1018} INFO - Starting attempt 1 of 2
[2021-02-18 22:34:07,560] {taskinstance.py:1019} INFO - 
--------------------------------------------------------------------------------
[2021-02-18 22:34:07,571] {taskinstance.py:1038} INFO - Executing <Task(PythonOperator): get_tweets_by_user_list> on 2021-02-17T00:01:00+00:00
[2021-02-18 22:34:07,573] {standard_task_runner.py:51} INFO - Started process 17441 to run task
[2021-02-18 22:34:07,579] {standard_task_runner.py:75} INFO - Running: ['airflow', 'tasks', 'run', 'tweets_by_user', 'get_tweets_by_user_list', '2021-02-17T00:01:00+00:00', '--job-id', '1061', '--pool', 'default_pool', '--raw', '--subdir', 'DAGS_FOLDER/tweets_by_user.py', '--cfg-path', '/tmp/tmp2opfs6f7']
[2021-02-18 22:34:07,581] {standard_task_runner.py:76} INFO - Job 1061: Subtask get_tweets_by_user_list
[2021-02-18 22:34:07,613] {logging_mixin.py:103} INFO - Running <TaskInstance: tweets_by_user.get_tweets_by_user_list 2021-02-17T00:01:00+00:00 [running]> on host ip-172-31-3-59.ec2.internal
[2021-02-18 22:34:07,641] {taskinstance.py:1232} INFO - Exporting the following env vars:
AIRFLOW_CTX_DAG_EMAIL=airflow@example.com
AIRFLOW_CTX_DAG_OWNER=airflow
AIRFLOW_CTX_DAG_ID=tweets_by_user
AIRFLOW_CTX_TASK_ID=get_tweets_by_user_list
AIRFLOW_CTX_EXECUTION_DATE=2021-02-17T00:01:00+00:00
AIRFLOW_CTX_DAG_RUN_ID=scheduled__2021-02-17T00:01:00+00:00
[2021-02-18 22:34:07,643] {logging_mixin.py:103} INFO - Autenticação no twitter
[2021-02-18 22:34:07,677] {logging_mixin.py:103} INFO - Autenticação no banco de dados twitter_data
[2021-02-18 22:34:07,856] {logging_mixin.py:103} INFO - Autenticação no banco de dados twitter_data
[2021-02-18 22:34:08,384] {logging_mixin.py:103} INFO - 200
[2021-02-18 22:34:08,393] {logging_mixin.py:103} INFO - Autenticação no banco de dados twitter_data
[2021-02-18 22:34:08,543] {logging_mixin.py:103} INFO - Autenticação no banco de dados twitter_data
[2021-02-18 22:34:09,009] {logging_mixin.py:103} INFO - 400
[2021-02-18 22:34:09,017] {logging_mixin.py:103} INFO - Autenticação no banco de dados twitter_data
[2021-02-18 22:34:09,183] {logging_mixin.py:103} INFO - Autenticação no banco de dados twitter_data
[2021-02-18 22:34:09,501] {logging_mixin.py:103} INFO - 600
[2021-02-18 22:34:09,504] {logging_mixin.py:103} INFO - 0:00:01.862064
[2021-02-18 22:34:09,504] {logging_mixin.py:103} INFO - 600
[2021-02-18 22:34:11,459] {logging_mixin.py:103} INFO - 0:00:01.954870
[2021-02-18 22:34:11,476] {logging_mixin.py:103} INFO - Autenticação no banco de dados twitter_data
[2021-02-18 22:34:11,501] {logging_mixin.py:103} INFO - 0:00:00.042020
[2021-02-18 22:34:11,501] {logging_mixin.py:103} INFO - 600 devidamente inseridas no banco
[2021-02-18 22:34:11,503] {python.py:118} INFO - Done. Returned value was: None
[2021-02-18 22:34:11,506] {taskinstance.py:1142} INFO - Marking task as SUCCESS. dag_id=tweets_by_user, task_id=get_tweets_by_user_list, execution_date=20210217T000100, start_date=20210218T223407, end_date=20210218T223411
[2021-02-18 22:34:11,527] {taskinstance.py:1195} INFO - 1 downstream tasks scheduled from follow-on schedule check
[2021-02-18 22:34:11,563] {local_task_job.py:118} INFO - Task exited with return code 0
