[2021-02-18 22:36:44,590] {taskinstance.py:826} INFO - Dependencies all met for <TaskInstance: tweets_by_user.get_tweets_by_user_list 2021-02-18T22:31:00+00:00 [queued]>
[2021-02-18 22:36:44,596] {taskinstance.py:826} INFO - Dependencies all met for <TaskInstance: tweets_by_user.get_tweets_by_user_list 2021-02-18T22:31:00+00:00 [queued]>
[2021-02-18 22:36:44,597] {taskinstance.py:1017} INFO - 
--------------------------------------------------------------------------------
[2021-02-18 22:36:44,597] {taskinstance.py:1018} INFO - Starting attempt 1 of 2
[2021-02-18 22:36:44,597] {taskinstance.py:1019} INFO - 
--------------------------------------------------------------------------------
[2021-02-18 22:36:44,607] {taskinstance.py:1038} INFO - Executing <Task(PythonOperator): get_tweets_by_user_list> on 2021-02-18T22:31:00+00:00
[2021-02-18 22:36:44,609] {standard_task_runner.py:51} INFO - Started process 17797 to run task
[2021-02-18 22:36:44,614] {standard_task_runner.py:75} INFO - Running: ['airflow', 'tasks', 'run', 'tweets_by_user', 'get_tweets_by_user_list', '2021-02-18T22:31:00+00:00', '--job-id', '1108', '--pool', 'default_pool', '--raw', '--subdir', 'DAGS_FOLDER/tweets_by_user.py', '--cfg-path', '/tmp/tmp2kbx8twy']
[2021-02-18 22:36:44,617] {standard_task_runner.py:76} INFO - Job 1108: Subtask get_tweets_by_user_list
[2021-02-18 22:36:44,646] {logging_mixin.py:103} INFO - Running <TaskInstance: tweets_by_user.get_tweets_by_user_list 2021-02-18T22:31:00+00:00 [running]> on host ip-172-31-3-59.ec2.internal
[2021-02-18 22:36:44,668] {taskinstance.py:1232} INFO - Exporting the following env vars:
AIRFLOW_CTX_DAG_EMAIL=airflow@example.com
AIRFLOW_CTX_DAG_OWNER=airflow
AIRFLOW_CTX_DAG_ID=tweets_by_user
AIRFLOW_CTX_TASK_ID=get_tweets_by_user_list
AIRFLOW_CTX_EXECUTION_DATE=2021-02-18T22:31:00+00:00
AIRFLOW_CTX_DAG_RUN_ID=scheduled__2021-02-18T22:31:00+00:00
[2021-02-18 22:36:44,670] {logging_mixin.py:103} INFO - Autenticação no twitter
[2021-02-18 22:36:44,684] {logging_mixin.py:103} INFO - Autenticação no banco de dados twitter_data
[2021-02-18 22:36:44,842] {logging_mixin.py:103} INFO - Autenticação no banco de dados twitter_data
[2021-02-18 22:36:45,293] {logging_mixin.py:103} INFO - 200
[2021-02-18 22:36:45,301] {logging_mixin.py:103} INFO - Autenticação no banco de dados twitter_data
[2021-02-18 22:36:45,458] {logging_mixin.py:103} INFO - Autenticação no banco de dados twitter_data
[2021-02-18 22:36:45,930] {logging_mixin.py:103} INFO - 400
[2021-02-18 22:36:45,938] {logging_mixin.py:103} INFO - Autenticação no banco de dados twitter_data
[2021-02-18 22:36:46,108] {logging_mixin.py:103} INFO - Autenticação no banco de dados twitter_data
[2021-02-18 22:36:46,658] {logging_mixin.py:103} INFO - 600
[2021-02-18 22:36:46,661] {logging_mixin.py:103} INFO - 0:00:01.992247
[2021-02-18 22:36:46,661] {logging_mixin.py:103} INFO - 600
[2021-02-18 22:36:48,609] {logging_mixin.py:103} INFO - 0:00:01.947314
[2021-02-18 22:36:48,648] {logging_mixin.py:103} INFO - Autenticação no banco de dados twitter_data
[2021-02-18 22:36:48,668] {logging_mixin.py:103} INFO - 0:00:00.059296
[2021-02-18 22:36:48,668] {logging_mixin.py:103} INFO - 600 devidamente inseridas no banco
[2021-02-18 22:36:48,670] {python.py:118} INFO - Done. Returned value was: None
[2021-02-18 22:36:48,673] {taskinstance.py:1142} INFO - Marking task as SUCCESS. dag_id=tweets_by_user, task_id=get_tweets_by_user_list, execution_date=20210218T223100, start_date=20210218T223644, end_date=20210218T223648
[2021-02-18 22:36:48,694] {taskinstance.py:1195} INFO - 1 downstream tasks scheduled from follow-on schedule check
[2021-02-18 22:36:48,719] {local_task_job.py:118} INFO - Task exited with return code 0
