[2021-02-18 22:34:56,898] {taskinstance.py:826} INFO - Dependencies all met for <TaskInstance: tweets_by_user.get_tweets_by_user_list 2021-02-17T00:10:00+00:00 [queued]>
[2021-02-18 22:34:56,904] {taskinstance.py:826} INFO - Dependencies all met for <TaskInstance: tweets_by_user.get_tweets_by_user_list 2021-02-17T00:10:00+00:00 [queued]>
[2021-02-18 22:34:56,904] {taskinstance.py:1017} INFO - 
--------------------------------------------------------------------------------
[2021-02-18 22:34:56,904] {taskinstance.py:1018} INFO - Starting attempt 1 of 2
[2021-02-18 22:34:56,904] {taskinstance.py:1019} INFO - 
--------------------------------------------------------------------------------
[2021-02-18 22:34:56,914] {taskinstance.py:1038} INFO - Executing <Task(PythonOperator): get_tweets_by_user_list> on 2021-02-17T00:10:00+00:00
[2021-02-18 22:34:56,916] {standard_task_runner.py:51} INFO - Started process 17510 to run task
[2021-02-18 22:34:56,921] {standard_task_runner.py:75} INFO - Running: ['airflow', 'tasks', 'run', 'tweets_by_user', 'get_tweets_by_user_list', '2021-02-17T00:10:00+00:00', '--job-id', '1070', '--pool', 'default_pool', '--raw', '--subdir', 'DAGS_FOLDER/tweets_by_user.py', '--cfg-path', '/tmp/tmpb8d9w3hz']
[2021-02-18 22:34:56,923] {standard_task_runner.py:76} INFO - Job 1070: Subtask get_tweets_by_user_list
[2021-02-18 22:34:56,955] {logging_mixin.py:103} INFO - Running <TaskInstance: tweets_by_user.get_tweets_by_user_list 2021-02-17T00:10:00+00:00 [running]> on host ip-172-31-3-59.ec2.internal
[2021-02-18 22:34:56,976] {taskinstance.py:1232} INFO - Exporting the following env vars:
AIRFLOW_CTX_DAG_EMAIL=airflow@example.com
AIRFLOW_CTX_DAG_OWNER=airflow
AIRFLOW_CTX_DAG_ID=tweets_by_user
AIRFLOW_CTX_TASK_ID=get_tweets_by_user_list
AIRFLOW_CTX_EXECUTION_DATE=2021-02-17T00:10:00+00:00
AIRFLOW_CTX_DAG_RUN_ID=scheduled__2021-02-17T00:10:00+00:00
[2021-02-18 22:34:56,977] {logging_mixin.py:103} INFO - Autenticação no twitter
[2021-02-18 22:34:57,009] {logging_mixin.py:103} INFO - Autenticação no banco de dados twitter_data
[2021-02-18 22:34:57,151] {logging_mixin.py:103} INFO - Autenticação no banco de dados twitter_data
[2021-02-18 22:34:57,565] {logging_mixin.py:103} INFO - 200
[2021-02-18 22:34:57,573] {logging_mixin.py:103} INFO - Autenticação no banco de dados twitter_data
[2021-02-18 22:34:57,739] {logging_mixin.py:103} INFO - Autenticação no banco de dados twitter_data
[2021-02-18 22:34:58,144] {logging_mixin.py:103} INFO - 400
[2021-02-18 22:34:58,152] {logging_mixin.py:103} INFO - Autenticação no banco de dados twitter_data
[2021-02-18 22:34:58,309] {logging_mixin.py:103} INFO - Autenticação no banco de dados twitter_data
[2021-02-18 22:34:58,688] {logging_mixin.py:103} INFO - 600
[2021-02-18 22:34:58,691] {logging_mixin.py:103} INFO - 0:00:01.714708
[2021-02-18 22:34:58,692] {logging_mixin.py:103} INFO - 600
[2021-02-18 22:35:00,680] {logging_mixin.py:103} INFO - 0:00:01.987887
[2021-02-18 22:35:00,696] {logging_mixin.py:103} INFO - Autenticação no banco de dados twitter_data
[2021-02-18 22:35:00,718] {logging_mixin.py:103} INFO - 0:00:00.038077
[2021-02-18 22:35:00,718] {logging_mixin.py:103} INFO - 600 devidamente inseridas no banco
[2021-02-18 22:35:00,720] {python.py:118} INFO - Done. Returned value was: None
[2021-02-18 22:35:00,723] {taskinstance.py:1142} INFO - Marking task as SUCCESS. dag_id=tweets_by_user, task_id=get_tweets_by_user_list, execution_date=20210217T001000, start_date=20210218T223456, end_date=20210218T223500
[2021-02-18 22:35:00,744] {taskinstance.py:1195} INFO - 1 downstream tasks scheduled from follow-on schedule check
[2021-02-18 22:35:00,785] {local_task_job.py:118} INFO - Task exited with return code 0
