[2021-02-18 22:44:04,972] {taskinstance.py:826} INFO - Dependencies all met for <TaskInstance: tweets_by_user.get_tweets_by_user_list 2021-02-18T22:43:00+00:00 [queued]>
[2021-02-18 22:44:04,978] {taskinstance.py:826} INFO - Dependencies all met for <TaskInstance: tweets_by_user.get_tweets_by_user_list 2021-02-18T22:43:00+00:00 [queued]>
[2021-02-18 22:44:04,978] {taskinstance.py:1017} INFO - 
--------------------------------------------------------------------------------
[2021-02-18 22:44:04,978] {taskinstance.py:1018} INFO - Starting attempt 1 of 2
[2021-02-18 22:44:04,978] {taskinstance.py:1019} INFO - 
--------------------------------------------------------------------------------
[2021-02-18 22:44:04,987] {taskinstance.py:1038} INFO - Executing <Task(PythonOperator): get_tweets_by_user_list> on 2021-02-18T22:43:00+00:00
[2021-02-18 22:44:04,989] {standard_task_runner.py:51} INFO - Started process 18797 to run task
[2021-02-18 22:44:04,994] {standard_task_runner.py:75} INFO - Running: ['airflow', 'tasks', 'run', 'tweets_by_user', 'get_tweets_by_user_list', '2021-02-18T22:43:00+00:00', '--job-id', '1144', '--pool', 'default_pool', '--raw', '--subdir', 'DAGS_FOLDER/tweets_by_user.py', '--cfg-path', '/tmp/tmp0807mbl_']
[2021-02-18 22:44:04,997] {standard_task_runner.py:76} INFO - Job 1144: Subtask get_tweets_by_user_list
[2021-02-18 22:44:05,027] {logging_mixin.py:103} INFO - Running <TaskInstance: tweets_by_user.get_tweets_by_user_list 2021-02-18T22:43:00+00:00 [running]> on host ip-172-31-3-59.ec2.internal
[2021-02-18 22:44:05,054] {taskinstance.py:1232} INFO - Exporting the following env vars:
AIRFLOW_CTX_DAG_EMAIL=airflow@example.com
AIRFLOW_CTX_DAG_OWNER=airflow
AIRFLOW_CTX_DAG_ID=tweets_by_user
AIRFLOW_CTX_TASK_ID=get_tweets_by_user_list
AIRFLOW_CTX_EXECUTION_DATE=2021-02-18T22:43:00+00:00
AIRFLOW_CTX_DAG_RUN_ID=scheduled__2021-02-18T22:43:00+00:00
[2021-02-18 22:44:05,055] {logging_mixin.py:103} INFO - Autenticação no twitter
[2021-02-18 22:44:05,070] {logging_mixin.py:103} INFO - Autenticação no banco de dados twitter_data
[2021-02-18 22:44:05,223] {logging_mixin.py:103} INFO - Autenticação no banco de dados twitter_data
[2021-02-18 22:44:05,840] {logging_mixin.py:103} INFO - 200
[2021-02-18 22:44:05,848] {logging_mixin.py:103} INFO - Autenticação no banco de dados twitter_data
[2021-02-18 22:44:06,011] {logging_mixin.py:103} INFO - Autenticação no banco de dados twitter_data
[2021-02-18 22:44:06,424] {logging_mixin.py:103} INFO - 400
[2021-02-18 22:44:06,432] {logging_mixin.py:103} INFO - Autenticação no banco de dados twitter_data
[2021-02-18 22:44:06,600] {logging_mixin.py:103} INFO - Autenticação no banco de dados twitter_data
[2021-02-18 22:44:07,212] {logging_mixin.py:103} INFO - 600
[2021-02-18 22:44:07,215] {logging_mixin.py:103} INFO - 0:00:02.160426
[2021-02-18 22:44:07,215] {logging_mixin.py:103} INFO - 600
[2021-02-18 22:44:09,175] {logging_mixin.py:103} INFO - 0:00:01.959840
[2021-02-18 22:44:09,223] {logging_mixin.py:103} INFO - Autenticação no banco de dados twitter_data
[2021-02-18 22:44:09,243] {logging_mixin.py:103} INFO - 0:00:00.068103
[2021-02-18 22:44:09,244] {logging_mixin.py:103} INFO - 600 devidamente inseridas no banco
[2021-02-18 22:44:09,245] {python.py:118} INFO - Done. Returned value was: None
[2021-02-18 22:44:09,249] {taskinstance.py:1142} INFO - Marking task as SUCCESS. dag_id=tweets_by_user, task_id=get_tweets_by_user_list, execution_date=20210218T224300, start_date=20210218T224404, end_date=20210218T224409
[2021-02-18 22:44:09,270] {taskinstance.py:1195} INFO - 1 downstream tasks scheduled from follow-on schedule check
[2021-02-18 22:44:09,300] {local_task_job.py:118} INFO - Task exited with return code 0
