[2021-02-18 22:36:53,858] {taskinstance.py:826} INFO - Dependencies all met for <TaskInstance: tweets_by_user.get_tweets_by_user_list 2021-02-18T22:32:00+00:00 [queued]>
[2021-02-18 22:36:53,864] {taskinstance.py:826} INFO - Dependencies all met for <TaskInstance: tweets_by_user.get_tweets_by_user_list 2021-02-18T22:32:00+00:00 [queued]>
[2021-02-18 22:36:53,864] {taskinstance.py:1017} INFO - 
--------------------------------------------------------------------------------
[2021-02-18 22:36:53,864] {taskinstance.py:1018} INFO - Starting attempt 1 of 2
[2021-02-18 22:36:53,864] {taskinstance.py:1019} INFO - 
--------------------------------------------------------------------------------
[2021-02-18 22:36:53,875] {taskinstance.py:1038} INFO - Executing <Task(PythonOperator): get_tweets_by_user_list> on 2021-02-18T22:32:00+00:00
[2021-02-18 22:36:53,877] {standard_task_runner.py:51} INFO - Started process 17816 to run task
[2021-02-18 22:36:53,883] {standard_task_runner.py:75} INFO - Running: ['airflow', 'tasks', 'run', 'tweets_by_user', 'get_tweets_by_user_list', '2021-02-18T22:32:00+00:00', '--job-id', '1111', '--pool', 'default_pool', '--raw', '--subdir', 'DAGS_FOLDER/tweets_by_user.py', '--cfg-path', '/tmp/tmpur6yo1t8']
[2021-02-18 22:36:53,886] {standard_task_runner.py:76} INFO - Job 1111: Subtask get_tweets_by_user_list
[2021-02-18 22:36:53,915] {logging_mixin.py:103} INFO - Running <TaskInstance: tweets_by_user.get_tweets_by_user_list 2021-02-18T22:32:00+00:00 [running]> on host ip-172-31-3-59.ec2.internal
[2021-02-18 22:36:53,936] {taskinstance.py:1232} INFO - Exporting the following env vars:
AIRFLOW_CTX_DAG_EMAIL=airflow@example.com
AIRFLOW_CTX_DAG_OWNER=airflow
AIRFLOW_CTX_DAG_ID=tweets_by_user
AIRFLOW_CTX_TASK_ID=get_tweets_by_user_list
AIRFLOW_CTX_EXECUTION_DATE=2021-02-18T22:32:00+00:00
AIRFLOW_CTX_DAG_RUN_ID=scheduled__2021-02-18T22:32:00+00:00
[2021-02-18 22:36:53,937] {logging_mixin.py:103} INFO - Autenticação no twitter
[2021-02-18 22:36:53,955] {logging_mixin.py:103} INFO - Autenticação no banco de dados twitter_data
[2021-02-18 22:36:54,146] {logging_mixin.py:103} INFO - Autenticação no banco de dados twitter_data
[2021-02-18 22:36:54,758] {logging_mixin.py:103} INFO - 200
[2021-02-18 22:36:54,766] {logging_mixin.py:103} INFO - Autenticação no banco de dados twitter_data
[2021-02-18 22:36:54,916] {logging_mixin.py:103} INFO - Autenticação no banco de dados twitter_data
[2021-02-18 22:36:55,412] {logging_mixin.py:103} INFO - 400
[2021-02-18 22:36:55,420] {logging_mixin.py:103} INFO - Autenticação no banco de dados twitter_data
[2021-02-18 22:36:55,568] {logging_mixin.py:103} INFO - Autenticação no banco de dados twitter_data
[2021-02-18 22:36:56,068] {logging_mixin.py:103} INFO - 600
[2021-02-18 22:36:56,071] {logging_mixin.py:103} INFO - 0:00:02.134586
[2021-02-18 22:36:56,071] {logging_mixin.py:103} INFO - 600
[2021-02-18 22:36:58,041] {logging_mixin.py:103} INFO - 0:00:01.969880
[2021-02-18 22:36:58,057] {logging_mixin.py:103} INFO - Autenticação no banco de dados twitter_data
[2021-02-18 22:36:58,079] {logging_mixin.py:103} INFO - 0:00:00.037708
[2021-02-18 22:36:58,079] {logging_mixin.py:103} INFO - 600 devidamente inseridas no banco
[2021-02-18 22:36:58,081] {python.py:118} INFO - Done. Returned value was: None
[2021-02-18 22:36:58,084] {taskinstance.py:1142} INFO - Marking task as SUCCESS. dag_id=tweets_by_user, task_id=get_tweets_by_user_list, execution_date=20210218T223200, start_date=20210218T223653, end_date=20210218T223658
[2021-02-18 22:36:58,106] {taskinstance.py:1195} INFO - 1 downstream tasks scheduled from follow-on schedule check
[2021-02-18 22:36:58,149] {local_task_job.py:118} INFO - Task exited with return code 0
