[2021-02-03 03:56:25,397] {scheduler_job.py:181} INFO - Started process (PID=2127) to work on /home/ubuntu/environment/general-airflow/dags/tweets_by_user.py
[2021-02-03 03:56:25,399] {scheduler_job.py:629} INFO - Processing file /home/ubuntu/environment/general-airflow/dags/tweets_by_user.py for tasks to queue
[2021-02-03 03:56:25,400] {logging_mixin.py:103} INFO - [2021-02-03 03:56:25,400] {dagbag.py:440} INFO - Filling up the DagBag from /home/ubuntu/environment/general-airflow/dags/tweets_by_user.py
[2021-02-03 03:56:25,950] {scheduler_job.py:639} INFO - DAG(s) dict_keys(['tweets_by_user']) retrieved from /home/ubuntu/environment/general-airflow/dags/tweets_by_user.py
[2021-02-03 03:56:25,952] {logging_mixin.py:103} INFO - [2021-02-03 03:56:25,952] {dag.py:1813} INFO - Sync 1 DAGs
[2021-02-03 03:56:25,975] {logging_mixin.py:103} INFO - [2021-02-03 03:56:25,975] {dag.py:2266} INFO - Setting next_dagrun for tweets_by_user to 2021-02-03T00:01:00+00:00
[2021-02-03 03:56:26,024] {scheduler_job.py:189} INFO - Processing /home/ubuntu/environment/general-airflow/dags/tweets_by_user.py took 0.630 seconds
[2021-02-03 03:56:55,483] {scheduler_job.py:181} INFO - Started process (PID=2211) to work on /home/ubuntu/environment/general-airflow/dags/tweets_by_user.py
[2021-02-03 03:56:55,485] {scheduler_job.py:629} INFO - Processing file /home/ubuntu/environment/general-airflow/dags/tweets_by_user.py for tasks to queue
[2021-02-03 03:56:55,487] {logging_mixin.py:103} INFO - [2021-02-03 03:56:55,487] {dagbag.py:440} INFO - Filling up the DagBag from /home/ubuntu/environment/general-airflow/dags/tweets_by_user.py
[2021-02-03 03:56:55,941] {scheduler_job.py:639} INFO - DAG(s) dict_keys(['tweets_by_user']) retrieved from /home/ubuntu/environment/general-airflow/dags/tweets_by_user.py
[2021-02-03 03:56:55,943] {logging_mixin.py:103} INFO - [2021-02-03 03:56:55,943] {dag.py:1813} INFO - Sync 1 DAGs
[2021-02-03 03:56:55,958] {logging_mixin.py:103} INFO - [2021-02-03 03:56:55,958] {dag.py:2266} INFO - Setting next_dagrun for tweets_by_user to 2021-02-03T00:01:00+00:00
[2021-02-03 03:56:55,967] {scheduler_job.py:189} INFO - Processing /home/ubuntu/environment/general-airflow/dags/tweets_by_user.py took 0.486 seconds
[2021-02-03 03:57:24,164] {scheduler_job.py:181} INFO - Started process (PID=2295) to work on /home/ubuntu/environment/general-airflow/dags/tweets_by_user.py
[2021-02-03 03:57:24,166] {scheduler_job.py:629} INFO - Processing file /home/ubuntu/environment/general-airflow/dags/tweets_by_user.py for tasks to queue
[2021-02-03 03:57:24,167] {logging_mixin.py:103} INFO - [2021-02-03 03:57:24,167] {dagbag.py:440} INFO - Filling up the DagBag from /home/ubuntu/environment/general-airflow/dags/tweets_by_user.py
[2021-02-03 03:57:24,561] {scheduler_job.py:639} INFO - DAG(s) dict_keys(['tweets_by_user']) retrieved from /home/ubuntu/environment/general-airflow/dags/tweets_by_user.py
[2021-02-03 03:57:24,563] {logging_mixin.py:103} INFO - [2021-02-03 03:57:24,563] {dag.py:1813} INFO - Sync 1 DAGs
[2021-02-03 03:57:24,579] {logging_mixin.py:103} INFO - [2021-02-03 03:57:24,579] {dag.py:2266} INFO - Setting next_dagrun for tweets_by_user to 2021-02-03T00:01:00+00:00
[2021-02-03 03:57:24,590] {scheduler_job.py:189} INFO - Processing /home/ubuntu/environment/general-airflow/dags/tweets_by_user.py took 0.429 seconds
[2021-02-03 03:57:52,756] {scheduler_job.py:181} INFO - Started process (PID=2380) to work on /home/ubuntu/environment/general-airflow/dags/tweets_by_user.py
[2021-02-03 03:57:52,759] {scheduler_job.py:629} INFO - Processing file /home/ubuntu/environment/general-airflow/dags/tweets_by_user.py for tasks to queue
[2021-02-03 03:57:52,760] {logging_mixin.py:103} INFO - [2021-02-03 03:57:52,760] {dagbag.py:440} INFO - Filling up the DagBag from /home/ubuntu/environment/general-airflow/dags/tweets_by_user.py
[2021-02-03 03:57:53,206] {scheduler_job.py:639} INFO - DAG(s) dict_keys(['tweets_by_user']) retrieved from /home/ubuntu/environment/general-airflow/dags/tweets_by_user.py
[2021-02-03 03:57:53,208] {logging_mixin.py:103} INFO - [2021-02-03 03:57:53,208] {dag.py:1813} INFO - Sync 1 DAGs
[2021-02-03 03:57:53,232] {logging_mixin.py:103} INFO - [2021-02-03 03:57:53,232] {dag.py:2266} INFO - Setting next_dagrun for tweets_by_user to 2021-02-03T00:01:00+00:00
[2021-02-03 03:57:53,245] {scheduler_job.py:189} INFO - Processing /home/ubuntu/environment/general-airflow/dags/tweets_by_user.py took 0.491 seconds
