[2021-02-18 22:34:13,019] {taskinstance.py:826} INFO - Dependencies all met for <TaskInstance: tweets_by_user.get_tweets_by_user_list 2021-02-17T00:02:00+00:00 [queued]>
[2021-02-18 22:34:13,025] {taskinstance.py:826} INFO - Dependencies all met for <TaskInstance: tweets_by_user.get_tweets_by_user_list 2021-02-17T00:02:00+00:00 [queued]>
[2021-02-18 22:34:13,025] {taskinstance.py:1017} INFO - 
--------------------------------------------------------------------------------
[2021-02-18 22:34:13,025] {taskinstance.py:1018} INFO - Starting attempt 1 of 2
[2021-02-18 22:34:13,025] {taskinstance.py:1019} INFO - 
--------------------------------------------------------------------------------
[2021-02-18 22:34:13,035] {taskinstance.py:1038} INFO - Executing <Task(PythonOperator): get_tweets_by_user_list> on 2021-02-17T00:02:00+00:00
[2021-02-18 22:34:13,037] {standard_task_runner.py:51} INFO - Started process 17450 to run task
[2021-02-18 22:34:13,043] {standard_task_runner.py:75} INFO - Running: ['airflow', 'tasks', 'run', 'tweets_by_user', 'get_tweets_by_user_list', '2021-02-17T00:02:00+00:00', '--job-id', '1062', '--pool', 'default_pool', '--raw', '--subdir', 'DAGS_FOLDER/tweets_by_user.py', '--cfg-path', '/tmp/tmp6gh42cwx']
[2021-02-18 22:34:13,045] {standard_task_runner.py:76} INFO - Job 1062: Subtask get_tweets_by_user_list
[2021-02-18 22:34:13,074] {logging_mixin.py:103} INFO - Running <TaskInstance: tweets_by_user.get_tweets_by_user_list 2021-02-17T00:02:00+00:00 [running]> on host ip-172-31-3-59.ec2.internal
[2021-02-18 22:34:13,097] {taskinstance.py:1232} INFO - Exporting the following env vars:
AIRFLOW_CTX_DAG_EMAIL=airflow@example.com
AIRFLOW_CTX_DAG_OWNER=airflow
AIRFLOW_CTX_DAG_ID=tweets_by_user
AIRFLOW_CTX_TASK_ID=get_tweets_by_user_list
AIRFLOW_CTX_EXECUTION_DATE=2021-02-17T00:02:00+00:00
AIRFLOW_CTX_DAG_RUN_ID=scheduled__2021-02-17T00:02:00+00:00
[2021-02-18 22:34:13,098] {logging_mixin.py:103} INFO - Autenticação no twitter
[2021-02-18 22:34:13,169] {logging_mixin.py:103} INFO - Autenticação no banco de dados twitter_data
[2021-02-18 22:34:13,325] {logging_mixin.py:103} INFO - Autenticação no banco de dados twitter_data
[2021-02-18 22:34:13,784] {logging_mixin.py:103} INFO - 200
[2021-02-18 22:34:13,793] {logging_mixin.py:103} INFO - Autenticação no banco de dados twitter_data
[2021-02-18 22:34:13,945] {logging_mixin.py:103} INFO - Autenticação no banco de dados twitter_data
[2021-02-18 22:34:14,440] {logging_mixin.py:103} INFO - 400
[2021-02-18 22:34:14,449] {logging_mixin.py:103} INFO - Autenticação no banco de dados twitter_data
[2021-02-18 22:34:14,580] {logging_mixin.py:103} INFO - Autenticação no banco de dados twitter_data
[2021-02-18 22:34:14,942] {logging_mixin.py:103} INFO - 600
[2021-02-18 22:34:14,945] {logging_mixin.py:103} INFO - 0:00:01.847214
[2021-02-18 22:34:14,945] {logging_mixin.py:103} INFO - 600
[2021-02-18 22:34:16,883] {logging_mixin.py:103} INFO - 0:00:01.937844
[2021-02-18 22:34:16,898] {logging_mixin.py:103} INFO - Autenticação no banco de dados twitter_data
[2021-02-18 22:34:16,919] {logging_mixin.py:103} INFO - 0:00:00.035695
[2021-02-18 22:34:16,919] {logging_mixin.py:103} INFO - 600 devidamente inseridas no banco
[2021-02-18 22:34:16,921] {python.py:118} INFO - Done. Returned value was: None
[2021-02-18 22:34:16,924] {taskinstance.py:1142} INFO - Marking task as SUCCESS. dag_id=tweets_by_user, task_id=get_tweets_by_user_list, execution_date=20210217T000200, start_date=20210218T223413, end_date=20210218T223416
[2021-02-18 22:34:16,944] {taskinstance.py:1195} INFO - 1 downstream tasks scheduled from follow-on schedule check
[2021-02-18 22:34:16,987] {local_task_job.py:118} INFO - Task exited with return code 0
