[2021-02-18 22:37:12,883] {taskinstance.py:826} INFO - Dependencies all met for <TaskInstance: tweets_by_user.get_tweets_by_user_list 2021-02-18T22:34:00+00:00 [queued]>
[2021-02-18 22:37:12,889] {taskinstance.py:826} INFO - Dependencies all met for <TaskInstance: tweets_by_user.get_tweets_by_user_list 2021-02-18T22:34:00+00:00 [queued]>
[2021-02-18 22:37:12,889] {taskinstance.py:1017} INFO - 
--------------------------------------------------------------------------------
[2021-02-18 22:37:12,889] {taskinstance.py:1018} INFO - Starting attempt 1 of 2
[2021-02-18 22:37:12,889] {taskinstance.py:1019} INFO - 
--------------------------------------------------------------------------------
[2021-02-18 22:37:12,899] {taskinstance.py:1038} INFO - Executing <Task(PythonOperator): get_tweets_by_user_list> on 2021-02-18T22:34:00+00:00
[2021-02-18 22:37:12,901] {standard_task_runner.py:51} INFO - Started process 17872 to run task
[2021-02-18 22:37:12,906] {standard_task_runner.py:75} INFO - Running: ['airflow', 'tasks', 'run', 'tweets_by_user', 'get_tweets_by_user_list', '2021-02-18T22:34:00+00:00', '--job-id', '1117', '--pool', 'default_pool', '--raw', '--subdir', 'DAGS_FOLDER/tweets_by_user.py', '--cfg-path', '/tmp/tmp4fdg0cth']
[2021-02-18 22:37:12,909] {standard_task_runner.py:76} INFO - Job 1117: Subtask get_tweets_by_user_list
[2021-02-18 22:37:12,936] {logging_mixin.py:103} INFO - Running <TaskInstance: tweets_by_user.get_tweets_by_user_list 2021-02-18T22:34:00+00:00 [running]> on host ip-172-31-3-59.ec2.internal
[2021-02-18 22:37:12,958] {taskinstance.py:1232} INFO - Exporting the following env vars:
AIRFLOW_CTX_DAG_EMAIL=airflow@example.com
AIRFLOW_CTX_DAG_OWNER=airflow
AIRFLOW_CTX_DAG_ID=tweets_by_user
AIRFLOW_CTX_TASK_ID=get_tweets_by_user_list
AIRFLOW_CTX_EXECUTION_DATE=2021-02-18T22:34:00+00:00
AIRFLOW_CTX_DAG_RUN_ID=scheduled__2021-02-18T22:34:00+00:00
[2021-02-18 22:37:12,960] {logging_mixin.py:103} INFO - Autenticação no twitter
[2021-02-18 22:37:12,977] {logging_mixin.py:103} INFO - Autenticação no banco de dados twitter_data
[2021-02-18 22:37:13,142] {logging_mixin.py:103} INFO - Autenticação no banco de dados twitter_data
[2021-02-18 22:37:13,613] {logging_mixin.py:103} INFO - 200
[2021-02-18 22:37:13,622] {logging_mixin.py:103} INFO - Autenticação no banco de dados twitter_data
[2021-02-18 22:37:13,783] {logging_mixin.py:103} INFO - Autenticação no banco de dados twitter_data
[2021-02-18 22:37:14,259] {logging_mixin.py:103} INFO - 400
[2021-02-18 22:37:14,268] {logging_mixin.py:103} INFO - Autenticação no banco de dados twitter_data
[2021-02-18 22:37:14,437] {logging_mixin.py:103} INFO - Autenticação no banco de dados twitter_data
[2021-02-18 22:37:14,939] {logging_mixin.py:103} INFO - 600
[2021-02-18 22:37:14,942] {logging_mixin.py:103} INFO - 0:00:01.983181
[2021-02-18 22:37:14,942] {logging_mixin.py:103} INFO - 600
[2021-02-18 22:37:16,962] {logging_mixin.py:103} INFO - 0:00:02.019809
[2021-02-18 22:37:16,978] {logging_mixin.py:103} INFO - Autenticação no banco de dados twitter_data
[2021-02-18 22:37:16,999] {logging_mixin.py:103} INFO - 0:00:00.036923
[2021-02-18 22:37:16,999] {logging_mixin.py:103} INFO - 600 devidamente inseridas no banco
[2021-02-18 22:37:17,001] {python.py:118} INFO - Done. Returned value was: None
[2021-02-18 22:37:17,005] {taskinstance.py:1142} INFO - Marking task as SUCCESS. dag_id=tweets_by_user, task_id=get_tweets_by_user_list, execution_date=20210218T223400, start_date=20210218T223712, end_date=20210218T223717
[2021-02-18 22:37:17,025] {taskinstance.py:1195} INFO - 1 downstream tasks scheduled from follow-on schedule check
[2021-02-18 22:37:17,051] {local_task_job.py:118} INFO - Task exited with return code 0
