[2021-02-18 22:34:34,774] {taskinstance.py:826} INFO - Dependencies all met for <TaskInstance: tweets_by_user.get_tweets_by_user_list 2021-02-17T00:06:00+00:00 [queued]>
[2021-02-18 22:34:34,780] {taskinstance.py:826} INFO - Dependencies all met for <TaskInstance: tweets_by_user.get_tweets_by_user_list 2021-02-17T00:06:00+00:00 [queued]>
[2021-02-18 22:34:34,780] {taskinstance.py:1017} INFO - 
--------------------------------------------------------------------------------
[2021-02-18 22:34:34,780] {taskinstance.py:1018} INFO - Starting attempt 1 of 2
[2021-02-18 22:34:34,780] {taskinstance.py:1019} INFO - 
--------------------------------------------------------------------------------
[2021-02-18 22:34:34,790] {taskinstance.py:1038} INFO - Executing <Task(PythonOperator): get_tweets_by_user_list> on 2021-02-17T00:06:00+00:00
[2021-02-18 22:34:34,792] {standard_task_runner.py:51} INFO - Started process 17479 to run task
[2021-02-18 22:34:34,797] {standard_task_runner.py:75} INFO - Running: ['airflow', 'tasks', 'run', 'tweets_by_user', 'get_tweets_by_user_list', '2021-02-17T00:06:00+00:00', '--job-id', '1066', '--pool', 'default_pool', '--raw', '--subdir', 'DAGS_FOLDER/tweets_by_user.py', '--cfg-path', '/tmp/tmpp_4rj3if']
[2021-02-18 22:34:34,799] {standard_task_runner.py:76} INFO - Job 1066: Subtask get_tweets_by_user_list
[2021-02-18 22:34:34,828] {logging_mixin.py:103} INFO - Running <TaskInstance: tweets_by_user.get_tweets_by_user_list 2021-02-17T00:06:00+00:00 [running]> on host ip-172-31-3-59.ec2.internal
[2021-02-18 22:34:34,849] {taskinstance.py:1232} INFO - Exporting the following env vars:
AIRFLOW_CTX_DAG_EMAIL=airflow@example.com
AIRFLOW_CTX_DAG_OWNER=airflow
AIRFLOW_CTX_DAG_ID=tweets_by_user
AIRFLOW_CTX_TASK_ID=get_tweets_by_user_list
AIRFLOW_CTX_EXECUTION_DATE=2021-02-17T00:06:00+00:00
AIRFLOW_CTX_DAG_RUN_ID=scheduled__2021-02-17T00:06:00+00:00
[2021-02-18 22:34:34,851] {logging_mixin.py:103} INFO - Autenticação no twitter
[2021-02-18 22:34:34,877] {logging_mixin.py:103} INFO - Autenticação no banco de dados twitter_data
[2021-02-18 22:34:35,042] {logging_mixin.py:103} INFO - Autenticação no banco de dados twitter_data
[2021-02-18 22:34:35,443] {logging_mixin.py:103} INFO - 200
[2021-02-18 22:34:35,452] {logging_mixin.py:103} INFO - Autenticação no banco de dados twitter_data
[2021-02-18 22:34:35,608] {logging_mixin.py:103} INFO - Autenticação no banco de dados twitter_data
[2021-02-18 22:34:36,141] {logging_mixin.py:103} INFO - 400
[2021-02-18 22:34:36,149] {logging_mixin.py:103} INFO - Autenticação no banco de dados twitter_data
[2021-02-18 22:34:36,282] {logging_mixin.py:103} INFO - Autenticação no banco de dados twitter_data
[2021-02-18 22:34:36,748] {logging_mixin.py:103} INFO - 600
[2021-02-18 22:34:36,751] {logging_mixin.py:103} INFO - 0:00:01.901039
[2021-02-18 22:34:36,751] {logging_mixin.py:103} INFO - 600
[2021-02-18 22:34:38,727] {logging_mixin.py:103} INFO - 0:00:01.975906
[2021-02-18 22:34:38,743] {logging_mixin.py:103} INFO - Autenticação no banco de dados twitter_data
[2021-02-18 22:34:38,765] {logging_mixin.py:103} INFO - 0:00:00.037326
[2021-02-18 22:34:38,765] {logging_mixin.py:103} INFO - 600 devidamente inseridas no banco
[2021-02-18 22:34:38,767] {python.py:118} INFO - Done. Returned value was: None
[2021-02-18 22:34:38,770] {taskinstance.py:1142} INFO - Marking task as SUCCESS. dag_id=tweets_by_user, task_id=get_tweets_by_user_list, execution_date=20210217T000600, start_date=20210218T223434, end_date=20210218T223438
[2021-02-18 22:34:38,792] {taskinstance.py:1195} INFO - 1 downstream tasks scheduled from follow-on schedule check
[2021-02-18 22:34:38,822] {local_task_job.py:118} INFO - Task exited with return code 0
