[2021-02-18 22:23:51,171] {taskinstance.py:826} INFO - Dependencies all met for <TaskInstance: primeira_dag.print_userlist_2_task 2021-02-17T07:04:00+00:00 [queued]>
[2021-02-18 22:23:51,177] {taskinstance.py:826} INFO - Dependencies all met for <TaskInstance: primeira_dag.print_userlist_2_task 2021-02-17T07:04:00+00:00 [queued]>
[2021-02-18 22:23:51,177] {taskinstance.py:1017} INFO - 
--------------------------------------------------------------------------------
[2021-02-18 22:23:51,177] {taskinstance.py:1018} INFO - Starting attempt 1 of 2
[2021-02-18 22:23:51,177] {taskinstance.py:1019} INFO - 
--------------------------------------------------------------------------------
[2021-02-18 22:23:51,188] {taskinstance.py:1038} INFO - Executing <Task(PythonOperator): print_userlist_2_task> on 2021-02-17T07:04:00+00:00
[2021-02-18 22:23:51,189] {standard_task_runner.py:51} INFO - Started process 15710 to run task
[2021-02-18 22:23:51,196] {standard_task_runner.py:75} INFO - Running: ['airflow', 'tasks', 'run', 'primeira_dag', 'print_userlist_2_task', '2021-02-17T07:04:00+00:00', '--job-id', '921', '--pool', 'default_pool', '--raw', '--subdir', 'DAGS_FOLDER/primeira_dag.py', '--cfg-path', '/tmp/tmpkp38guza']
[2021-02-18 22:23:51,197] {standard_task_runner.py:76} INFO - Job 921: Subtask print_userlist_2_task
[2021-02-18 22:23:51,226] {logging_mixin.py:103} INFO - Running <TaskInstance: primeira_dag.print_userlist_2_task 2021-02-17T07:04:00+00:00 [running]> on host ip-172-31-3-59.ec2.internal
[2021-02-18 22:23:51,252] {taskinstance.py:1232} INFO - Exporting the following env vars:
AIRFLOW_CTX_DAG_EMAIL=airflow@example.com
AIRFLOW_CTX_DAG_OWNER=airflow
AIRFLOW_CTX_DAG_ID=primeira_dag
AIRFLOW_CTX_TASK_ID=print_userlist_2_task
AIRFLOW_CTX_EXECUTION_DATE=2021-02-17T07:04:00+00:00
AIRFLOW_CTX_DAG_RUN_ID=scheduled__2021-02-17T07:04:00+00:00
[2021-02-18 22:23:51,252] {logging_mixin.py:103} INFO - userlist
[2021-02-18 22:23:51,253] {python.py:118} INFO - Done. Returned value was: None
[2021-02-18 22:23:51,256] {taskinstance.py:1142} INFO - Marking task as SUCCESS. dag_id=primeira_dag, task_id=print_userlist_2_task, execution_date=20210217T070400, start_date=20210218T222351, end_date=20210218T222351
[2021-02-18 22:23:51,269] {taskinstance.py:1195} INFO - 0 downstream tasks scheduled from follow-on schedule check
[2021-02-18 22:23:51,287] {local_task_job.py:118} INFO - Task exited with return code 0
