[2021-02-18 22:36:16,905] {taskinstance.py:826} INFO - Dependencies all met for <TaskInstance: tweets_by_user.get_tweets_by_user_list 2021-02-18T22:28:00+00:00 [queued]>
[2021-02-18 22:36:16,911] {taskinstance.py:826} INFO - Dependencies all met for <TaskInstance: tweets_by_user.get_tweets_by_user_list 2021-02-18T22:28:00+00:00 [queued]>
[2021-02-18 22:36:16,911] {taskinstance.py:1017} INFO - 
--------------------------------------------------------------------------------
[2021-02-18 22:36:16,911] {taskinstance.py:1018} INFO - Starting attempt 1 of 2
[2021-02-18 22:36:16,911] {taskinstance.py:1019} INFO - 
--------------------------------------------------------------------------------
[2021-02-18 22:36:16,921] {taskinstance.py:1038} INFO - Executing <Task(PythonOperator): get_tweets_by_user_list> on 2021-02-18T22:28:00+00:00
[2021-02-18 22:36:16,923] {standard_task_runner.py:51} INFO - Started process 17732 to run task
[2021-02-18 22:36:16,929] {standard_task_runner.py:75} INFO - Running: ['airflow', 'tasks', 'run', 'tweets_by_user', 'get_tweets_by_user_list', '2021-02-18T22:28:00+00:00', '--job-id', '1099', '--pool', 'default_pool', '--raw', '--subdir', 'DAGS_FOLDER/tweets_by_user.py', '--cfg-path', '/tmp/tmppmqskubl']
[2021-02-18 22:36:16,931] {standard_task_runner.py:76} INFO - Job 1099: Subtask get_tweets_by_user_list
[2021-02-18 22:36:16,960] {logging_mixin.py:103} INFO - Running <TaskInstance: tweets_by_user.get_tweets_by_user_list 2021-02-18T22:28:00+00:00 [running]> on host ip-172-31-3-59.ec2.internal
[2021-02-18 22:36:16,981] {taskinstance.py:1232} INFO - Exporting the following env vars:
AIRFLOW_CTX_DAG_EMAIL=airflow@example.com
AIRFLOW_CTX_DAG_OWNER=airflow
AIRFLOW_CTX_DAG_ID=tweets_by_user
AIRFLOW_CTX_TASK_ID=get_tweets_by_user_list
AIRFLOW_CTX_EXECUTION_DATE=2021-02-18T22:28:00+00:00
AIRFLOW_CTX_DAG_RUN_ID=scheduled__2021-02-18T22:28:00+00:00
[2021-02-18 22:36:16,982] {logging_mixin.py:103} INFO - Autenticação no twitter
[2021-02-18 22:36:17,003] {logging_mixin.py:103} INFO - Autenticação no banco de dados twitter_data
[2021-02-18 22:36:17,141] {logging_mixin.py:103} INFO - Autenticação no banco de dados twitter_data
[2021-02-18 22:36:17,557] {logging_mixin.py:103} INFO - 200
[2021-02-18 22:36:17,565] {logging_mixin.py:103} INFO - Autenticação no banco de dados twitter_data
[2021-02-18 22:36:17,724] {logging_mixin.py:103} INFO - Autenticação no banco de dados twitter_data
[2021-02-18 22:36:18,127] {logging_mixin.py:103} INFO - 400
[2021-02-18 22:36:18,135] {logging_mixin.py:103} INFO - Autenticação no banco de dados twitter_data
[2021-02-18 22:36:18,308] {logging_mixin.py:103} INFO - Autenticação no banco de dados twitter_data
[2021-02-18 22:36:18,797] {logging_mixin.py:103} INFO - 600
[2021-02-18 22:36:18,800] {logging_mixin.py:103} INFO - 0:00:01.818810
[2021-02-18 22:36:18,800] {logging_mixin.py:103} INFO - 600
[2021-02-18 22:36:20,772] {logging_mixin.py:103} INFO - 0:00:01.971916
[2021-02-18 22:36:20,788] {logging_mixin.py:103} INFO - Autenticação no banco de dados twitter_data
[2021-02-18 22:36:20,809] {logging_mixin.py:103} INFO - 0:00:00.036361
[2021-02-18 22:36:20,809] {logging_mixin.py:103} INFO - 600 devidamente inseridas no banco
[2021-02-18 22:36:20,811] {python.py:118} INFO - Done. Returned value was: None
[2021-02-18 22:36:20,814] {taskinstance.py:1142} INFO - Marking task as SUCCESS. dag_id=tweets_by_user, task_id=get_tweets_by_user_list, execution_date=20210218T222800, start_date=20210218T223616, end_date=20210218T223620
[2021-02-18 22:36:20,835] {taskinstance.py:1195} INFO - 1 downstream tasks scheduled from follow-on schedule check
[2021-02-18 22:36:20,872] {local_task_job.py:118} INFO - Task exited with return code 0
