[2021-02-18 22:45:04,389] {taskinstance.py:826} INFO - Dependencies all met for <TaskInstance: tweets_by_user.get_tweets_by_user_list 2021-02-18T22:44:00+00:00 [queued]>
[2021-02-18 22:45:04,395] {taskinstance.py:826} INFO - Dependencies all met for <TaskInstance: tweets_by_user.get_tweets_by_user_list 2021-02-18T22:44:00+00:00 [queued]>
[2021-02-18 22:45:04,395] {taskinstance.py:1017} INFO - 
--------------------------------------------------------------------------------
[2021-02-18 22:45:04,395] {taskinstance.py:1018} INFO - Starting attempt 1 of 2
[2021-02-18 22:45:04,395] {taskinstance.py:1019} INFO - 
--------------------------------------------------------------------------------
[2021-02-18 22:45:04,405] {taskinstance.py:1038} INFO - Executing <Task(PythonOperator): get_tweets_by_user_list> on 2021-02-18T22:44:00+00:00
[2021-02-18 22:45:04,408] {standard_task_runner.py:51} INFO - Started process 18977 to run task
[2021-02-18 22:45:04,413] {standard_task_runner.py:75} INFO - Running: ['airflow', 'tasks', 'run', 'tweets_by_user', 'get_tweets_by_user_list', '2021-02-18T22:44:00+00:00', '--job-id', '1147', '--pool', 'default_pool', '--raw', '--subdir', 'DAGS_FOLDER/tweets_by_user.py', '--cfg-path', '/tmp/tmpi5gemyb1']
[2021-02-18 22:45:04,416] {standard_task_runner.py:76} INFO - Job 1147: Subtask get_tweets_by_user_list
[2021-02-18 22:45:04,445] {logging_mixin.py:103} INFO - Running <TaskInstance: tweets_by_user.get_tweets_by_user_list 2021-02-18T22:44:00+00:00 [running]> on host ip-172-31-3-59.ec2.internal
[2021-02-18 22:45:04,474] {taskinstance.py:1232} INFO - Exporting the following env vars:
AIRFLOW_CTX_DAG_EMAIL=airflow@example.com
AIRFLOW_CTX_DAG_OWNER=airflow
AIRFLOW_CTX_DAG_ID=tweets_by_user
AIRFLOW_CTX_TASK_ID=get_tweets_by_user_list
AIRFLOW_CTX_EXECUTION_DATE=2021-02-18T22:44:00+00:00
AIRFLOW_CTX_DAG_RUN_ID=scheduled__2021-02-18T22:44:00+00:00
[2021-02-18 22:45:04,475] {logging_mixin.py:103} INFO - Autenticação no twitter
[2021-02-18 22:45:04,495] {logging_mixin.py:103} INFO - Autenticação no banco de dados twitter_data
[2021-02-18 22:45:04,644] {logging_mixin.py:103} INFO - Autenticação no banco de dados twitter_data
[2021-02-18 22:45:05,122] {logging_mixin.py:103} INFO - 200
[2021-02-18 22:45:05,131] {logging_mixin.py:103} INFO - Autenticação no banco de dados twitter_data
[2021-02-18 22:45:05,318] {logging_mixin.py:103} INFO - Autenticação no banco de dados twitter_data
[2021-02-18 22:45:05,790] {logging_mixin.py:103} INFO - 400
[2021-02-18 22:45:05,798] {logging_mixin.py:103} INFO - Autenticação no banco de dados twitter_data
[2021-02-18 22:45:05,956] {logging_mixin.py:103} INFO - Autenticação no banco de dados twitter_data
[2021-02-18 22:45:06,508] {logging_mixin.py:103} INFO - 600
[2021-02-18 22:45:06,511] {logging_mixin.py:103} INFO - 0:00:02.037131
[2021-02-18 22:45:06,511] {logging_mixin.py:103} INFO - 600
[2021-02-18 22:45:08,463] {logging_mixin.py:103} INFO - 0:00:01.950992
[2021-02-18 22:45:08,487] {logging_mixin.py:103} INFO - Autenticação no banco de dados twitter_data
[2021-02-18 22:45:08,509] {logging_mixin.py:103} INFO - 0:00:00.046201
[2021-02-18 22:45:08,509] {logging_mixin.py:103} INFO - 600 devidamente inseridas no banco
[2021-02-18 22:45:08,511] {python.py:118} INFO - Done. Returned value was: None
[2021-02-18 22:45:08,514] {taskinstance.py:1142} INFO - Marking task as SUCCESS. dag_id=tweets_by_user, task_id=get_tweets_by_user_list, execution_date=20210218T224400, start_date=20210218T224504, end_date=20210218T224508
[2021-02-18 22:45:08,536] {taskinstance.py:1195} INFO - 1 downstream tasks scheduled from follow-on schedule check
[2021-02-18 22:45:08,558] {local_task_job.py:118} INFO - Task exited with return code 0
