[2021-02-18 22:53:04,987] {taskinstance.py:826} INFO - Dependencies all met for <TaskInstance: tweets_by_user.get_tweets_by_user_list 2021-02-18T22:52:00+00:00 [queued]>
[2021-02-18 22:53:04,992] {taskinstance.py:826} INFO - Dependencies all met for <TaskInstance: tweets_by_user.get_tweets_by_user_list 2021-02-18T22:52:00+00:00 [queued]>
[2021-02-18 22:53:04,992] {taskinstance.py:1017} INFO - 
--------------------------------------------------------------------------------
[2021-02-18 22:53:04,992] {taskinstance.py:1018} INFO - Starting attempt 1 of 2
[2021-02-18 22:53:04,992] {taskinstance.py:1019} INFO - 
--------------------------------------------------------------------------------
[2021-02-18 22:53:05,002] {taskinstance.py:1038} INFO - Executing <Task(PythonOperator): get_tweets_by_user_list> on 2021-02-18T22:52:00+00:00
[2021-02-18 22:53:05,005] {standard_task_runner.py:51} INFO - Started process 19933 to run task
[2021-02-18 22:53:05,011] {standard_task_runner.py:75} INFO - Running: ['airflow', 'tasks', 'run', 'tweets_by_user', 'get_tweets_by_user_list', '2021-02-18T22:52:00+00:00', '--job-id', '1171', '--pool', 'default_pool', '--raw', '--subdir', 'DAGS_FOLDER/tweets_by_user.py', '--cfg-path', '/tmp/tmpq5wjcn7b']
[2021-02-18 22:53:05,013] {standard_task_runner.py:76} INFO - Job 1171: Subtask get_tweets_by_user_list
[2021-02-18 22:53:05,044] {logging_mixin.py:103} INFO - Running <TaskInstance: tweets_by_user.get_tweets_by_user_list 2021-02-18T22:52:00+00:00 [running]> on host ip-172-31-3-59.ec2.internal
[2021-02-18 22:53:05,071] {taskinstance.py:1232} INFO - Exporting the following env vars:
AIRFLOW_CTX_DAG_EMAIL=airflow@example.com
AIRFLOW_CTX_DAG_OWNER=airflow
AIRFLOW_CTX_DAG_ID=tweets_by_user
AIRFLOW_CTX_TASK_ID=get_tweets_by_user_list
AIRFLOW_CTX_EXECUTION_DATE=2021-02-18T22:52:00+00:00
AIRFLOW_CTX_DAG_RUN_ID=scheduled__2021-02-18T22:52:00+00:00
[2021-02-18 22:53:05,072] {logging_mixin.py:103} INFO - Autenticação no twitter
[2021-02-18 22:53:05,087] {logging_mixin.py:103} INFO - Autenticação no banco de dados twitter_data
[2021-02-18 22:53:05,252] {logging_mixin.py:103} INFO - Autenticação no banco de dados twitter_data
[2021-02-18 22:53:05,699] {logging_mixin.py:103} INFO - 200
[2021-02-18 22:53:05,709] {logging_mixin.py:103} INFO - Autenticação no banco de dados twitter_data
[2021-02-18 22:53:05,883] {logging_mixin.py:103} INFO - Autenticação no banco de dados twitter_data
[2021-02-18 22:53:06,482] {logging_mixin.py:103} INFO - 400
[2021-02-18 22:53:06,491] {logging_mixin.py:103} INFO - Autenticação no banco de dados twitter_data
[2021-02-18 22:53:06,644] {logging_mixin.py:103} INFO - Autenticação no banco de dados twitter_data
[2021-02-18 22:53:07,164] {logging_mixin.py:103} INFO - 600
[2021-02-18 22:53:07,168] {logging_mixin.py:103} INFO - 0:00:02.096219
[2021-02-18 22:53:07,168] {logging_mixin.py:103} INFO - 600
[2021-02-18 22:53:09,159] {logging_mixin.py:103} INFO - 0:00:01.991205
[2021-02-18 22:53:09,179] {logging_mixin.py:103} INFO - Autenticação no banco de dados twitter_data
[2021-02-18 22:53:09,201] {logging_mixin.py:103} INFO - 0:00:00.042236
[2021-02-18 22:53:09,201] {logging_mixin.py:103} INFO - 600 devidamente inseridas no banco
[2021-02-18 22:53:09,203] {python.py:118} INFO - Done. Returned value was: None
[2021-02-18 22:53:09,207] {taskinstance.py:1142} INFO - Marking task as SUCCESS. dag_id=tweets_by_user, task_id=get_tweets_by_user_list, execution_date=20210218T225200, start_date=20210218T225304, end_date=20210218T225309
[2021-02-18 22:53:09,227] {taskinstance.py:1195} INFO - 1 downstream tasks scheduled from follow-on schedule check
[2021-02-18 22:53:09,239] {local_task_job.py:118} INFO - Task exited with return code 0
