[2021-02-18 22:40:04,712] {taskinstance.py:826} INFO - Dependencies all met for <TaskInstance: tweets_by_user.get_tweets_by_user_list 2021-02-18T22:39:00+00:00 [queued]>
[2021-02-18 22:40:04,718] {taskinstance.py:826} INFO - Dependencies all met for <TaskInstance: tweets_by_user.get_tweets_by_user_list 2021-02-18T22:39:00+00:00 [queued]>
[2021-02-18 22:40:04,718] {taskinstance.py:1017} INFO - 
--------------------------------------------------------------------------------
[2021-02-18 22:40:04,718] {taskinstance.py:1018} INFO - Starting attempt 1 of 2
[2021-02-18 22:40:04,718] {taskinstance.py:1019} INFO - 
--------------------------------------------------------------------------------
[2021-02-18 22:40:04,728] {taskinstance.py:1038} INFO - Executing <Task(PythonOperator): get_tweets_by_user_list> on 2021-02-18T22:39:00+00:00
[2021-02-18 22:40:04,730] {standard_task_runner.py:51} INFO - Started process 18354 to run task
[2021-02-18 22:40:04,735] {standard_task_runner.py:75} INFO - Running: ['airflow', 'tasks', 'run', 'tweets_by_user', 'get_tweets_by_user_list', '2021-02-18T22:39:00+00:00', '--job-id', '1132', '--pool', 'default_pool', '--raw', '--subdir', 'DAGS_FOLDER/tweets_by_user.py', '--cfg-path', '/tmp/tmpvxmzkkg0']
[2021-02-18 22:40:04,738] {standard_task_runner.py:76} INFO - Job 1132: Subtask get_tweets_by_user_list
[2021-02-18 22:40:04,766] {logging_mixin.py:103} INFO - Running <TaskInstance: tweets_by_user.get_tweets_by_user_list 2021-02-18T22:39:00+00:00 [running]> on host ip-172-31-3-59.ec2.internal
[2021-02-18 22:40:04,788] {taskinstance.py:1232} INFO - Exporting the following env vars:
AIRFLOW_CTX_DAG_EMAIL=airflow@example.com
AIRFLOW_CTX_DAG_OWNER=airflow
AIRFLOW_CTX_DAG_ID=tweets_by_user
AIRFLOW_CTX_TASK_ID=get_tweets_by_user_list
AIRFLOW_CTX_EXECUTION_DATE=2021-02-18T22:39:00+00:00
AIRFLOW_CTX_DAG_RUN_ID=scheduled__2021-02-18T22:39:00+00:00
[2021-02-18 22:40:04,790] {logging_mixin.py:103} INFO - Autenticação no twitter
[2021-02-18 22:40:04,804] {logging_mixin.py:103} INFO - Autenticação no banco de dados twitter_data
[2021-02-18 22:40:05,033] {logging_mixin.py:103} INFO - Autenticação no banco de dados twitter_data
[2021-02-18 22:40:05,678] {logging_mixin.py:103} INFO - 200
[2021-02-18 22:40:05,686] {logging_mixin.py:103} INFO - Autenticação no banco de dados twitter_data
[2021-02-18 22:40:05,850] {logging_mixin.py:103} INFO - Autenticação no banco de dados twitter_data
[2021-02-18 22:40:06,277] {logging_mixin.py:103} INFO - 400
[2021-02-18 22:40:06,286] {logging_mixin.py:103} INFO - Autenticação no banco de dados twitter_data
[2021-02-18 22:40:06,444] {logging_mixin.py:103} INFO - Autenticação no banco de dados twitter_data
[2021-02-18 22:40:06,821] {logging_mixin.py:103} INFO - 600
[2021-02-18 22:40:06,824] {logging_mixin.py:103} INFO - 0:00:02.035459
[2021-02-18 22:40:06,824] {logging_mixin.py:103} INFO - 600
[2021-02-18 22:40:08,781] {logging_mixin.py:103} INFO - 0:00:01.956763
[2021-02-18 22:40:08,816] {logging_mixin.py:103} INFO - Autenticação no banco de dados twitter_data
[2021-02-18 22:40:08,838] {logging_mixin.py:103} INFO - 0:00:00.056136
[2021-02-18 22:40:08,838] {logging_mixin.py:103} INFO - 600 devidamente inseridas no banco
[2021-02-18 22:40:08,840] {python.py:118} INFO - Done. Returned value was: None
[2021-02-18 22:40:08,843] {taskinstance.py:1142} INFO - Marking task as SUCCESS. dag_id=tweets_by_user, task_id=get_tweets_by_user_list, execution_date=20210218T223900, start_date=20210218T224004, end_date=20210218T224008
[2021-02-18 22:40:08,866] {taskinstance.py:1195} INFO - 1 downstream tasks scheduled from follow-on schedule check
[2021-02-18 22:40:08,881] {local_task_job.py:118} INFO - Task exited with return code 0
