[2021-02-18 22:41:04,953] {taskinstance.py:826} INFO - Dependencies all met for <TaskInstance: tweets_by_user.get_tweets_by_user_list 2021-02-18T22:40:00+00:00 [queued]>
[2021-02-18 22:41:04,959] {taskinstance.py:826} INFO - Dependencies all met for <TaskInstance: tweets_by_user.get_tweets_by_user_list 2021-02-18T22:40:00+00:00 [queued]>
[2021-02-18 22:41:04,959] {taskinstance.py:1017} INFO - 
--------------------------------------------------------------------------------
[2021-02-18 22:41:04,959] {taskinstance.py:1018} INFO - Starting attempt 1 of 2
[2021-02-18 22:41:04,959] {taskinstance.py:1019} INFO - 
--------------------------------------------------------------------------------
[2021-02-18 22:41:04,968] {taskinstance.py:1038} INFO - Executing <Task(PythonOperator): get_tweets_by_user_list> on 2021-02-18T22:40:00+00:00
[2021-02-18 22:41:04,971] {standard_task_runner.py:51} INFO - Started process 18464 to run task
[2021-02-18 22:41:04,976] {standard_task_runner.py:75} INFO - Running: ['airflow', 'tasks', 'run', 'tweets_by_user', 'get_tweets_by_user_list', '2021-02-18T22:40:00+00:00', '--job-id', '1135', '--pool', 'default_pool', '--raw', '--subdir', 'DAGS_FOLDER/tweets_by_user.py', '--cfg-path', '/tmp/tmpqe7vd_lr']
[2021-02-18 22:41:04,979] {standard_task_runner.py:76} INFO - Job 1135: Subtask get_tweets_by_user_list
[2021-02-18 22:41:05,008] {logging_mixin.py:103} INFO - Running <TaskInstance: tweets_by_user.get_tweets_by_user_list 2021-02-18T22:40:00+00:00 [running]> on host ip-172-31-3-59.ec2.internal
[2021-02-18 22:41:05,031] {taskinstance.py:1232} INFO - Exporting the following env vars:
AIRFLOW_CTX_DAG_EMAIL=airflow@example.com
AIRFLOW_CTX_DAG_OWNER=airflow
AIRFLOW_CTX_DAG_ID=tweets_by_user
AIRFLOW_CTX_TASK_ID=get_tweets_by_user_list
AIRFLOW_CTX_EXECUTION_DATE=2021-02-18T22:40:00+00:00
AIRFLOW_CTX_DAG_RUN_ID=scheduled__2021-02-18T22:40:00+00:00
[2021-02-18 22:41:05,033] {logging_mixin.py:103} INFO - Autenticação no twitter
[2021-02-18 22:41:05,048] {logging_mixin.py:103} INFO - Autenticação no banco de dados twitter_data
[2021-02-18 22:41:05,197] {logging_mixin.py:103} INFO - Autenticação no banco de dados twitter_data
[2021-02-18 22:41:05,771] {logging_mixin.py:103} INFO - 200
[2021-02-18 22:41:05,781] {logging_mixin.py:103} INFO - Autenticação no banco de dados twitter_data
[2021-02-18 22:41:05,915] {logging_mixin.py:103} INFO - Autenticação no banco de dados twitter_data
[2021-02-18 22:41:06,405] {logging_mixin.py:103} INFO - 400
[2021-02-18 22:41:06,413] {logging_mixin.py:103} INFO - Autenticação no banco de dados twitter_data
[2021-02-18 22:41:06,628] {logging_mixin.py:103} INFO - Autenticação no banco de dados twitter_data
[2021-02-18 22:41:07,143] {logging_mixin.py:103} INFO - 600
[2021-02-18 22:41:07,147] {logging_mixin.py:103} INFO - 0:00:02.114704
[2021-02-18 22:41:07,147] {logging_mixin.py:103} INFO - 600
[2021-02-18 22:41:09,115] {logging_mixin.py:103} INFO - 0:00:01.967902
[2021-02-18 22:41:09,137] {logging_mixin.py:103} INFO - Autenticação no banco de dados twitter_data
[2021-02-18 22:41:09,158] {logging_mixin.py:103} INFO - 0:00:00.043496
[2021-02-18 22:41:09,159] {logging_mixin.py:103} INFO - 600 devidamente inseridas no banco
[2021-02-18 22:41:09,161] {python.py:118} INFO - Done. Returned value was: None
[2021-02-18 22:41:09,164] {taskinstance.py:1142} INFO - Marking task as SUCCESS. dag_id=tweets_by_user, task_id=get_tweets_by_user_list, execution_date=20210218T224000, start_date=20210218T224104, end_date=20210218T224109
[2021-02-18 22:41:09,188] {taskinstance.py:1195} INFO - 1 downstream tasks scheduled from follow-on schedule check
[2021-02-18 22:41:09,202] {local_task_job.py:118} INFO - Task exited with return code 0
