[2021-02-18 22:35:04,309] {taskinstance.py:826} INFO - Dependencies all met for <TaskInstance: tweets_by_user.get_tweets_by_user_list 2021-02-17T00:11:00+00:00 [queued]>
[2021-02-18 22:35:04,315] {taskinstance.py:826} INFO - Dependencies all met for <TaskInstance: tweets_by_user.get_tweets_by_user_list 2021-02-17T00:11:00+00:00 [queued]>
[2021-02-18 22:35:04,315] {taskinstance.py:1017} INFO - 
--------------------------------------------------------------------------------
[2021-02-18 22:35:04,315] {taskinstance.py:1018} INFO - Starting attempt 1 of 2
[2021-02-18 22:35:04,315] {taskinstance.py:1019} INFO - 
--------------------------------------------------------------------------------
[2021-02-18 22:35:04,325] {taskinstance.py:1038} INFO - Executing <Task(PythonOperator): get_tweets_by_user_list> on 2021-02-17T00:11:00+00:00
[2021-02-18 22:35:04,327] {standard_task_runner.py:51} INFO - Started process 17535 to run task
[2021-02-18 22:35:04,333] {standard_task_runner.py:75} INFO - Running: ['airflow', 'tasks', 'run', 'tweets_by_user', 'get_tweets_by_user_list', '2021-02-17T00:11:00+00:00', '--job-id', '1072', '--pool', 'default_pool', '--raw', '--subdir', 'DAGS_FOLDER/tweets_by_user.py', '--cfg-path', '/tmp/tmpb4g6psdw']
[2021-02-18 22:35:04,336] {standard_task_runner.py:76} INFO - Job 1072: Subtask get_tweets_by_user_list
[2021-02-18 22:35:04,364] {logging_mixin.py:103} INFO - Running <TaskInstance: tweets_by_user.get_tweets_by_user_list 2021-02-17T00:11:00+00:00 [running]> on host ip-172-31-3-59.ec2.internal
[2021-02-18 22:35:04,386] {taskinstance.py:1232} INFO - Exporting the following env vars:
AIRFLOW_CTX_DAG_EMAIL=airflow@example.com
AIRFLOW_CTX_DAG_OWNER=airflow
AIRFLOW_CTX_DAG_ID=tweets_by_user
AIRFLOW_CTX_TASK_ID=get_tweets_by_user_list
AIRFLOW_CTX_EXECUTION_DATE=2021-02-17T00:11:00+00:00
AIRFLOW_CTX_DAG_RUN_ID=scheduled__2021-02-17T00:11:00+00:00
[2021-02-18 22:35:04,387] {logging_mixin.py:103} INFO - Autenticação no twitter
[2021-02-18 22:35:04,401] {logging_mixin.py:103} INFO - Autenticação no banco de dados twitter_data
[2021-02-18 22:35:04,532] {logging_mixin.py:103} INFO - Autenticação no banco de dados twitter_data
[2021-02-18 22:35:05,069] {logging_mixin.py:103} INFO - 200
[2021-02-18 22:35:05,077] {logging_mixin.py:103} INFO - Autenticação no banco de dados twitter_data
[2021-02-18 22:35:05,238] {logging_mixin.py:103} INFO - Autenticação no banco de dados twitter_data
[2021-02-18 22:35:05,558] {logging_mixin.py:103} INFO - 400
[2021-02-18 22:35:05,567] {logging_mixin.py:103} INFO - Autenticação no banco de dados twitter_data
[2021-02-18 22:35:05,739] {logging_mixin.py:103} INFO - Autenticação no banco de dados twitter_data
[2021-02-18 22:35:06,263] {logging_mixin.py:103} INFO - 600
[2021-02-18 22:35:06,266] {logging_mixin.py:103} INFO - 0:00:01.879701
[2021-02-18 22:35:06,266] {logging_mixin.py:103} INFO - 600
[2021-02-18 22:35:08,205] {logging_mixin.py:103} INFO - 0:00:01.938491
[2021-02-18 22:35:08,239] {logging_mixin.py:103} INFO - Autenticação no banco de dados twitter_data
[2021-02-18 22:35:08,261] {logging_mixin.py:103} INFO - 0:00:00.056168
[2021-02-18 22:35:08,261] {logging_mixin.py:103} INFO - 600 devidamente inseridas no banco
[2021-02-18 22:35:08,263] {python.py:118} INFO - Done. Returned value was: None
[2021-02-18 22:35:08,266] {taskinstance.py:1142} INFO - Marking task as SUCCESS. dag_id=tweets_by_user, task_id=get_tweets_by_user_list, execution_date=20210217T001100, start_date=20210218T223504, end_date=20210218T223508
[2021-02-18 22:35:08,288] {taskinstance.py:1195} INFO - 1 downstream tasks scheduled from follow-on schedule check
[2021-02-18 22:35:08,317] {local_task_job.py:118} INFO - Task exited with return code 0
