[2021-02-18 22:37:37,695] {taskinstance.py:826} INFO - Dependencies all met for <TaskInstance: tweets_by_user.print_userlist_task 2021-02-18T22:36:00+00:00 [queued]>
[2021-02-18 22:37:37,700] {taskinstance.py:826} INFO - Dependencies all met for <TaskInstance: tweets_by_user.print_userlist_task 2021-02-18T22:36:00+00:00 [queued]>
[2021-02-18 22:37:37,700] {taskinstance.py:1017} INFO - 
--------------------------------------------------------------------------------
[2021-02-18 22:37:37,700] {taskinstance.py:1018} INFO - Starting attempt 1 of 1
[2021-02-18 22:37:37,700] {taskinstance.py:1019} INFO - 
--------------------------------------------------------------------------------
[2021-02-18 22:37:37,711] {taskinstance.py:1038} INFO - Executing <Task(PythonOperator): print_userlist_task> on 2021-02-18T22:36:00+00:00
[2021-02-18 22:37:37,713] {standard_task_runner.py:51} INFO - Started process 17997 to run task
[2021-02-18 22:37:37,719] {standard_task_runner.py:75} INFO - Running: ['airflow', 'tasks', 'run', 'tweets_by_user', 'print_userlist_task', '2021-02-18T22:36:00+00:00', '--job-id', '1124', '--pool', 'default_pool', '--raw', '--subdir', 'DAGS_FOLDER/tweets_by_user.py', '--cfg-path', '/tmp/tmp4n81gisj']
[2021-02-18 22:37:37,721] {standard_task_runner.py:76} INFO - Job 1124: Subtask print_userlist_task
[2021-02-18 22:37:37,751] {logging_mixin.py:103} INFO - Running <TaskInstance: tweets_by_user.print_userlist_task 2021-02-18T22:36:00+00:00 [running]> on host ip-172-31-3-59.ec2.internal
[2021-02-18 22:37:37,773] {taskinstance.py:1232} INFO - Exporting the following env vars:
AIRFLOW_CTX_DAG_OWNER=airflow
AIRFLOW_CTX_DAG_ID=tweets_by_user
AIRFLOW_CTX_TASK_ID=print_userlist_task
AIRFLOW_CTX_EXECUTION_DATE=2021-02-18T22:36:00+00:00
AIRFLOW_CTX_DAG_RUN_ID=scheduled__2021-02-18T22:36:00+00:00
[2021-02-18 22:37:37,776] {logging_mixin.py:103} INFO - ['marcobezzi', 'heldermaldonado', 'oatila']
[2021-02-18 22:37:37,776] {python.py:118} INFO - Done. Returned value was: None
[2021-02-18 22:37:37,779] {taskinstance.py:1142} INFO - Marking task as SUCCESS. dag_id=tweets_by_user, task_id=print_userlist_task, execution_date=20210218T223600, start_date=20210218T223737, end_date=20210218T223737
[2021-02-18 22:37:37,793] {taskinstance.py:1195} INFO - 0 downstream tasks scheduled from follow-on schedule check
[2021-02-18 22:37:37,810] {local_task_job.py:118} INFO - Task exited with return code 0
