[2021-02-18 22:36:15,323] {taskinstance.py:826} INFO - Dependencies all met for <TaskInstance: tweets_by_user.get_userlist 2021-02-18T22:29:00+00:00 [queued]>
[2021-02-18 22:36:15,329] {taskinstance.py:826} INFO - Dependencies all met for <TaskInstance: tweets_by_user.get_userlist 2021-02-18T22:29:00+00:00 [queued]>
[2021-02-18 22:36:15,329] {taskinstance.py:1017} INFO - 
--------------------------------------------------------------------------------
[2021-02-18 22:36:15,329] {taskinstance.py:1018} INFO - Starting attempt 1 of 2
[2021-02-18 22:36:15,329] {taskinstance.py:1019} INFO - 
--------------------------------------------------------------------------------
[2021-02-18 22:36:15,339] {taskinstance.py:1038} INFO - Executing <Task(PythonOperator): get_userlist> on 2021-02-18T22:29:00+00:00
[2021-02-18 22:36:15,341] {standard_task_runner.py:51} INFO - Started process 17727 to run task
[2021-02-18 22:36:15,347] {standard_task_runner.py:75} INFO - Running: ['airflow', 'tasks', 'run', 'tweets_by_user', 'get_userlist', '2021-02-18T22:29:00+00:00', '--job-id', '1098', '--pool', 'default_pool', '--raw', '--subdir', 'DAGS_FOLDER/tweets_by_user.py', '--cfg-path', '/tmp/tmp74ui2bnp']
[2021-02-18 22:36:15,349] {standard_task_runner.py:76} INFO - Job 1098: Subtask get_userlist
[2021-02-18 22:36:15,379] {logging_mixin.py:103} INFO - Running <TaskInstance: tweets_by_user.get_userlist 2021-02-18T22:29:00+00:00 [running]> on host ip-172-31-3-59.ec2.internal
[2021-02-18 22:36:15,400] {taskinstance.py:1232} INFO - Exporting the following env vars:
AIRFLOW_CTX_DAG_EMAIL=airflow@example.com
AIRFLOW_CTX_DAG_OWNER=airflow
AIRFLOW_CTX_DAG_ID=tweets_by_user
AIRFLOW_CTX_TASK_ID=get_userlist
AIRFLOW_CTX_EXECUTION_DATE=2021-02-18T22:29:00+00:00
AIRFLOW_CTX_DAG_RUN_ID=scheduled__2021-02-18T22:29:00+00:00
[2021-02-18 22:36:15,412] {logging_mixin.py:103} INFO - Autenticação no banco de dados django models arroba
[2021-02-18 22:36:15,417] {python.py:118} INFO - Done. Returned value was: {'userlist': ['heldermaldonado', 'oatila', 'marcobezzi']}
[2021-02-18 22:36:15,429] {taskinstance.py:1142} INFO - Marking task as SUCCESS. dag_id=tweets_by_user, task_id=get_userlist, execution_date=20210218T222900, start_date=20210218T223615, end_date=20210218T223615
[2021-02-18 22:36:15,450] {taskinstance.py:1195} INFO - 1 downstream tasks scheduled from follow-on schedule check
[2021-02-18 22:36:15,476] {local_task_job.py:118} INFO - Task exited with return code 0
