[2021-02-18 22:21:17,381] {taskinstance.py:826} INFO - Dependencies all met for <TaskInstance: primeira_dag.print_userlist_2_task 2021-02-17T06:05:00+00:00 [queued]>
[2021-02-18 22:21:17,386] {taskinstance.py:826} INFO - Dependencies all met for <TaskInstance: primeira_dag.print_userlist_2_task 2021-02-17T06:05:00+00:00 [queued]>
[2021-02-18 22:21:17,386] {taskinstance.py:1017} INFO - 
--------------------------------------------------------------------------------
[2021-02-18 22:21:17,386] {taskinstance.py:1018} INFO - Starting attempt 1 of 2
[2021-02-18 22:21:17,386] {taskinstance.py:1019} INFO - 
--------------------------------------------------------------------------------
[2021-02-18 22:21:17,397] {taskinstance.py:1038} INFO - Executing <Task(PythonOperator): print_userlist_2_task> on 2021-02-17T06:05:00+00:00
[2021-02-18 22:21:17,398] {standard_task_runner.py:51} INFO - Started process 14815 to run task
[2021-02-18 22:21:17,405] {standard_task_runner.py:75} INFO - Running: ['airflow', 'tasks', 'run', 'primeira_dag', 'print_userlist_2_task', '2021-02-17T06:05:00+00:00', '--job-id', '803', '--pool', 'default_pool', '--raw', '--subdir', 'DAGS_FOLDER/primeira_dag.py', '--cfg-path', '/tmp/tmprf769amg']
[2021-02-18 22:21:17,406] {standard_task_runner.py:76} INFO - Job 803: Subtask print_userlist_2_task
[2021-02-18 22:21:17,436] {logging_mixin.py:103} INFO - Running <TaskInstance: primeira_dag.print_userlist_2_task 2021-02-17T06:05:00+00:00 [running]> on host ip-172-31-3-59.ec2.internal
[2021-02-18 22:21:17,466] {taskinstance.py:1232} INFO - Exporting the following env vars:
AIRFLOW_CTX_DAG_EMAIL=airflow@example.com
AIRFLOW_CTX_DAG_OWNER=airflow
AIRFLOW_CTX_DAG_ID=primeira_dag
AIRFLOW_CTX_TASK_ID=print_userlist_2_task
AIRFLOW_CTX_EXECUTION_DATE=2021-02-17T06:05:00+00:00
AIRFLOW_CTX_DAG_RUN_ID=scheduled__2021-02-17T06:05:00+00:00
[2021-02-18 22:21:17,467] {logging_mixin.py:103} INFO - userlist
[2021-02-18 22:21:17,467] {python.py:118} INFO - Done. Returned value was: None
[2021-02-18 22:21:17,470] {taskinstance.py:1142} INFO - Marking task as SUCCESS. dag_id=primeira_dag, task_id=print_userlist_2_task, execution_date=20210217T060500, start_date=20210218T222117, end_date=20210218T222117
[2021-02-18 22:21:17,484] {taskinstance.py:1195} INFO - 0 downstream tasks scheduled from follow-on schedule check
[2021-02-18 22:21:17,497] {local_task_job.py:118} INFO - Task exited with return code 0
