[2021-02-18 22:46:10,318] {taskinstance.py:826} INFO - Dependencies all met for <TaskInstance: tweets_by_user.print_userlist_task 2021-02-18T22:45:00+00:00 [queued]>
[2021-02-18 22:46:10,323] {taskinstance.py:826} INFO - Dependencies all met for <TaskInstance: tweets_by_user.print_userlist_task 2021-02-18T22:45:00+00:00 [queued]>
[2021-02-18 22:46:10,323] {taskinstance.py:1017} INFO - 
--------------------------------------------------------------------------------
[2021-02-18 22:46:10,324] {taskinstance.py:1018} INFO - Starting attempt 1 of 1
[2021-02-18 22:46:10,324] {taskinstance.py:1019} INFO - 
--------------------------------------------------------------------------------
[2021-02-18 22:46:10,335] {taskinstance.py:1038} INFO - Executing <Task(PythonOperator): print_userlist_task> on 2021-02-18T22:45:00+00:00
[2021-02-18 22:46:10,337] {standard_task_runner.py:51} INFO - Started process 19097 to run task
[2021-02-18 22:46:10,342] {standard_task_runner.py:75} INFO - Running: ['airflow', 'tasks', 'run', 'tweets_by_user', 'print_userlist_task', '2021-02-18T22:45:00+00:00', '--job-id', '1151', '--pool', 'default_pool', '--raw', '--subdir', 'DAGS_FOLDER/tweets_by_user.py', '--cfg-path', '/tmp/tmphptipiym']
[2021-02-18 22:46:10,345] {standard_task_runner.py:76} INFO - Job 1151: Subtask print_userlist_task
[2021-02-18 22:46:10,374] {logging_mixin.py:103} INFO - Running <TaskInstance: tweets_by_user.print_userlist_task 2021-02-18T22:45:00+00:00 [running]> on host ip-172-31-3-59.ec2.internal
[2021-02-18 22:46:10,402] {taskinstance.py:1232} INFO - Exporting the following env vars:
AIRFLOW_CTX_DAG_OWNER=airflow
AIRFLOW_CTX_DAG_ID=tweets_by_user
AIRFLOW_CTX_TASK_ID=print_userlist_task
AIRFLOW_CTX_EXECUTION_DATE=2021-02-18T22:45:00+00:00
AIRFLOW_CTX_DAG_RUN_ID=scheduled__2021-02-18T22:45:00+00:00
[2021-02-18 22:46:10,405] {logging_mixin.py:103} INFO - ['heldermaldonado', 'oatila', 'marcobezzi']
[2021-02-18 22:46:10,405] {python.py:118} INFO - Done. Returned value was: None
[2021-02-18 22:46:10,408] {taskinstance.py:1142} INFO - Marking task as SUCCESS. dag_id=tweets_by_user, task_id=print_userlist_task, execution_date=20210218T224500, start_date=20210218T224610, end_date=20210218T224610
[2021-02-18 22:46:10,422] {taskinstance.py:1195} INFO - 0 downstream tasks scheduled from follow-on schedule check
[2021-02-18 22:46:10,431] {local_task_job.py:118} INFO - Task exited with return code 0
