[2021-02-18 22:34:45,782] {taskinstance.py:826} INFO - Dependencies all met for <TaskInstance: tweets_by_user.get_tweets_by_user_list 2021-02-17T00:08:00+00:00 [queued]>
[2021-02-18 22:34:45,788] {taskinstance.py:826} INFO - Dependencies all met for <TaskInstance: tweets_by_user.get_tweets_by_user_list 2021-02-17T00:08:00+00:00 [queued]>
[2021-02-18 22:34:45,788] {taskinstance.py:1017} INFO - 
--------------------------------------------------------------------------------
[2021-02-18 22:34:45,788] {taskinstance.py:1018} INFO - Starting attempt 1 of 2
[2021-02-18 22:34:45,788] {taskinstance.py:1019} INFO - 
--------------------------------------------------------------------------------
[2021-02-18 22:34:45,798] {taskinstance.py:1038} INFO - Executing <Task(PythonOperator): get_tweets_by_user_list> on 2021-02-17T00:08:00+00:00
[2021-02-18 22:34:45,800] {standard_task_runner.py:51} INFO - Started process 17494 to run task
[2021-02-18 22:34:45,806] {standard_task_runner.py:75} INFO - Running: ['airflow', 'tasks', 'run', 'tweets_by_user', 'get_tweets_by_user_list', '2021-02-17T00:08:00+00:00', '--job-id', '1068', '--pool', 'default_pool', '--raw', '--subdir', 'DAGS_FOLDER/tweets_by_user.py', '--cfg-path', '/tmp/tmp7jl_6_ws']
[2021-02-18 22:34:45,808] {standard_task_runner.py:76} INFO - Job 1068: Subtask get_tweets_by_user_list
[2021-02-18 22:34:45,837] {logging_mixin.py:103} INFO - Running <TaskInstance: tweets_by_user.get_tweets_by_user_list 2021-02-17T00:08:00+00:00 [running]> on host ip-172-31-3-59.ec2.internal
[2021-02-18 22:34:45,858] {taskinstance.py:1232} INFO - Exporting the following env vars:
AIRFLOW_CTX_DAG_EMAIL=airflow@example.com
AIRFLOW_CTX_DAG_OWNER=airflow
AIRFLOW_CTX_DAG_ID=tweets_by_user
AIRFLOW_CTX_TASK_ID=get_tweets_by_user_list
AIRFLOW_CTX_EXECUTION_DATE=2021-02-17T00:08:00+00:00
AIRFLOW_CTX_DAG_RUN_ID=scheduled__2021-02-17T00:08:00+00:00
[2021-02-18 22:34:45,860] {logging_mixin.py:103} INFO - Autenticação no twitter
[2021-02-18 22:34:45,886] {logging_mixin.py:103} INFO - Autenticação no banco de dados twitter_data
[2021-02-18 22:34:46,062] {logging_mixin.py:103} INFO - Autenticação no banco de dados twitter_data
[2021-02-18 22:34:46,647] {logging_mixin.py:103} INFO - 200
[2021-02-18 22:34:46,655] {logging_mixin.py:103} INFO - Autenticação no banco de dados twitter_data
[2021-02-18 22:34:46,782] {logging_mixin.py:103} INFO - Autenticação no banco de dados twitter_data
[2021-02-18 22:34:47,185] {logging_mixin.py:103} INFO - 400
[2021-02-18 22:34:47,194] {logging_mixin.py:103} INFO - Autenticação no banco de dados twitter_data
[2021-02-18 22:34:47,327] {logging_mixin.py:103} INFO - Autenticação no banco de dados twitter_data
[2021-02-18 22:34:47,782] {logging_mixin.py:103} INFO - 600
[2021-02-18 22:34:47,785] {logging_mixin.py:103} INFO - 0:00:01.926156
[2021-02-18 22:34:47,785] {logging_mixin.py:103} INFO - 600
[2021-02-18 22:34:49,756] {logging_mixin.py:103} INFO - 0:00:01.970363
[2021-02-18 22:34:49,776] {logging_mixin.py:103} INFO - Autenticação no banco de dados twitter_data
[2021-02-18 22:34:49,798] {logging_mixin.py:103} INFO - 0:00:00.042218
[2021-02-18 22:34:49,798] {logging_mixin.py:103} INFO - 600 devidamente inseridas no banco
[2021-02-18 22:34:49,800] {python.py:118} INFO - Done. Returned value was: None
[2021-02-18 22:34:49,803] {taskinstance.py:1142} INFO - Marking task as SUCCESS. dag_id=tweets_by_user, task_id=get_tweets_by_user_list, execution_date=20210217T000800, start_date=20210218T223445, end_date=20210218T223449
[2021-02-18 22:34:49,823] {taskinstance.py:1195} INFO - 1 downstream tasks scheduled from follow-on schedule check
[2021-02-18 22:34:49,830] {local_task_job.py:118} INFO - Task exited with return code 0
