[2021-02-18 22:35:02,714] {taskinstance.py:826} INFO - Dependencies all met for <TaskInstance: tweets_by_user.get_userlist 2021-02-17T00:12:00+00:00 [queued]>
[2021-02-18 22:35:02,720] {taskinstance.py:826} INFO - Dependencies all met for <TaskInstance: tweets_by_user.get_userlist 2021-02-17T00:12:00+00:00 [queued]>
[2021-02-18 22:35:02,720] {taskinstance.py:1017} INFO - 
--------------------------------------------------------------------------------
[2021-02-18 22:35:02,720] {taskinstance.py:1018} INFO - Starting attempt 1 of 2
[2021-02-18 22:35:02,720] {taskinstance.py:1019} INFO - 
--------------------------------------------------------------------------------
[2021-02-18 22:35:02,730] {taskinstance.py:1038} INFO - Executing <Task(PythonOperator): get_userlist> on 2021-02-17T00:12:00+00:00
[2021-02-18 22:35:02,732] {standard_task_runner.py:51} INFO - Started process 17530 to run task
[2021-02-18 22:35:02,737] {standard_task_runner.py:75} INFO - Running: ['airflow', 'tasks', 'run', 'tweets_by_user', 'get_userlist', '2021-02-17T00:12:00+00:00', '--job-id', '1071', '--pool', 'default_pool', '--raw', '--subdir', 'DAGS_FOLDER/tweets_by_user.py', '--cfg-path', '/tmp/tmpwlglhycx']
[2021-02-18 22:35:02,740] {standard_task_runner.py:76} INFO - Job 1071: Subtask get_userlist
[2021-02-18 22:35:02,768] {logging_mixin.py:103} INFO - Running <TaskInstance: tweets_by_user.get_userlist 2021-02-17T00:12:00+00:00 [running]> on host ip-172-31-3-59.ec2.internal
[2021-02-18 22:35:02,790] {taskinstance.py:1232} INFO - Exporting the following env vars:
AIRFLOW_CTX_DAG_EMAIL=airflow@example.com
AIRFLOW_CTX_DAG_OWNER=airflow
AIRFLOW_CTX_DAG_ID=tweets_by_user
AIRFLOW_CTX_TASK_ID=get_userlist
AIRFLOW_CTX_EXECUTION_DATE=2021-02-17T00:12:00+00:00
AIRFLOW_CTX_DAG_RUN_ID=scheduled__2021-02-17T00:12:00+00:00
[2021-02-18 22:35:02,823] {logging_mixin.py:103} INFO - Autenticação no banco de dados django models arroba
[2021-02-18 22:35:02,827] {python.py:118} INFO - Done. Returned value was: {'userlist': ['oatila', 'marcobezzi', 'heldermaldonado']}
[2021-02-18 22:35:02,840] {taskinstance.py:1142} INFO - Marking task as SUCCESS. dag_id=tweets_by_user, task_id=get_userlist, execution_date=20210217T001200, start_date=20210218T223502, end_date=20210218T223502
[2021-02-18 22:35:02,861] {taskinstance.py:1195} INFO - 1 downstream tasks scheduled from follow-on schedule check
[2021-02-18 22:35:02,866] {local_task_job.py:118} INFO - Task exited with return code 0
