[2021-02-18 22:56:02,968] {taskinstance.py:826} INFO - Dependencies all met for <TaskInstance: tweets_by_user.get_userlist 2021-02-18T22:55:00+00:00 [queued]>
[2021-02-18 22:56:02,973] {taskinstance.py:826} INFO - Dependencies all met for <TaskInstance: tweets_by_user.get_userlist 2021-02-18T22:55:00+00:00 [queued]>
[2021-02-18 22:56:02,973] {taskinstance.py:1017} INFO - 
--------------------------------------------------------------------------------
[2021-02-18 22:56:02,973] {taskinstance.py:1018} INFO - Starting attempt 1 of 2
[2021-02-18 22:56:02,973] {taskinstance.py:1019} INFO - 
--------------------------------------------------------------------------------
[2021-02-18 22:56:02,983] {taskinstance.py:1038} INFO - Executing <Task(PythonOperator): get_userlist> on 2021-02-18T22:55:00+00:00
[2021-02-18 22:56:02,985] {standard_task_runner.py:51} INFO - Started process 20255 to run task
[2021-02-18 22:56:02,991] {standard_task_runner.py:75} INFO - Running: ['airflow', 'tasks', 'run', 'tweets_by_user', 'get_userlist', '2021-02-18T22:55:00+00:00', '--job-id', '1179', '--pool', 'default_pool', '--raw', '--subdir', 'DAGS_FOLDER/tweets_by_user.py', '--cfg-path', '/tmp/tmp8a5vkls1']
[2021-02-18 22:56:02,993] {standard_task_runner.py:76} INFO - Job 1179: Subtask get_userlist
[2021-02-18 22:56:03,023] {logging_mixin.py:103} INFO - Running <TaskInstance: tweets_by_user.get_userlist 2021-02-18T22:55:00+00:00 [running]> on host ip-172-31-3-59.ec2.internal
[2021-02-18 22:56:03,050] {taskinstance.py:1232} INFO - Exporting the following env vars:
AIRFLOW_CTX_DAG_EMAIL=airflow@example.com
AIRFLOW_CTX_DAG_OWNER=airflow
AIRFLOW_CTX_DAG_ID=tweets_by_user
AIRFLOW_CTX_TASK_ID=get_userlist
AIRFLOW_CTX_EXECUTION_DATE=2021-02-18T22:55:00+00:00
AIRFLOW_CTX_DAG_RUN_ID=scheduled__2021-02-18T22:55:00+00:00
[2021-02-18 22:56:03,090] {logging_mixin.py:103} INFO - Autenticação no banco de dados django models arroba
[2021-02-18 22:56:03,095] {python.py:118} INFO - Done. Returned value was: {'userlist': ['bolsonarosp', 'heldermaldonado', 'marcobezzi', 'oatila']}
[2021-02-18 22:56:03,107] {taskinstance.py:1142} INFO - Marking task as SUCCESS. dag_id=tweets_by_user, task_id=get_userlist, execution_date=20210218T225500, start_date=20210218T225602, end_date=20210218T225603
[2021-02-18 22:56:03,128] {taskinstance.py:1195} INFO - 1 downstream tasks scheduled from follow-on schedule check
[2021-02-18 22:56:03,160] {local_task_job.py:118} INFO - Task exited with return code 0
