[2021-02-18 22:38:04,277] {taskinstance.py:826} INFO - Dependencies all met for <TaskInstance: tweets_by_user.get_tweets_by_user_list 2021-02-18T22:37:00+00:00 [queued]>
[2021-02-18 22:38:04,283] {taskinstance.py:826} INFO - Dependencies all met for <TaskInstance: tweets_by_user.get_tweets_by_user_list 2021-02-18T22:37:00+00:00 [queued]>
[2021-02-18 22:38:04,283] {taskinstance.py:1017} INFO - 
--------------------------------------------------------------------------------
[2021-02-18 22:38:04,283] {taskinstance.py:1018} INFO - Starting attempt 1 of 2
[2021-02-18 22:38:04,283] {taskinstance.py:1019} INFO - 
--------------------------------------------------------------------------------
[2021-02-18 22:38:04,293] {taskinstance.py:1038} INFO - Executing <Task(PythonOperator): get_tweets_by_user_list> on 2021-02-18T22:37:00+00:00
[2021-02-18 22:38:04,295] {standard_task_runner.py:51} INFO - Started process 18059 to run task
[2021-02-18 22:38:04,301] {standard_task_runner.py:75} INFO - Running: ['airflow', 'tasks', 'run', 'tweets_by_user', 'get_tweets_by_user_list', '2021-02-18T22:37:00+00:00', '--job-id', '1126', '--pool', 'default_pool', '--raw', '--subdir', 'DAGS_FOLDER/tweets_by_user.py', '--cfg-path', '/tmp/tmp0krl95b6']
[2021-02-18 22:38:04,304] {standard_task_runner.py:76} INFO - Job 1126: Subtask get_tweets_by_user_list
[2021-02-18 22:38:04,333] {logging_mixin.py:103} INFO - Running <TaskInstance: tweets_by_user.get_tweets_by_user_list 2021-02-18T22:37:00+00:00 [running]> on host ip-172-31-3-59.ec2.internal
[2021-02-18 22:38:04,355] {taskinstance.py:1232} INFO - Exporting the following env vars:
AIRFLOW_CTX_DAG_EMAIL=airflow@example.com
AIRFLOW_CTX_DAG_OWNER=airflow
AIRFLOW_CTX_DAG_ID=tweets_by_user
AIRFLOW_CTX_TASK_ID=get_tweets_by_user_list
AIRFLOW_CTX_EXECUTION_DATE=2021-02-18T22:37:00+00:00
AIRFLOW_CTX_DAG_RUN_ID=scheduled__2021-02-18T22:37:00+00:00
[2021-02-18 22:38:04,357] {logging_mixin.py:103} INFO - Autenticação no twitter
[2021-02-18 22:38:04,372] {logging_mixin.py:103} INFO - Autenticação no banco de dados twitter_data
[2021-02-18 22:38:04,512] {logging_mixin.py:103} INFO - Autenticação no banco de dados twitter_data
[2021-02-18 22:38:05,051] {logging_mixin.py:103} INFO - 200
[2021-02-18 22:38:05,060] {logging_mixin.py:103} INFO - Autenticação no banco de dados twitter_data
[2021-02-18 22:38:05,189] {logging_mixin.py:103} INFO - Autenticação no banco de dados twitter_data
[2021-02-18 22:38:05,596] {logging_mixin.py:103} INFO - 400
[2021-02-18 22:38:05,605] {logging_mixin.py:103} INFO - Autenticação no banco de dados twitter_data
[2021-02-18 22:38:05,773] {logging_mixin.py:103} INFO - Autenticação no banco de dados twitter_data
[2021-02-18 22:38:06,301] {logging_mixin.py:103} INFO - 600
[2021-02-18 22:38:06,304] {logging_mixin.py:103} INFO - 0:00:01.947967
[2021-02-18 22:38:06,304] {logging_mixin.py:103} INFO - 600
[2021-02-18 22:38:08,279] {logging_mixin.py:103} INFO - 0:00:01.974806
[2021-02-18 22:38:08,307] {logging_mixin.py:103} INFO - Autenticação no banco de dados twitter_data
[2021-02-18 22:38:08,328] {logging_mixin.py:103} INFO - 0:00:00.048743
[2021-02-18 22:38:08,328] {logging_mixin.py:103} INFO - 600 devidamente inseridas no banco
[2021-02-18 22:38:08,330] {python.py:118} INFO - Done. Returned value was: None
[2021-02-18 22:38:08,333] {taskinstance.py:1142} INFO - Marking task as SUCCESS. dag_id=tweets_by_user, task_id=get_tweets_by_user_list, execution_date=20210218T223700, start_date=20210218T223804, end_date=20210218T223808
[2021-02-18 22:38:08,354] {taskinstance.py:1195} INFO - 1 downstream tasks scheduled from follow-on schedule check
[2021-02-18 22:38:08,366] {local_task_job.py:118} INFO - Task exited with return code 0
