[2021-02-18 22:13:20,563] {taskinstance.py:826} INFO - Dependencies all met for <TaskInstance: primeira_dag.print_userlist_2_task 2021-02-17T03:02:00+00:00 [queued]>
[2021-02-18 22:13:20,568] {taskinstance.py:826} INFO - Dependencies all met for <TaskInstance: primeira_dag.print_userlist_2_task 2021-02-17T03:02:00+00:00 [queued]>
[2021-02-18 22:13:20,568] {taskinstance.py:1017} INFO - 
--------------------------------------------------------------------------------
[2021-02-18 22:13:20,568] {taskinstance.py:1018} INFO - Starting attempt 1 of 2
[2021-02-18 22:13:20,568] {taskinstance.py:1019} INFO - 
--------------------------------------------------------------------------------
[2021-02-18 22:13:20,578] {taskinstance.py:1038} INFO - Executing <Task(PythonOperator): print_userlist_2_task> on 2021-02-17T03:02:00+00:00
[2021-02-18 22:13:20,579] {standard_task_runner.py:51} INFO - Started process 12250 to run task
[2021-02-18 22:13:20,586] {standard_task_runner.py:75} INFO - Running: ['airflow', 'tasks', 'run', 'primeira_dag', 'print_userlist_2_task', '2021-02-17T03:02:00+00:00', '--job-id', '437', '--pool', 'default_pool', '--raw', '--subdir', 'DAGS_FOLDER/primeira_dag.py', '--cfg-path', '/tmp/tmppglpjnar']
[2021-02-18 22:13:20,587] {standard_task_runner.py:76} INFO - Job 437: Subtask print_userlist_2_task
[2021-02-18 22:13:20,616] {logging_mixin.py:103} INFO - Running <TaskInstance: primeira_dag.print_userlist_2_task 2021-02-17T03:02:00+00:00 [running]> on host ip-172-31-3-59.ec2.internal
[2021-02-18 22:13:20,642] {taskinstance.py:1232} INFO - Exporting the following env vars:
AIRFLOW_CTX_DAG_EMAIL=airflow@example.com
AIRFLOW_CTX_DAG_OWNER=airflow
AIRFLOW_CTX_DAG_ID=primeira_dag
AIRFLOW_CTX_TASK_ID=print_userlist_2_task
AIRFLOW_CTX_EXECUTION_DATE=2021-02-17T03:02:00+00:00
AIRFLOW_CTX_DAG_RUN_ID=scheduled__2021-02-17T03:02:00+00:00
[2021-02-18 22:13:20,643] {logging_mixin.py:103} INFO - userlist
[2021-02-18 22:13:20,643] {python.py:118} INFO - Done. Returned value was: None
[2021-02-18 22:13:20,646] {taskinstance.py:1142} INFO - Marking task as SUCCESS. dag_id=primeira_dag, task_id=print_userlist_2_task, execution_date=20210217T030200, start_date=20210218T221320, end_date=20210218T221320
[2021-02-18 22:13:20,660] {taskinstance.py:1195} INFO - 0 downstream tasks scheduled from follow-on schedule check
[2021-02-18 22:13:20,679] {local_task_job.py:118} INFO - Task exited with return code 0
