[2021-02-18 22:39:04,625] {taskinstance.py:826} INFO - Dependencies all met for <TaskInstance: tweets_by_user.get_tweets_by_user_list 2021-02-18T22:38:00+00:00 [queued]>
[2021-02-18 22:39:04,631] {taskinstance.py:826} INFO - Dependencies all met for <TaskInstance: tweets_by_user.get_tweets_by_user_list 2021-02-18T22:38:00+00:00 [queued]>
[2021-02-18 22:39:04,631] {taskinstance.py:1017} INFO - 
--------------------------------------------------------------------------------
[2021-02-18 22:39:04,631] {taskinstance.py:1018} INFO - Starting attempt 1 of 2
[2021-02-18 22:39:04,631] {taskinstance.py:1019} INFO - 
--------------------------------------------------------------------------------
[2021-02-18 22:39:04,642] {taskinstance.py:1038} INFO - Executing <Task(PythonOperator): get_tweets_by_user_list> on 2021-02-18T22:38:00+00:00
[2021-02-18 22:39:04,644] {standard_task_runner.py:51} INFO - Started process 18244 to run task
[2021-02-18 22:39:04,650] {standard_task_runner.py:75} INFO - Running: ['airflow', 'tasks', 'run', 'tweets_by_user', 'get_tweets_by_user_list', '2021-02-18T22:38:00+00:00', '--job-id', '1129', '--pool', 'default_pool', '--raw', '--subdir', 'DAGS_FOLDER/tweets_by_user.py', '--cfg-path', '/tmp/tmphfwm1o8a']
[2021-02-18 22:39:04,652] {standard_task_runner.py:76} INFO - Job 1129: Subtask get_tweets_by_user_list
[2021-02-18 22:39:04,682] {logging_mixin.py:103} INFO - Running <TaskInstance: tweets_by_user.get_tweets_by_user_list 2021-02-18T22:38:00+00:00 [running]> on host ip-172-31-3-59.ec2.internal
[2021-02-18 22:39:04,705] {taskinstance.py:1232} INFO - Exporting the following env vars:
AIRFLOW_CTX_DAG_EMAIL=airflow@example.com
AIRFLOW_CTX_DAG_OWNER=airflow
AIRFLOW_CTX_DAG_ID=tweets_by_user
AIRFLOW_CTX_TASK_ID=get_tweets_by_user_list
AIRFLOW_CTX_EXECUTION_DATE=2021-02-18T22:38:00+00:00
AIRFLOW_CTX_DAG_RUN_ID=scheduled__2021-02-18T22:38:00+00:00
[2021-02-18 22:39:04,707] {logging_mixin.py:103} INFO - Autenticação no twitter
[2021-02-18 22:39:04,722] {logging_mixin.py:103} INFO - Autenticação no banco de dados twitter_data
[2021-02-18 22:39:04,874] {logging_mixin.py:103} INFO - Autenticação no banco de dados twitter_data
[2021-02-18 22:39:05,371] {logging_mixin.py:103} INFO - 200
[2021-02-18 22:39:05,380] {logging_mixin.py:103} INFO - Autenticação no banco de dados twitter_data
[2021-02-18 22:39:05,524] {logging_mixin.py:103} INFO - Autenticação no banco de dados twitter_data
[2021-02-18 22:39:05,854] {logging_mixin.py:103} INFO - 400
[2021-02-18 22:39:05,863] {logging_mixin.py:103} INFO - Autenticação no banco de dados twitter_data
[2021-02-18 22:39:06,033] {logging_mixin.py:103} INFO - Autenticação no banco de dados twitter_data
[2021-02-18 22:39:06,571] {logging_mixin.py:103} INFO - 600
[2021-02-18 22:39:06,574] {logging_mixin.py:103} INFO - 0:00:01.868120
[2021-02-18 22:39:06,574] {logging_mixin.py:103} INFO - 600
[2021-02-18 22:39:08,529] {logging_mixin.py:103} INFO - 0:00:01.954964
[2021-02-18 22:39:08,571] {logging_mixin.py:103} INFO - Autenticação no banco de dados twitter_data
[2021-02-18 22:39:08,591] {logging_mixin.py:103} INFO - 0:00:00.061268
[2021-02-18 22:39:08,591] {logging_mixin.py:103} INFO - 600 devidamente inseridas no banco
[2021-02-18 22:39:08,593] {python.py:118} INFO - Done. Returned value was: None
[2021-02-18 22:39:08,596] {taskinstance.py:1142} INFO - Marking task as SUCCESS. dag_id=tweets_by_user, task_id=get_tweets_by_user_list, execution_date=20210218T223800, start_date=20210218T223904, end_date=20210218T223908
[2021-02-18 22:39:08,617] {taskinstance.py:1195} INFO - 1 downstream tasks scheduled from follow-on schedule check
[2021-02-18 22:39:08,634] {local_task_job.py:118} INFO - Task exited with return code 0
