[2021-02-18 22:35:30,048] {taskinstance.py:826} INFO - Dependencies all met for <TaskInstance: tweets_by_user.get_tweets_by_user_list 2021-02-17T00:12:00+00:00 [queued]>
[2021-02-18 22:35:30,058] {taskinstance.py:826} INFO - Dependencies all met for <TaskInstance: tweets_by_user.get_tweets_by_user_list 2021-02-17T00:12:00+00:00 [queued]>
[2021-02-18 22:35:30,063] {taskinstance.py:1017} INFO - 
--------------------------------------------------------------------------------
[2021-02-18 22:35:30,063] {taskinstance.py:1018} INFO - Starting attempt 1 of 2
[2021-02-18 22:35:30,063] {taskinstance.py:1019} INFO - 
--------------------------------------------------------------------------------
[2021-02-18 22:35:30,077] {taskinstance.py:1038} INFO - Executing <Task(PythonOperator): get_tweets_by_user_list> on 2021-02-17T00:12:00+00:00
[2021-02-18 22:35:30,079] {standard_task_runner.py:51} INFO - Started process 17616 to run task
[2021-02-18 22:35:30,090] {standard_task_runner.py:75} INFO - Running: ['airflow', 'tasks', 'run', 'tweets_by_user', 'get_tweets_by_user_list', '2021-02-17T00:12:00+00:00', '--job-id', '1084', '--pool', 'default_pool', '--raw', '--subdir', 'DAGS_FOLDER/tweets_by_user.py', '--cfg-path', '/tmp/tmpchthepy7']
[2021-02-18 22:35:30,098] {standard_task_runner.py:76} INFO - Job 1084: Subtask get_tweets_by_user_list
[2021-02-18 22:35:30,151] {logging_mixin.py:103} INFO - Running <TaskInstance: tweets_by_user.get_tweets_by_user_list 2021-02-17T00:12:00+00:00 [running]> on host ip-172-31-3-59.ec2.internal
[2021-02-18 22:35:30,188] {taskinstance.py:1232} INFO - Exporting the following env vars:
AIRFLOW_CTX_DAG_EMAIL=airflow@example.com
AIRFLOW_CTX_DAG_OWNER=airflow
AIRFLOW_CTX_DAG_ID=tweets_by_user
AIRFLOW_CTX_TASK_ID=get_tweets_by_user_list
AIRFLOW_CTX_EXECUTION_DATE=2021-02-17T00:12:00+00:00
AIRFLOW_CTX_DAG_RUN_ID=scheduled__2021-02-17T00:12:00+00:00
[2021-02-18 22:35:30,190] {logging_mixin.py:103} INFO - Autenticação no twitter
[2021-02-18 22:35:30,213] {logging_mixin.py:103} INFO - Autenticação no banco de dados twitter_data
[2021-02-18 22:35:30,383] {logging_mixin.py:103} INFO - Autenticação no banco de dados twitter_data
[2021-02-18 22:35:30,960] {logging_mixin.py:103} INFO - 200
[2021-02-18 22:35:30,968] {logging_mixin.py:103} INFO - Autenticação no banco de dados twitter_data
[2021-02-18 22:35:31,135] {logging_mixin.py:103} INFO - Autenticação no banco de dados twitter_data
[2021-02-18 22:35:31,551] {logging_mixin.py:103} INFO - 400
[2021-02-18 22:35:31,560] {logging_mixin.py:103} INFO - Autenticação no banco de dados twitter_data
[2021-02-18 22:35:31,699] {logging_mixin.py:103} INFO - Autenticação no banco de dados twitter_data
[2021-02-18 22:35:32,111] {logging_mixin.py:103} INFO - 600
[2021-02-18 22:35:32,114] {logging_mixin.py:103} INFO - 0:00:01.924931
[2021-02-18 22:35:32,114] {logging_mixin.py:103} INFO - 600
[2021-02-18 22:35:34,105] {logging_mixin.py:103} INFO - 0:00:01.990580
[2021-02-18 22:35:34,145] {logging_mixin.py:103} INFO - Autenticação no banco de dados twitter_data
[2021-02-18 22:35:34,167] {logging_mixin.py:103} INFO - 0:00:00.062135
[2021-02-18 22:35:34,167] {logging_mixin.py:103} INFO - 600 devidamente inseridas no banco
[2021-02-18 22:35:34,169] {python.py:118} INFO - Done. Returned value was: None
[2021-02-18 22:35:34,172] {taskinstance.py:1142} INFO - Marking task as SUCCESS. dag_id=tweets_by_user, task_id=get_tweets_by_user_list, execution_date=20210217T001200, start_date=20210218T223530, end_date=20210218T223534
[2021-02-18 22:35:34,193] {taskinstance.py:1195} INFO - 1 downstream tasks scheduled from follow-on schedule check
[2021-02-18 22:35:34,237] {local_task_job.py:118} INFO - Task exited with return code 0
